5 23 14 6 9 21 4 1 19 17 27 18 16 22 20 30 26 28 3 7 2 8 11 12 25 24 13 29 10 15 
6 13 20 18 25 26 14 7 11 24 3 28 16 8 2 10 9 17 5 27 4 30 19 21 29 22 15 12 23 1 
20 21 11 4 26 12 2 18 30 24 22 17 19 14 28 23 25 6 8 13 3 15 1 29 5 7 9 10 27 16 
29 1 25 5 23 7 15 13 30 11 20 21 3 22 12 4 19 10 2 28 18 14 27 9 16 17 26 6 24 8 
5 15 21 22 1 19 16 29 8 12 7 11 25 30 26 4 23 24 28 9 27 6 10 2 3 14 18 13 17 20 
7 29 3 2 10 9 28 30 8 5 25 11 17 14 23 24 6 19 27 22 21 12 4 18 15 1 16 13 20 26 
8 11 10 30 2 12 25 27 23 14 5 15 6 3 24 26 17 28 22 16 7 29 18 4 19 20 9 21 13 1 
24 4 1 30 17 14 22 5 11 2 26 18 21 10 6 7 3 25 15 9 16 23 28 29 13 20 27 12 19 8 
12 8 3 20 17 26 10 21 14 19 24 9 4 30 25 7 22 27 28 13 16 1 23 18 15 11 6 5 29 2 
19 6 3 2 1 9 27 25 5 28 15 21 13 29 20 14 17 10 7 16 24 18 8 11 26 30 12 23 4 22 
30 10 2 19 1 12 13 17 21 8 24 6 15 25 20 29 22 3 16 14 28 11 18 5 27 9 26 23 4 7 
22 26 9 14 23 24 13 15 18 5 12 4 11 17 19 16 29 1 7 10 30 2 20 27 28 21 8 25 3 6 
28 15 14 3 13 5 1 24 17 21 2 30 8 22 12 25 10 20 9 11 16 4 27 7 29 26 19 6 18 23 
25 29 3 12 4 11 2 17 9 30 13 20 18 27 6 15 28 10 23 22 14 16 1 19 24 8 5 26 7 21 
5 23 15 27 9 30 28 11 22 14 21 24 2 19 16 10 26 4 6 25 8 1 7 12 3 29 17 20 18 13 
9 16 10 26 18 15 23 24 21 7 28 25 29 13 3 27 20 19 5 17 14 2 30 6 1 11 8 4 22 12 
2 15 30 19 12 5 26 7 18 20 10 29 21 13 27 8 1 16 4 17 9 28 25 23 6 11 22 3 14 24 
2 10 28 1 23 3 20 24 11 21 17 6 18 30 8 9 26 4 15 29 14 25 27 5 22 19 13 12 7 16 
14 13 27 7 8 16 11 10 29 24 30 2 1 5 23 21 17 26 4 20 28 12 19 6 9 22 3 25 18 15 
14 10 13 2 22 3 18 25 12 1 4 20 29 9 5 17 30 11 27 16 8 23 26 28 15 21 19 24 7 6 
7 15 20 24 10 6 2 5 13 28 1 3 11 30 14 29 12 25 9 19 23 22 8 26 21 4 16 17 27 18 
10 5 18 6 14 23 20 11 12 19 27 15 16 30 8 25 21 22 7 4 29 28 2 24 3 13 17 1 26 9 
13 11 6 8 14 24 21 12 9 19 1 5 17 28 22 30 18 27 29 26 16 7 3 23 2 25 10 4 20 15 
17 8 26 6 18 22 23 9 10 19 16 24 3 11 21 27 25 12 28 7 1 30 5 29 20 2 4 13 15 14 
25 26 20 1 17 24 8 16 15 22 4 21 29 14 6 30 18 23 27 7 28 13 12 9 2 10 3 11 5 19 
3 29 24 23 25 16 20 2 10 8 1 18 5 11 7 9 15 27 28 19 14 17 22 26 12 4 13 30 6 21 
3 6 29 12 2 5 16 14 18 27 19 11 25 21 8 9 17 22 26 28 7 15 4 23 24 30 1 13 20 10 
27 25 21 29 7 23 28 24 6 8 19 9 3 30 5 1 26 10 15 22 13 11 18 17 14 2 20 12 16 4 
26 15 9 10 11 7 2 5 25 3 8 14 6 1 12 28 30 17 22 29 20 21 4 23 13 27 19 18 24 16 
4 24 13 1 9 3 5 7 10 8 28 26 19 17 21 15 23 12 18 14 27 2 20 25 11 30 22 16 6 29 
27 24 10 22 23 14 25 21 8 15 19 1 13 2 4 12 3 5 18 30 20 6 9 17 11 29 7 16 26 28 
15 21 5 26 1 17 18 12 9 30 14 28 2 3 29 10 22 19 13 7 4 23 8 16 25 6 20 27 24 11 
15 3 1 17 14 13 25 27 19 9 29 26 2 22 10 18 11 23 20 28 21 8 12 7 4 6 30 24 5 16 
20 22 28 19 5 16 12 24 21 6 25 2 4 26 9 27 17 29 18 30 1 14 11 3 8 7 10 15 23 13 
8 22 11 3 30 1 10 24 7 20 12 26 4 6 29 21 14 23 28 13 16 19 25 17 2 15 18 27 5 9 
24 2 29 7 1 21 5 9 6 22 16 3 18 14 28 23 11 26 25 19 4 27 12 15 13 17 8 30 10 20 
7 20 14 5 18 3 11 15 2 19 10 29 26 13 17 23 8 30 4 25 16 1 9 12 28 24 21 22 6 27 
13 9 15 20 11 7 3 6 17 5 1 23 22 30 4 25 8 19 10 14 28 16 26 12 2 27 21 18 29 24 
8 3 21 17 12 27 16 5 7 1 4 26 28 6 14 15 11 9 30 29 10 24 22 23 18 20 19 25 2 13 
22 10 27 13 28 29 19 24 3 17 11 18 9 16 8 6 5 14 7 4 20 12 2 1 23 21 30 26 15 25 
20 7 21 12 8 26 27 28 3 22 29 14 23 25 1 24 17 2 30 15 10 11 4 19 5 13 6 9 18 16 
9 6 23 4 30 13 24 22 29 28 7 11 12 8 17 18 15 10 19 26 27 16 2 14 20 1 25 21 5 3 
21 29 15 5 26 18 3 20 12 6 28 8 2 10 11 25 30 23 14 7 1 4 17 9 19 27 13 24 16 22 
12 19 28 18 21 1 30 26 5 25 17 9 13 6 4 14 2 15 7 23 27 3 16 22 24 8 29 11 20 10 
30 5 17 2 1 12 24 14 10 7 26 20 6 25 29 16 19 9 22 8 27 28 23 15 18 11 13 3 21 4 
24 28 16 21 13 23 26 7 27 6 2 10 22 25 8 19 5 17 29 20 9 12 3 11 4 18 14 1 15 30 
22 27 1 28 8 5 7 9 23 13 17 4 12 26 14 24 29 2 25 21 11 18 19 30 20 15 3 10 6 16 
18 20 17 15 10 28 13 2 26 25 14 16 9 19 6 11 22 7 27 1 5 4 23 12 8 29 24 3 21 30 
19 1 17 27 30 15 16 24 13 28 2 7 8 21 3 22 29 4 14 9 20 10 11 12 5 6 18 25 26 23 
19 28 17 11 6 8 9 10 26 2 16 20 15 23 18 22 1 13 30 12 27 7 3 25 4 24 14 5 29 21 
3 15 18 7 20 27 11 17 16 2 28 12 22 30 21 14 1 10 29 19 4 6 23 5 13 8 25 24 26 9 
15 18 3 6 19 21 16 9 10 8 20 27 2 22 11 29 1 14 23 28 13 4 12 17 26 30 25 24 5 7 
16 30 19 23 15 10 27 20 13 2 1 7 29 17 26 21 9 4 28 8 12 3 18 6 24 14 22 11 5 25 
3 12 9 26 18 28 25 13 19 15 8 11 5 30 21 27 2 24 14 6 7 1 10 29 20 4 22 16 17 23 
6 8 1 16 22 29 4 23 18 5 13 14 9 26 2 3 19 11 7 10 28 20 12 15 30 17 25 27 24 21 
3 5 18 24 28 17 8 2 6 11 10 16 22 25 19 7 4 15 29 21 23 9 12 14 20 27 1 13 26 30 
16 30 22 8 25 28 9 19 11 15 2 20 24 21 10 17 6 29 3 13 1 23 4 27 5 18 12 7 14 26 
27 19 25 4 22 16 5 29 18 7 1 3 21 30 6 8 24 23 15 14 12 20 2 10 13 11 28 9 17 26 
12 22 24 1 3 11 13 10 8 2 28 6 27 4 25 18 23 16 21 17 20 26 9 30 15 19 7 14 29 5 
27 6 19 3 12 26 15 9 1 22 16 24 20 10 25 2 17 5 18 14 23 13 28 21 11 29 30 7 8 4 
17 1 18 5 22 16 12 11 3 14 6 26 29 13 21 19 7 20 28 10 2 25 15 27 9 8 23 24 30 4 
29 23 1 22 26 30 16 21 24 2 28 5 25 11 8 20 12 13 17 14 6 18 10 3 15 19 7 4 27 9 
8 1 29 24 30 11 15 16 28 23 19 14 18 13 7 17 22 26 27 25 21 4 9 2 20 5 6 3 12 10 
7 5 4 9 2 3 19 10 28 13 24 23 22 30 17 12 14 16 1 21 29 20 18 27 15 25 6 11 26 8 
7 11 25 1 22 20 19 6 21 8 30 18 26 17 29 13 2 16 9 24 4 3 14 12 10 5 15 23 27 28 
5 25 28 27 11 26 8 6 30 14 16 22 20 7 23 24 18 15 21 17 10 29 3 13 4 9 12 1 2 19 
24 26 6 12 9 3 18 23 8 30 16 28 4 27 2 15 17 5 11 1 22 10 29 21 13 25 20 19 7 14 
28 17 2 10 7 1 8 26 22 21 13 19 18 30 20 24 12 15 5 27 29 14 23 6 25 9 11 4 3 16 
24 12 20 16 23 27 29 30 9 8 6 10 2 15 13 28 17 26 11 7 18 3 1 14 21 25 19 5 4 22 
27 9 18 15 19 3 11 28 21 2 5 13 1 24 30 22 6 10 12 16 20 29 7 14 8 17 25 23 26 4 
6 22 15 7 8 2 27 14 26 11 20 5 10 24 19 30 9 17 28 16 13 1 29 4 21 23 12 18 25 3 
20 30 26 8 11 5 4 12 16 27 7 28 10 19 6 22 14 3 17 2 23 25 29 1 21 24 15 13 9 18 
23 2 30 25 10 24 1 12 17 20 9 8 7 19 29 22 13 11 4 18 14 6 28 5 21 26 15 27 3 16 
20 4 24 9 13 11 5 8 2 16 26 18 12 25 30 21 19 22 3 14 6 1 17 29 15 23 28 10 27 7 
4 7 3 19 1 24 28 29 2 14 10 26 23 27 18 6 9 8 5 13 15 22 12 11 30 17 21 16 25 20 
13 6 30 20 15 4 19 26 11 18 23 10 24 9 1 8 3 7 16 14 2 28 17 27 5 22 25 29 12 21 
20 16 30 8 6 12 10 18 25 3 15 1 22 27 5 11 23 24 19 2 4 17 14 28 9 26 7 29 21 13 
28 14 2 10 26 1 21 9 15 19 4 11 23 13 30 20 6 3 27 24 16 8 18 25 29 22 12 5 7 17 
3 23 18 27 14 7 25 5 4 16 17 21 8 11 10 29 15 9 20 24 12 30 13 28 6 19 2 1 22 26 
17 2 19 9 22 18 23 21 15 26 3 1 14 20 13 16 12 6 7 4 29 30 10 24 27 5 8 25 28 11 
18 20 5 2 22 19 25 13 11 28 23 7 26 30 3 6 29 16 4 1 15 12 14 24 21 9 17 27 8 10 
14 29 9 16 27 8 15 10 17 13 3 18 1 11 6 28 22 5 23 25 2 24 7 20 19 21 4 30 12 26 
14 25 20 11 12 26 22 24 19 17 9 15 30 21 10 27 5 2 23 4 8 18 16 6 7 28 3 1 13 29 
28 27 29 8 13 22 15 23 20 1 24 5 17 9 4 7 3 25 12 19 2 26 11 14 6 30 10 18 16 21 
10 7 11 24 8 2 28 30 6 15 27 9 18 29 16 19 12 26 23 14 25 3 20 5 4 1 21 22 17 13 
6 3 14 30 23 12 4 18 16 7 2 27 15 24 19 17 26 11 21 25 1 13 5 9 20 22 28 29 10 8 
13 24 8 4 11 6 2 27 1 21 22 9 28 23 7 30 12 16 19 29 18 5 20 3 10 15 26 17 14 25 
13 11 6 3 2 5 25 30 7 14 9 1 10 24 8 19 29 23 4 17 18 27 21 15 28 20 26 16 12 22 
16 21 18 22 27 30 19 8 6 28 25 9 13 29 3 24 2 10 5 17 11 26 23 15 14 20 4 1 12 7 
26 23 22 12 3 30 29 27 7 17 6 28 25 2 14 19 10 18 11 9 13 1 21 16 8 20 5 24 4 15 
28 19 21 22 7 1 9 17 15 8 27 3 12 11 16 5 30 24 25 29 10 2 20 26 6 4 18 23 13 14 
29 24 22 26 20 12 13 27 4 6 8 10 30 23 9 19 2 1 17 14 28 5 18 21 25 3 15 11 16 7 
12 13 29 16 23 10 8 19 14 24 7 4 11 2 25 6 18 15 21 28 17 20 5 1 27 3 22 30 26 9 
5 19 28 21 13 12 30 27 11 16 8 22 3 10 25 9 24 7 26 17 15 6 4 18 14 1 2 29 23 20 
11 26 16 15 10 23 18 14 27 24 2 1 3 5 12 8 28 20 6 29 22 17 9 19 4 30 7 21 13 25 
26 2 22 12 10 24 8 14 5 13 15 27 20 6 21 25 3 28 16 17 4 19 29 1 30 7 23 9 18 11 
19 20 13 28 24 25 10 3 17 12 9 4 27 2 5 15 18 16 6 7 14 21 8 23 1 26 30 11 29 22 
5 9 20 16 18 8 23 28 30 29 10 27 1 12 3 17 22 4 13 21 14 11 24 7 26 6 15 25 2 19 
15 9 11 5 23 4 10 25 13 14 22 20 21 24 29 8 1 26 17 16 27 3 6 12 18 7 2 19 28 30 
4 12 29 17 20 22 2 8 7 25 28 26 5 19 9 11 24 21 16 18 13 3 14 30 10 1 15 27 23 6 
