79 214748647 4678
79 4678 5410
4678 214748647 6111
811 4678 6439
1139 4678 6620
1320 4678 7132
1320 4166 7220
1408 4166 7426
5379 214748647 11743
4166 4678 11824
1408 3960 11921
4678 5379 12160
5379 9696 13481
4917 5379 13529
79 811 13741
1505 3960 14902
2666 3960 15496
2666 3366 15639
5379 8375 16043
5783 8375 17327
811 1139 17331
7067 8375 17568
1505 2666 18133
2666 3223 18360
4678 4917 18438
3366 3960 18682
2101 2666 18739
79 291 18795
7304 8375 18876
4917 5331 19027
2101 2609 19213
8375 9696 19461
3960 4166 19518
7304 8294 19958
2287 2609 20002
2331 2609 20100
8375 9448 20342
1505 2101 20470
5180 5331 20477
9206 9448 20481
2666 2996 20519
7304 7854 20637
8375 9206 20728
1139 1320 20809
3960 4109 20872
1320 1408 20884
4756 4917 20917
5783 7067 21039
1633 2101 21137
9448 9696 21185
1139 1239 21207
7854 8294 21406
2704 2996 21486
5379 5783 21675
3366 3610 21715
7067 7304 21822
2101 2287 21875
7854 8053 21928
9696 214748647 22080
2996 3223 22163
4166 4597 22345
5783 6945 22527
1139 1217 22529
811 1135 22545
3610 3960 22622
235 291 22641
8375 9115 23010
8375 8744 23093
5965 6945 23537
9115 9206 23542
4917 5180 23565
8375 8661 23626
4166 4348 23714
1332 1408 23751
3610 3687 23778
4789 4917 23789
5187 5331 23821
1731 2101 23994
9444 9448 23995
5568 5783 24031
9696 9848 24100
7304 7736 24226
1320 1332 24227
2784 2996 24314
3406 3610 24380
4166 4254 24404
3687 3960 24470
5379 5568 24555
2871 2996 24566
1505 1633 24599
9448 9648 24673
9696 9765 24696
291 811 24726
4109 4166 24752
3223 3366 24789
4597 4678 24827
2784 2871 24830
5965 6501 25033
5604 5783 25095
2882 2996 25096
3366 3406 25106
2996 3079 25121
7610 7736 25125
7610 7732 25144
4348 4597 25148
8744 9115 25288
6501 6945 25485
4635 4678 25491
2429 2609 25520
8661 8744 25551
827 1135 25583
291 781 25615
7907 7907 25615
6501 6748 25686
8294 8375 25695
5604 5666 25720
4352 4597 25721
79 235 25765
827 1103 25778
4800 4917 25808
7907 8053 25852
9522 9648 25864
4353 4597 25982
323 781 26086
9448 9522 26116
2609 2666 26140
6748 6945 26236
3687 3894 26266
3260 3366 26318
5965 6168 26418
6168 6501 26552
840 1103 26641
1731 1928 26718
1135 1139 26719
1731 1808 26735
4917 5157 26773
5666 5783 26824
6572 6748 26835
2331 2429 26856
1808 1928 26875
8375 8600 26905
5187 5299 26940
9206 9444 26964
4955 5157 27011
9534 9648 27039
8053 8294 27110
6849 6945 27157
3472 3610 27197
8884 9115 27305
3079 3223 27375
4353 4471 27405
5157 5180 27411
1827 1928 27415
9115 9201 27434
9848 214748647 27546
7629 7732 27579
4348 4348 27579
6501 6572 27610
2429 2458 27619
3512 3610 27648
123 235 27697
2996 3064 27725
6748 6849 27730
1103 1135 27736
6849 6898 27755
4641 4678 27767
8223 8294 27795
1408 1505 27817
3406 3472 27839
2996 3024 27846
7174 7304 27847
323 427 27873
9007 9115 27874
8303 8375 27906
5604 5641 27923
6879 6898 27925
781 811 27937
6849 6879 27938
3960 4046 27941
5783 5965 27950
3637 3637 27950
5331 5379 27957
7175 7304 28006
8744 8884 28017
427 781 28056
323 349 28067
3717 3894 28130
6501 6501 28130
2429 2429 28130
3687 3717 28139
3149 3223 28175
1747 1808 28181
-214748647 79 28199
2458 2609 28254
5483 5568 28290
3780 3894 28309
5732 5783 28316
6583 6748 28349
840 1014 28388
466 781 28441
5222 5299 28451
9478 9522 28473
61 79 28482
6501 6532 28490
1928 2101 28533
6898 6945 28538
4678 4756 28553
4254 4348 28564
9230 9444 28568
9230 9440 28632
9376 9440 28640
4756 4789 28653
6748 6844 28678
1217 1239 28683
3963 4046 28692
235 272 28695
2882 2995 28730
5621 5641 28731
6168 6367 28808
4597 4635 28821
2704 2784 28826
4140 4166 28832
4666 4678 28835
9008 9115 28846
2609 2642 28851
2704 2779 28884
3312 3366 28910
2352 2429 28928
8266 8294 28932
3149 3185 28937
6245 6367 28978
8744 8755 28983
1239 1320 29000
9742 9765 29007
2704 2737 29018
9019 9115 29040
7304 7610 29069
2458 2513 29088
3079 3149 29099
9384 9440 29124
6367 6501 29126
4800 4887 29131
5331 5372 29135
4471 4597 29158
9448 9478 29166
7907 8009 29213
2513 2609 29255
6945 7067 29289
466 728 29406
9765 9848 29422
186 235 29432
1928 1971 29433
6979 7067 29440
583 728 29451
4955 5110 29492
8009 8053 29510
9848 9960 29526
3963 4037 29541
3637 3687 29557
2513 2555 29566
6903 6945 29573
2458 2477 29574
2787 2871 29609
4109 4140 29619
4046 4109 29645
9781 9848 29649
9206 9230 29656
9230 9376 29711
9019 9093 29718
8884 9007 29764
466 583 29778
6068 6168 29810
4996 5110 29847
5222 5289 29851
6532 6572 29870
1971 2101 29917
5187 5222 29934
5033 5110 29950
2555 2609 29973
8661 8692 29985
7304 7581 30010
272 291 30016
840 975 30074
1141 1217 30084
9448 9470 30094
8661 8673 30095
4789 4800 30098
4119 4119 30098
6367 6499 30118
9620 9620 30118
2411 2429 30124
2417 2429 30125
6367 6479 30142
5331 5368 30156
1971 2018 30173
7736 7854 30226
8755 8884 30282
8053 8223 30344
6068 6136 30367
1256 1320 30388
1633 1731 30414
2779 2784 30416
8375 8570 30497
1222 1239 30504
1129 1135 30506
4887 4917 30518
186 196 30521
6945 6979 30527
349 427 30562
4597 4622 30574
6616 6748 30588
7329 7581 30607
9500 9522 30610
6903 6938 30619
6136 6168 30623
7224 7304 30638
6773 6844 30650
5666 5732 30679
7067 7174 30726
5379 5483 30742
9115 9182 30755
4800 4882 30764
8294 8303 30765
2715 2737 30770
4190 4254 30796
5345 5368 30807
7304 7329 30809
3090 3149 30825
3149 3180 30831
6168 6245 30867
2287 2331 30882
898 975 30914
3541 3610 30925
2960 2995 30934
1505 1600 30966
3717 3780 30986
2787 2836 31006
349 384 31020
5732 5776 31027
1014 1103 31050
3133 3149 31052
1430 1505 31088
9848 9944 31100
8570 8600 31115
6168 6204 31122
2331 2352 31126
6204 6245 31132
7854 7907 31152
8266 8290 31153
1988 2018 31164
7662 7732 31171
2018 2101 31176
7581 7610 31186
7954 8009 31205
1747 1802 31211
6630 6748 31234
9860 9944 31250
8053 8115 31264
5222 5285 31282
6367 6462 31293
7327 7327 31293
7629 7662 31301
9522 9534 31302
7329 7562 31367
4996 5033 31373
1037 1103 31384
6630 6725 31419
5187 5205 31422
975 1014 31436
1037 1048 31441
5568 5604 31447
8692 8744 31460
4899 4917 31464
2477 2513 31466
9534 9620 31476
8600 8661 31482
8456 8570 31519
1239 1256 31527
4022 4037 31531
2882 2960 31533
5519 5568 31551
79 123 31554
4471 4574 31602
6986 7067 31618
3717 3760 31633
9230 9321 31664
6551 6572 31674
9960 214748647 31696
6168 6197 31707
2287 2302 31711
4337 4348 31715
5965 6068 31720
3894 3960 31745
8375 8456 31779
1753 1802 31783
1808 1827 31792
9182 9201 31801
840 898 31828
2882 2958 31855
61 70 31856
8828 8884 31868
8692 8731 31873
4254 4337 31900
7067 7127 31924
9290 9321 31932
7175 7224 31934
5783 5956 32010
7789 7854 32032
480 583 32074
1138 1138 32074
4789 4797 32075
5110 5157 32085
2882 2909 32094
5695 5732 32108
8422 8456 32116
5695 5718 32121
2154 2287 32150
1929 1971 32160
8456 8533 32176
583 717 32181
7394 7562 32220
8375 8422 32233
5783 5880 32270
2737 2779 32272
8009 8009 32272
7394 7523 32304
5379 5467 32338
8101 8115 32343
1332 1371 32347
8961 9007 32353
2555 2578 32361
4669 4678 32365
2154 2258 32410
7811 7854 32427
9115 9169 32432
5519 5550 32438
2018 2096 32442
7874 7907 32447
1151 1217 32471
8115 8223 32481
8673 8692 32490
1831 1928 32517
6286 6367 32528
9500 9519 32534
6903 6929 32538
6245 6286 32544
2213 2258 32564
5970 6068 32593
79 120 32594
1537 1600 32614
6140 6168 32615
9742 9758 32623
1408 1430 32628
9785 9848 32636
3671 3687 32640
427 466 32647
7329 7394 32663
5598 5604 32664
9785 9840 32680
2563 2578 32685
9544 9620 32692
4353 4441 32734
9620 9648 32738
8115 8213 32757
9321 9376 32772
4955 4996 32779
9742 9750 32782
5880 5956 32795
2018 2092 32803
9115 9164 32818
427 434 32819
4641 4666 32828
1757 1802 32833
6039 6068 32844
8828 8872 32845
3696 3717 32847
6773 6832 32866
1818 1818 32866
1827 1831 32867
8267 8290 32872
6665 6725 32895
6039 6057 32904
272 285 32909
123 186 32940
7874 7902 32945
2642 2666 32949
3919 3960 32965
4955 4955 32965
2026 2092 32973
6832 6844 32976
6297 6367 33002
3960 3963 33003
4254 4310 33014
8517 8533 33021
1193 1217 33024
2302 2331 33025
1048 1103 33049
9470 9478 33051
8223 8266 33057
2732 2732 33057
349 363 33061
8009 8035 33070
1371 1408 33073
4353 4395 33083
1222 1232 33087
8343 8375 33097
5345 5356 33101
7669 7732 33102
4526 4574 33116
5467 5467 33116
5049 5110 33118
5379 5433 33123
4166 4190 33130
6091 6136 33132
4265 4310 33136
7610 7629 33139
8755 8828 33167
4917 4955 33173
5331 5345 33178
4693 4756 33208
4693 4726 33224
7103 7127 33233
9149 9164 33238
3637 3637 33238
8353 8375 33242
5356 5368 33245
6479 6499 33253
1103 1129 33258
384 427 33278
3149 3174 33286
9445 9445 33286
2986 2986 33286
353 353 33286
4183 4190 33287
3610 3637 33293
6986 7051 33314
975 1000 33315
6341 6367 33323
1000 1014 33328
4083 4109 33333
3963 4022 33338
2154 2213 33362
2807 2836 33364
2578 2609 33370
7067 7103 33383
4540 4574 33391
4310 4337 33395
427 433 33396
9415 9440 33406
7811 7828 33409
9230 9290 33412
793 811 33419
522 583 33441
5222 5267 33457
4669 4669 33457
5384 5433 33462
7239 7304 33464
1299 1320 33467
7304 7327 33473
1430 1469 33483
3406 3450 33484
285 291 33486
353 363 33490
5893 5956 33517
8303 8343 33529
9551 9620 33545
80 120 33547
4923 4955 33550
7224 7239 33552
9860 9928 33562
3616 3637 33566
7828 7854 33578
2034 2092 33592
9765 9781 33597
8053 8101 33613
8035 8053 33615
2258 2287 33619
6938 6945 33620
8726 8726 33620
9233 9290 33635
6929 6938 33636
4471 4526 33651
9298 9321 33661
6849 6878 33662
7127 7174 33665
2213 2238 33667
1929 1961 33676
5525 5550 33686
9290 9298 33688
5535 5550 33689
8267 8285 33690
2034 2078 33712
8388 8422 33718
7669 7731 33722
867 898 33736
3780 3875 33753
2809 2836 33758
8872 8884 33760
5299 5331 33767
3079 3090 33770
9115 9149 33778
1196 1217 33788
3512 3512 33788
6665 6665 33788
7954 7990 33792
8394 8422 33793
6297 6341 33813
1901 1928 33818
9472 9478 33819
1505 1537 33827
8388 8394 33828
7112 7127 33835
1108 1129 33838
728 781 33843
1762 1802 33860
8755 8800 33882
4726 4756 33891
1831 1901 33905
2614 2642 33909
3003 3024 33917
4441 4471 33925
9321 9336 33932
6048 6057 33935
4926 4955 33947
5783 5820 33962
4574 4597 33971
2909 2958 33987
881 898 33991
4809 4882 34015
9248 9290 34016
7112 7120 34018
8223 8260 34032
8037 8037 34032
5483 5519 34035
3512 3541 34044
561 583 34050
3223 3260 34051
867 881 34053
5893 5929 34070
7239 7302 34083
522 561 34087
8744 8749 34088
6572 6583 34089
-214748647 61 34117
4353 4385 34133
5049 5108 34154
5483 5516 34163
4899 4913 34169
5820 5880 34171
155 186 34182
733 781 34190
9093 9115 34193
5929 5956 34199
6748 6773 34205
80 82 34206
3963 4017 34231
9201 9206 34232
2715 2732 34240
1321 1332 34243
4083 4088 34245
8037 8053 34249
155 175 34257
5433 5467 34270
583 712 34303
7736 7789 34329
167 167 34329
8884 8961 34358
2154 2189 34373
2189 2213 34382
2303 2331 34384
7394 7491 34390
9233 9248 34392
123 155 34401
1537 1580 34416
9473 9478 34418
5970 6039 34444
1552 1580 34446
8115 8194 34472
1469 1505 34482
6487 6499 34485
5732 5769 34502
5912 5929 34503
2836 2871 34505
7400 7491 34528
9230 9233 34529
4348 4352 34530
2154 2174 34538
5822 5880 34565
4265 4306 34583
6583 6616 34592
3224 3260 34604
2704 2715 34605
8456 8517 34617
3780 3858 34652
2666 2666 34652
2215 2238 34658
4709 4726 34666
4809 4858 34668
7562 7581 34672
6367 6451 34683
1659 1731 34684
679 712 34689
3823 3858 34703
5880 5893 34704
5180 5187 34707
5519 5519 34707
5299 5324 34713
5535 5549 34717
9928 9944 34720
3512 3521 34722
3671 3683 34726
6773 6813 34739
2018 2026 34741
357 363 34742
8053 8085 34747
4540 4566 34754
2101 2154 34756
840 867 34757
6725 6725 34757
9860 9870 34761
9248 9289 34763
2732 2737 34764
8343 8353 34766
9123 9149 34767
4769 4769 34767
4882 4887 34769
3780 3823 34790
7879 7902 34792
7736 7762 34804
2189 2204 34805
9620 9644 34814
1042 1042 34814
733 773 34833
5822 5849 34839
684 712 34848
7468 7491 34856
5205 5222 34862
8749 8755 34864
5222 5251 34868
2103 2154 34884
9384 9415 34892
6979 6986 34893
8141 8194 34911
2138 2154 34912
4726 4747 34920
6986 7007 34928
7762 7789 34934
9169 9182 34939
5289 5299 34940
7954 7986 34952
583 679 34970
7400 7468 34995
4809 4856 35004
480 522 35015
8828 8871 35026
7425 7468 35039
7879 7900 35043
196 235 35057
6367 6440 35063
4955 4989 35072
8422 8430 35074
7051 7067 35078
8009 8009 35078
5970 5996 35089
1048 1079 35097
867 879 35102
6367 6434 35131
7067 7090 35139
2335 2352 35147
1762 1785 35158
2429 2438 35161
1440 1469 35169
2154 2166 35170
6754 6773 35173
3858 3875 35179
827 840 35183
6725 6725 35183
1929 1929 35183
6179 6197 35185
2513 2522 35187
1430 1440 35188
9567 9620 35194
3338 3366 35198
2732 2732 35198
4395 4441 35202
1906 1928 35212
9311 9321 35217
4610 4622 35218
1529 1537 35219
9770 9781 35224
561 567 35226
3024 3064 35243
434 466 35256
6879 6896 35258
8080 8085 35259
3894 3919 35262
6903 6925 35266
781 793 35268
1469 1495 35272
35272
