79 10000000 4678 4678
79 4678 5410 811
4678 10000000 6111 5379
811 4678 6439 1139
1139 4678 6620 1320
1320 4678 7132 4166
1320 4166 7220 1408
1408 4166 7426 3960
5379 10000000 11743 9696
4166 4678 11824 4597
1408 3960 11921 1505
4678 5379 12160 4917
5379 9696 13481 8375
4917 5379 13529 5331
79 811 13741 291
1505 3960 14902 2666
2666 3960 15496 3366
2666 3366 15639 3223
5379 8375 16043 5783
5783 8375 17327 7067
811 1139 17331 1135
7067 8375 17568 7304
1505 2666 18133 2101
2666 3223 18360 2996
4678 4917 18438 4756
3366 3960 18682 3610
2101 2666 18739 2609
79 291 18795 235
7304 8375 18876 8294
4917 5331 19027 5180
2101 2609 19213 2287
8375 9696 19461 9448
3960 4166 19518 4109
7304 8294 19958 7854
2287 2609 20002 2331
2331 2609 20100 2429
8375 9448 20342 9206
1505 2101 20470 1633
5180 5331 20477 5187
9206 9448 20481 9444
2666 2996 20519 2704
7304 7854 20637 7736
8375 9206 20728 9115
1139 1320 20809 1239
3960 4109 20872 4046
1320 1408 20884 1332
4756 4917 20917 4789
5783 7067 21039 6945
1633 2101 21137 1731
9448 9696 21185 9648
1139 1239 21207 1217
7854 8294 21406 8053
2704 2996 21486 2784
5379 5783 21675 5568
3366 3610 21715 3406
7067 7304 21822 7174
2101 2287 21875 2154
7854 8053 21928 7907
9696 10000000 22080 9848
2996 3223 22163 3079
4166 4597 22345 4348
5783 6945 22527 5965
1139 1217 22529 1141
811 1135 22545 827
3610 3960 22622 3687
235 291 22641 272
8375 9115 23010 8744
8375 8744 23093 8661
5965 6945 23537 6501
9115 9206 23542 9201
4917 5180 23565 5157
8375 8661 23626 8600
4166 4348 23714 4254
1332 1408 23751 1371
3610 3687 23778 3637
4789 4917 23789 4800
5187 5331 23821 5299
1731 2101 23994 1928
9444 9448 23995 9445
5568 5783 24031 5604
9696 9848 24100 9765
7304 7736 24226 7610
1320 1332 24227 1321
2784 2996 24314 2871
3406 3610 24380 3472
4166 4254 24404 4190
3687 3960 24470 3894
5379 5568 24555 5483
2871 2996 24566 2882
1505 1633 24599 1600
9448 9648 24673 9522
9696 9765 24696 9742
291 811 24726 781
4109 4166 24752 4140
3223 3366 24789 3260
4597 4678 24827 4635
2784 2871 24830 2787
5965 6501 25033 6168
5604 5783 25095 5666
2882 2996 25096 2995
3366 3406 25106 3396
2996 3079 25121 3064
7610 7736 25125 7732
7610 7732 25144 7629
4348 4597 25148 4352
8744 9115 25288 8884
6501 6945 25485 6748
4635 4678 25491 4641
2429 2609 25520 2458
8661 8744 25551 8692
827 1135 25583 1103
291 781 25615 323
7907 7907 25615 7907
6501 6748 25686 6572
8294 8375 25695 8303
5604 5666 25720 5641
4352 4597 25721 4353
79 235 25765 123
827 1103 25778 840
4800 4917 25808 4887
7907 8053 25852 8009
9522 9648 25864 9534
4353 4597 25982 4471
323 781 26086 427
9448 9522 26116 9478
2609 2666 26140 2642
6748 6945 26236 6849
3687 3894 26266 3717
3260 3366 26318 3312
5965 6168 26418 6068
6168 6501 26552 6367
840 1103 26641 1014
1731 1928 26718 1808
1135 1139 26719 1138
1731 1808 26735 1747
4917 5157 26773 4955
5666 5783 26824 5732
6572 6748 26835 6583
2331 2429 26856 2352
1808 1928 26875 1827
8375 8600 26905 8570
5187 5299 26940 5222
9206 9444 26964 9230
4955 5157 27011 5110
9534 9648 27039 9620
8053 8294 27110 8223
6849 6945 27157 6898
3472 3610 27197 3512
8884 9115 27305 9007
3079 3223 27375 3149
4353 4471 27405 4441
5157 5180 27411 5174
1827 1928 27415 1831
9115 9201 27434 9182
9848 10000000 27546 9960
7629 7732 27579 7662
4348 4348 27579 4348
6501 6572 27610 6532
2429 2458 27619 2438
3512 3610 27648 3541
123 235 27697 186
2996 3064 27725 3024
6748 6849 27730 6844
1103 1135 27736 1129
6849 6898 27755 6879
4641 4678 27767 4666
8223 8294 27795 8266
1408 1505 27817 1430
3406 3472 27839 3450
2996 3024 27846 3003
7174 7304 27847 7175
323 427 27873 349
9007 9115 27874 9008
8303 8375 27906 8343
5604 5641 27923 5621
6879 6898 27925 6896
781 811 27937 793
6849 6879 27938 6878
3960 4046 27941 3963
5783 5965 27950 5956
3637 3637 27950 3637
5331 5379 27957 5372
7175 7304 28006 7224
8744 8884 28017 8755
427 781 28056 466
323 349 28067 338
3717 3894 28130 3780
6501 6501 28130 6501
2429 2429 28130 2429
3687 3717 28139 3696
3149 3223 28175 3185
1747 1808 28181 1802
10000000 79 28199 61
2458 2609 28254 2513
5483 5568 28290 5519
3780 3894 28309 3875
5732 5783 28316 5776
6583 6748 28349 6616
840 1014 28388 975
466 781 28441 728
5222 5299 28451 5289
9478 9522 28473 9500
61 79 28482 70
6501 6532 28490 6524
1928 2101 28533 1971
6898 6945 28538 6903
4678 4756 28553 4693
4254 4348 28564 4337
9230 9444 28568 9440
9230 9440 28632 9376
9376 9440 28640 9384
4756 4789 28653 4769
6748 6844 28678 6773
1217 1239 28683 1222
3963 4046 28692 4037
235 272 28695 269
2882 2995 28730 2960
5621 5641 28731 5622
6168 6367 28808 6245
4597 4635 28821 4622
2704 2784 28826 2779
4140 4166 28832 4146
4666 4678 28835 4669
9008 9115 28846 9019
2609 2642 28851 2614
2704 2779 28884 2737
3312 3366 28910 3338
2352 2429 28928 2411
8266 8294 28932 8290
3149 3185 28937 3180
6245 6367 28978 6286
8744 8755 28983 8749
1239 1320 29000 1256
9742 9765 29007 9758
2704 2737 29018 2715
9019 9115 29040 9093
7304 7610 29069 7581
2458 2513 29088 2477
3079 3149 29099 3090
9384 9440 29124 9415
6367 6501 29126 6499
4800 4887 29131 4882
5331 5372 29135 5368
4471 4597 29158 4574
9448 9478 29166 9470
7907 8009 29213 7954
2513 2609 29255 2555
6945 7067 29289 6979
466 728 29406 583
9765 9848 29422 9781
186 235 29432 196
1928 1971 29433 1929
6979 7067 29440 6986
583 728 29451 717
4955 5110 29492 4996
8009 8053 29510 8035
9848 9960 29526 9944
3963 4037 29541 4022
3637 3687 29557 3671
2513 2555 29566 2522
6903 6945 29573 6938
2458 2477 29574 2476
2787 2871 29609 2836
4109 4140 29619 4119
4046 4109 29645 4083
9781 9848 29649 9785
9206 9230 29656 9213
9230 9376 29711 9321
9019 9093 29718 9086
8884 9007 29764 8961
466 583 29778 480
6068 6168 29810 6136
4996 5110 29847 5033
5222 5289 29851 5285
6532 6572 29870 6551
1971 2101 29917 2018
5187 5222 29934 5205
5033 5110 29950 5049
2555 2609 29973 2578
8661 8692 29985 8673
7304 7581 30010 7329
272 291 30016 285
840 975 30074 898
1141 1217 30084 1151
9448 9470 30094 9458
8661 8673 30095 8672
4789 4800 30098 4797
4119 4119 30098 4119
6367 6499 30118 6479
9620 9620 30118 9620
2411 2429 30124 2417
2417 2429 30125 2418
6367 6479 30142 6462
5331 5368 30156 5345
1971 2018 30173 1988
7736 7854 30226 7789
8755 8884 30282 8828
8053 8223 30344 8115
6068 6136 30367 6091
1256 1320 30388 1299
1633 1731 30414 1659
2779 2784 30416 2782
8375 8570 30497 8456
1222 1239 30504 1232
1129 1135 30506 1131
4887 4917 30518 4899
186 196 30521 189
6945 6979 30527 6973
349 427 30562 384
4597 4622 30574 4610
6616 6748 30588 6630
7329 7581 30607 7562
9500 9522 30610 9519
6903 6938 30619 6929
6136 6168 30623 6140
7224 7304 30638 7239
6773 6844 30650 6832
5666 5732 30679 5695
7067 7174 30726 7127
5379 5483 30742 5467
9115 9182 30755 9169
4800 4882 30764 4809
8294 8303 30765 8295
2715 2737 30770 2732
4190 4254 30796 4228
5345 5368 30807 5356
7304 7329 30809 7327
3090 3149 30825 3133
3149 3180 30831 3174
6168 6245 30867 6204
2287 2331 30882 2302
898 975 30914 943
3541 3610 30925 3599
2960 2995 30934 2986
1505 1600 30966 1537
3717 3780 30986 3760
2787 2836 31006 2807
349 384 31020 363
5732 5776 31027 5769
1014 1103 31050 1037
3133 3149 31052 3135
1430 1505 31088 1469
9848 9944 31100 9860
8570 8600 31115 8585
6168 6204 31122 6197
2331 2352 31126 2335
6204 6245 31132 6239
7854 7907 31152 7874
8266 8290 31153 8267
1988 2018 31164 1999
7662 7732 31171 7669
2018 2101 31176 2096
7581 7610 31186 7591
7954 8009 31205 7990
1747 1802 31211 1753
6630 6748 31234 6725
9860 9944 31250 9928
8053 8115 31264 8101
5222 5285 31282 5267
6367 6462 31293 6451
7327 7327 31293 7327
7629 7662 31301 7637
9522 9534 31302 9523
7329 7562 31367 7394
4996 5033 31373 5027
1037 1103 31384 1048
6630 6725 31419 6665
5187 5205 31422 5202
975 1014 31436 1000
1037 1048 31441 1042
5568 5604 31447 5598
8692 8744 31460 8731
4899 4917 31464 4913
2477 2513 31466 2479
9534 9620 31476 9544
8600 8661 31482 8606
8456 8570 31519 8533
1239 1256 31527 1248
4022 4037 31531 4033
2882 2960 31533 2958
5519 5568 31551 5550
79 123 31554 120
4471 4574 31602 4526
6986 7067 31618 7051
3717 3760 31633 3745
9230 9321 31664 9290
6551 6572 31674 6561
9960 10000000 31696 9982
6168 6197 31707 6179
2287 2302 31711 2298
4337 4348 31715 4344
5965 6068 31720 5970
3894 3960 31745 3919
8375 8456 31779 8422
1753 1802 31783 1757
1808 1827 31792 1818
9182 9201 31801 9192
840 898 31828 867
2882 2958 31855 2909
61 70 31856 62
8828 8884 31868 8872
8692 8731 31873 8726
4254 4337 31900 4310
7067 7127 31924 7103
9290 9321 31932 9298
7175 7224 31934 7222
5783 5956 32010 5880
7789 7854 32032 7811
480 583 32074 522
1138 1138 32074 1138
4789 4797 32075 4790
5110 5157 32085 5120
2882 2909 32094 2891
5695 5732 32108 5718
8422 8456 32116 8430
5695 5718 32121 5700
2154 2287 32150 2258
1929 1971 32160 1961
8456 8533 32176 8517
583 717 32181 712
7394 7562 32220 7523
8375 8422 32233 8388
5783 5880 32270 5820
2737 2779 32272 2739
8009 8009 32272 8009
7394 7523 32304 7491
5379 5467 32338 5433
8101 8115 32343 8106
1332 1371 32347 1367
8961 9007 32353 8967
2555 2578 32361 2563
4669 4678 32365 4674
2154 2258 32410 2213
7811 7854 32427 7828
9115 9169 32432 9164
5519 5550 32438 5525
2018 2096 32442 2092
7874 7907 32447 7902
1151 1217 32471 1193
8115 8223 32481 8213
8673 8692 32490 8683
1831 1928 32517 1901
6286 6367 32528 6297
9500 9519 32534 9513
6903 6929 32538 6925
6245 6286 32544 6280
2213 2258 32564 2238
5970 6068 32593 6039
79 120 32594 80
1537 1600 32614 1580
6140 6168 32615 6141
9742 9758 32623 9750
1408 1430 32628 1425
9785 9848 32636 9840
3671 3687 32640 3683
427 466 32647 434
7329 7394 32663 7378
5598 5604 32664 5603
9785 9840 32680 9801
2563 2578 32685 2573
9544 9620 32692 9551
4353 4441 32734 4395
9620 9648 32738 9644
8115 8213 32757 8194
9321 9376 32772 9336
4955 4996 32779 4989
9742 9750 32782 9745
5880 5956 32795 5893
2018 2092 32803 2026
9115 9164 32818 9149
427 434 32819 433
4641 4666 32828 4650
1757 1802 32833 1762
6039 6068 32844 6057
8828 8872 32845 8871
3696 3717 32847 3715
6773 6832 32866 6813
1818 1818 32866 1818
1827 1831 32867 1828
8267 8290 32872 8285
6665 6725 32895 6688
6039 6057 32904 6048
272 285 32909 280
123 186 32940 155
7874 7902 32945 7879
2642 2666 32949 2646
3919 3960 32965 3944
4955 4955 32965 4955
2026 2092 32973 2034
6832 6844 32976 6841
6297 6367 33002 6341
3960 3963 33003 3962
4254 4310 33014 4265
8517 8533 33021 8526
1193 1217 33024 1196
2302 2331 33025 2303
1048 1103 33049 1079
9470 9478 33051 9472
8223 8266 33057 8260
2732 2732 33057 2732
349 363 33061 353
8009 8035 33070 8018
1371 1408 33073 1374
4353 4395 33083 4385
1222 1232 33087 1228
8343 8375 33097 8353
5345 5356 33101 5352
7669 7732 33102 7731
4526 4574 33116 4540
5467 5467 33116 5467
5049 5110 33118 5108
5379 5433 33123 5384
4166 4190 33130 4183
6091 6136 33132 6093
4265 4310 33136 4306
7610 7629 33139 7613
8755 8828 33167 8800
4917 4955 33173 4923
5331 5345 33178 5340
4693 4756 33208 4726
4693 4726 33224 4709
7103 7127 33233 7112
9149 9164 33238 9154
3637 3637 33238 3637
8353 8375 33242 8357
5356 5368 33245 5359
6479 6499 33253 6487
1103 1129 33258 1108
384 427 33278 407
3149 3174 33286 3166
9445 9445 33286 9445
2986 2986 33286 2986
353 353 33286 353
4183 4190 33287 4189
3610 3637 33293 3616
6986 7051 33314 7007
975 1000 33315 976
6341 6367 33323 6359
1000 1014 33328 1005
4083 4109 33333 4088
3963 4022 33338 4017
2154 2213 33362 2189
2807 2836 33364 2809
2578 2609 33370 2603
7067 7103 33383 7090
4540 4574 33391 4566
4310 4337 33395 4314
427 433 33396 432
9415 9440 33406 9430
7811 7828 33409 7814
9230 9290 33412 9233
793 811 33419 800
522 583 33441 561
5222 5267 33457 5251
4669 4669 33457 4669
5384 5433 33462 5389
7239 7304 33464 7302
1299 1320 33467 1317
7304 7327 33473 7310
1430 1469 33483 1440
3406 3450 33484 3407
285 291 33486 287
353 363 33490 357
5893 5956 33517 5929
8303 8343 33529 8331
9551 9620 33545 9567
80 120 33547 82
4923 4955 33550 4926
7224 7239 33552 7226
9860 9928 33562 9870
3616 3637 33566 3620
7828 7854 33578 7840
2034 2092 33592 2078
9765 9781 33597 9770
8053 8101 33613 8085
8035 8053 33615 8037
2258 2287 33619 2262
6938 6945 33620 6944
8726 8726 33620 8726
9233 9290 33635 9248
6929 6938 33636 6937
4471 4526 33651 4486
9298 9321 33661 9311
6849 6878 33662 6850
7127 7174 33665 7171
2213 2238 33667 2215
1929 1961 33676 1938
5525 5550 33686 5535
9290 9298 33688 9296
5535 5550 33689 5549
8267 8285 33690 8284
2034 2078 33712 2056
8388 8422 33718 8394
7669 7731 33722 7673
867 898 33736 881
3780 3875 33753 3858
2809 2836 33758 2814
8872 8884 33760 8882
5299 5331 33767 5324
3079 3090 33770 3082
9115 9149 33778 9123
1196 1217 33788 1207
3512 3512 33788 3512
6665 6665 33788 6665
7954 7990 33792 7986
8394 8422 33793 8421
6297 6341 33813 6317
1901 1928 33818 1906
9472 9478 33819 9473
1505 1537 33827 1529
8388 8394 33828 8389
7112 7127 33835 7120
1108 1129 33838 1111
728 781 33843 733
1762 1802 33860 1785
8755 8800 33882 8778
4726 4756 33891 4747
1831 1901 33905 1887
2614 2642 33909 2638
3003 3024 33917 3016
4441 4471 33925 4463
9321 9336 33932 9328
6048 6057 33935 6051
4926 4955 33947 4938
5783 5820 33962 5805
4574 4597 33971 4588
2909 2958 33987 2925
881 898 33991 894
4809 4882 34015 4858
9248 9290 34016 9289
7112 7120 34018 7114
8223 8260 34032 8237
8037 8037 34032 8037
5483 5519 34035 5516
3512 3541 34044 3521
561 583 34050 567
3223 3260 34051 3224
867 881 34053 879
5893 5929 34070 5912
7239 7302 34083 7252
522 561 34087 526
8744 8749 34088 8748
6572 6583 34089 6573
10000000 61 34117 33
4353 4385 34133 4369
5049 5108 34154 5070
5483 5516 34163 5492
4899 4913 34169 4907
5820 5880 34171 5822
155 186 34182 175
733 781 34190 773
9093 9115 34193 9096
5929 5956 34199 5950
6748 6773 34205 6754
80 82 34206 81
3963 4017 34231 3992
9201 9206 34232 9205
2715 2732 34240 2723
1321 1332 34243 1324
4083 4088 34245 4086
8037 8053 34249 8041
155 175 34257 167
5433 5467 34270 5454
583 712 34303 679
7736 7789 34329 7762
167 167 34329 167
8884 8961 34358 8913
2154 2189 34373 2174
2189 2213 34382 2204
2303 2331 34384 2305
7394 7491 34390 7400
9233 9248 34392 9246
123 155 34401 146
1537 1580 34416 1552
9473 9478 34418 9476
5970 6039 34444 5996
1552 1580 34446 1554
8115 8194 34472 8141
1469 1505 34482 1495
6487 6499 34485 6490
5732 5769 34502 5752
5912 5929 34503 5913
2836 2871 34505 2869
7400 7491 34528 7468
9230 9233 34529 9231
4348 4352 34530 4351
2154 2174 34538 2166
5822 5880 34565 5849
4265 4306 34583 4283
6583 6616 34592 6592
3224 3260 34604 3236
2704 2715 34605 2705
8456 8517 34617 8468
3780 3858 34652 3823
2666 2666 34652 2666
2215 2238 34658 2221
4709 4726 34666 4718
4809 4858 34668 4856
7562 7581 34672 7577
6367 6451 34683 6440
1659 1731 34684 1660
679 712 34689 684
3823 3858 34703 3837
5880 5893 34704 5881
5180 5187 34707 5184
5519 5519 34707 5519
5299 5324 34713 5318
5535 5549 34717 5545
9928 9944 34720 9931
3512 3521 34722 3514
3671 3683 34726 3679
6773 6813 34739 6800
2018 2026 34741 2020
357 363 34742 358
8053 8085 34747 8080
4540 4566 34754 4547
2101 2154 34756 2103
840 867 34757 866
6725 6725 34757 6725
9860 9870 34761 9866
9248 9289 34763 9250
2732 2737 34764 2733
8343 8353 34766 8345
9123 9149 34767 9148
4769 4769 34767 4769
4882 4887 34769 4885
3780 3823 34790 3802
7879 7902 34792 7900
7736 7762 34804 7750
2189 2204 34805 2203
9620 9644 34814 9629
1042 1042 34814 1042
733 773 34833 754
5822 5849 34839 5828
684 712 34848 703
7468 7491 34856 7476
5205 5222 34862 5216
8749 8755 34864 8751
5222 5251 34868 5247
2103 2154 34884 2138
9384 9415 34892 9392
6979 6986 34893 6980
8141 8194 34911 8159
2138 2154 34912 2139
4726 4747 34920 4734
6986 7007 34928 6994
7762 7789 34934 7783
9169 9182 34939 9174
5289 5299 34940 5290
7954 7986 34952 7974
583 679 34970 601
7400 7468 34995 7425
4809 4856 35004 4847
480 522 35015 511
8828 8871 35026 8860
7425 7468 35039 7438
7879 7900 35043 7896
196 235 35057 210
6367 6440 35063 6434
4955 4989 35072 4980
8422 8430 35074 8428
7051 7067 35078 7055
8009 8009 35078 8009
5970 5996 35089 5985
1048 1079 35097 1071
867 879 35102 874
6367 6434 35131 6405
7067 7090 35139 7075
2335 2352 35147 2344
1762 1785 35158 1773
2429 2438 35161 2432
1440 1469 35169 1461
2154 2166 35170 2155
6754 6773 35173 6757
3858 3875 35179 3869
827 840 35183 831
6725 6725 35183 6725
1929 1929 35183 1929
6179 6197 35185 6181
2513 2522 35187 2515
1430 1440 35188 1439
9567 9620 35194 9573
3338 3366 35198 3362
2732 2732 35198 2732
4395 4441 35202 4437
1906 1928 35212 1916
9311 9321 35217 9316
4610 4622 35218 4621
1529 1537 35219 1530
9770 9781 35224 9776
561 567 35226 563
3024 3064 35243 3047
434 466 35256 447
6879 6896 35258 6881
8080 8085 35259 8081
3894 3919 35262 3897
6903 6925 35266 6921
781 793 35268 783
1469 1495 35272 1473
35272
