984943659
1085971204
1093208914
1877693407
2015215911
1877693407
2774237711
1877693407
892749748
791722203
1297517539
791722203
1372446014
587961521
7237710
0
617819337
0
585640195
0
590357945
635146070
720418849
829147399
889954253
781225703
856486002
266128057
180855278
288409815
227602961
152342662
44788125
0
146319452
804140576
657821124
1542757841
884936717
889781615
4844898
0
147722295
754668527
147722295
0
534827969
1124501527
1182217923
1697422454
2602220397
2544504001
3377137823
2861933292
2272259734
2466574473
1931746504
2144857184
1950542445
2221191541
2008080861
1175447039
1900033166
1175447039
270649096
1186545317
2067685852
2265627216
3050186807
3731995431
2816099210
2618157846
1936349222
1055208687
270649096
357181065
270649096
0
943454680
1451431976
2279519669
1771542373
943454680
0
567121211
1286655020
567121211
0
140002777
0
428540557
0
298918985
0
678030194
0
732267507
0
353963250
0
