26
114936812 197997750 1
121535201 191399364 2
114756125 198178448 1
114158611 198775972 1
114704380 199321748 1
114704383 199830747 1
115238982 200365355 1
129190566 186511430 3
128457806 187244198 3
128508259 187193748 4
129251314 186453947 5
128466466 187252861 3
128266246 187453100 3
128229646 187489705 3
127655295 188064056 3
129244423 186489657 5
127508414 188232658 3
127486963 188254121 3
127319749 188421336 3
129287063 186489708 6
129277471 186536151 5
129316324 186518976 6
129277465 186557861 5
129308336 186564931 6
129359978 186524516 7
129360278 186524817 7
129357743 186528111 7
129359742 186527860 8
129359153 186528450 8
129358739 186528866 8
129358363 186529256 7
129358718 186529611 7
129358730 186529631 7
129358654 186529824 7
129358787 186529693 8
129358639 186529841 7
129284585 186604299 5
129359088 186530109 8
129359124 186530145 8
129359334 186531791 7
129359441 186531901 7
129361133 186531508 9
129360312 186532334 8
129358044 186534607 7
129358570 186535135 7
129361999 186534461 8
129368838 186533817 10
129370474 186537216 10
129369996 186537699 10
129344556 186564417 7
129339967 186569015 7
129372616 186537597 11
129372043 186538175 11
129370981 186539240 10
129366723 186543502 8
129376918 186533661 12
129375416 186536298 12
129354837 186557482 8
129353622 186558699 8
129391905 186524708 13
129344441 186573495 7
129331201 186587797 6
129331207 186587813 6
127319750 188599324 3
129370388 186550186 9
129382976 186539717 13
129382327 186543212 12
129382364 186543257 12
129409260 186523761 14
129405991 186527033 14
129354441 186578809 8
129365199 186568659 9
129387660 186547920 13
129366569 186569016 10
129400006 186535582 14
129343595 186592508 7
129411921 186525397 15
129388473 186549365 13
129387448 186550395 12
129379616 186559417 11
129359690 186588755 8
129374835 186577280 11
129362235 186591302 8
129388704 186568505 12
129354385 186603298 7
129346675 186611021 6
129390502 186567286 13
129353238 186604557 7
129349265 186613615 6
129425039 186546078 15
129405070 186567640 14
129370998 186601724 8
129405453 186567319 15
129340302 186632474 6
129338386 186634398 6
127903475 188070503 4
127249665 188724319 3
127171367 188802619 3
129365200 186609374 8
129405106 186574992 14
129366040 186615154 8
129340145 186641049 6
129375606 186606488 9
129373306 186608788 9
129375677 186606418 10
129338132 186645030 6
129402288 186581402 13
129371130 186612564 9
129425484 186562680 16
129347750 186643996 7
129410929 186580820 14
129371032 186627631 8
129373486 186630391 8
129402029 186607110 11
129278775 186741541 5
129201542 186818778 5
128574577 187445745 5
128723607 187296721 6
127876879 188143457 4
129317038 186706013 7
129209671 186813391 7
129314897 186714971 8
129340074 186689798 9
129396400 186637838 10
129394852 186639389 10
129380395 186653852 10
129377497 186656969 10
129378283 186657760 10
129399038 186639806 11
129381280 186660754 11
129382517 186662002 10
129216582 186832595 7
129222731 186826449 8
129410412 186639479 12
129377223 186672675 10
129407763 186642138 12
129217113 186833132 7
129148954 186902245 7
129411923 186648656 12
129283754 186776830 9
129429602 186632054 13
129441909 186620364 14
129336218 186736290 10
129332560 186745547 10
129485568 186606613 17
129442655 186650542 13
129393552 186700457 11
129392555 186701460 11
128797665 187300521 7
129449663 186654746 14
129339019 186770223 10
129088068 187021177 8
129397878 186717596 11
129277545 186843579 9
129187081 186949571 9
129286982 186853022 10
129373364 186778454 11
129183556 186979711 9
129204990 186958283 10
129529808 186650856 17
129431117 186750842 12
129314688 186867278 11
129311673 186870300 11
129502218 186688910 15
129506334 186684796 16
129332556 186858579 12
129214981 186977477 10
129485270 186726038 13
129478551 186732757 13
129476367 186734949 13
129415041 186796575 13
129462785 186748832 14
129418641 186800173 14
129410204 186808612 13
129411239 186809647 13
129210199 187019314 9
129233512 186996002 11
129117858 187111665 8
129408001 186825657 13
129359878 186873794 13
128873458 187376315 7
129561267 186696839 17
127316573 188947830 3
129531294 186733763 15
129430438 186835536 14
129568644 186704227 17
128823787 187456393 6
129581525 186708589 18
129573709 186716408 17
127505978 188785555 4
129520728 186779311 15
129444324 186855717 14
129452039 186848007 15
129411000 186901815 14
129453857 186858960 15
129163644 187149176 9
129841808 186493177 19
129648735 186686255 19
129487280 186847710 16
129500287 186842753 17
129503772 186846236 18
129140547 187212214 8
129101728 187253434 8
129433185 186947111 13
129168105 187239772 9
128931904 187480039 7
130032982 186408490 20
129565602 186908073 17
128975605 187523746 7
129651514 186856600 19
128612160 187901235 5
128940395 187573004 6
128404167 188109242 5
128316891 188196521 5
128369992 188143423 6
128282769 188230647 5
128991787 187576657 7
130023213 186608899 20
130044667 186630356 20
129305726 187369302 10
129608218 187066811 15
129331240 187394825 10
129327790 187398277 10
129594818 187147958 12
129103196 187651334 8
129073088 187681443 7
129710667 187236690 13
129711290 187264438 12
129450524 187602233 9
128906528 188146233 7
129254139 187798627 9
128929371 188169072 8
130001951 187137544 20
129378520 187895467 10
129982200 187342632 16
129979326 187450847 15
127904337 189535597 3
129520611 188023472 11
130547643 187023367 21
129563746 188066612 11
130253321 187388974 20
130206682 187435619 19
129604206 188118369 11
129668579 188185527 10
129039673 188814437 6
128977388 188876723 6
130643196 187224423 21
130663735 187203885 22
130534592 187333036 21
129014540 188913879 6
128870352 189108412 5
129696946 188281819 9
129089579 188988919 6
128221303 189857205 3
128163047 189918528 3
128085078 189996506 3
128066084 190015504 3
128873180 189454223 5
128655190 189672215 5
129825836 188514962 9
129212357 189160236 6
130442301 187995449 12
129978956 188587311 10
122677959 196235045 2
132844044 186154344 23
131991011 187007379 23
131649904 187721662 23
131962231 187409338 24
131083331 188636486 12
129840693 190078755 6
129835496 190170885 6
129840692 190165694 7
129836289 190171680 6
129914177 190249578 6
132632537 187648907 25
132128188 188153261 24
131866249 188415201 22
132185926 188257681 24
131449404 189002554 13
130301212 190249103 8
131367433 189205193 12
130532352 190867749 7
132962395 189034159 23
132426009 189570548 20
130563126 192329002 4
130937554 191954577 6
130793726 192559605 4
130300431 193052905 3
127518893 195834446 3
127695133 196010684 4
127353258 196352561 3
126673616 200230707 2
126758149 200482552 2
112314546 214926162 1
130936194 233547816 1
157381535 208383894 26
157903663 208906022 26
158016626 209018988 26
158881992 209884355 26
159862639 210865009 26
