0
0
6
778
102
2713
3744
107706700
309680604
571252488
515902364
284085873
753623554
691678930
86781739
690061990
431193497
0
490026356
29112198
352987940
0
807636447
462683973
869597121
0
195252496
605555782
407853744
604400792
584759763
759685222
424031778
137982935
187376245
458975234
903101180
0
866229082
456588774
925793460
21858941
73761564
809406704
640245362
525409636
0
489514325
491594330
913263508
190203788
758255150
0
973371922
363365121
786831100
748204237
277809321
0
261477657
0
0
943101277
0
0
72933028
93570129
309727459
670097019
887497534
32229735
798687549
394335221
533649597
769933703
0
438802334
51905935
312142426
532804614
502414403
500611438
0
489800799
611734615
893631581
675023916
233560781
183575811
655917146
0
0
817879506
0
790777637
836215696
912864898
885846926
74909178
170149177
566198757
772220429
890116118
0
195202036
265586567
530364942
439735419
401957745
939944454
0
816278030
0
211163517
683145450
338009789
103723553
887868661
948707284
601381960
0
704384855
731994848
0
756571073
377300105
167524034
375777261
0
942883633
392579915
233538072
714910005
948779982
0
0
852173038
83480854
0
401549087
679248542
84233194
44224594
0
196126123
810236046
792700653
299020362
209962774
282776265
0
659837614
856476610
120229887
447329380
347047024
295007516
868595108
464147558
961645054
0
247123049
594690530
0
0
376508665
401367237
0
751220753
936967890
0
203389312
744347140
0
556242671
244106088
14189112
601810992
283126181
687024701
367976455
4085274
806860465
97157459
960667777
0
557249736
533392094
615065779
514337127
980020034
0
889766930
286465380
401608981
964555295
0
631345506
0
586499314
980125958
986608051
470257885
0
388044332
0
0
514322181
860018650
537468564
405151816
247627586
610926978
444909098
219837968
507236986
31404524
276806780
576697675
595068766
159540434
864568977
0
75745312
0
0
517211824
859600658
330998902
0
0
616275295
481871434
534400765
318993195
450907002
508254217
66377025
709611888
187744195
0
0
0
208135308
328322324
452252702
175636619
276697781
0
124260486
207167776
0
439232712
201925869
390870784
182833315
935321059
682062326
604103287
832004270
583402715
0
254545590
100300346
942777504
593943568
0
179978588
586810202
978309231
0
0
87272854
0
323771847
806286933
0
337748136
255574517
522228647
375105705
190249988
0
830158916
0
628722999
0
407518017
0
105115774
999478797
798515863
498098913
384256617
813281911
0
169055048
486811957
495978839
863328214
762709180
240292032
459758410
585833235
30178827
487142516
613330549
0
387280974
941009944
181485200
333510958
778585615
641526707
870535975
118279080
817591879
461935172
38379384
659165058
485840570
400316497
924596199
766720014
101937871
435654242
755779172
649071753
359776994
332487364
0
68529322
0
865487427
385565545
0
639245029
113467670
448207657
340024738
765137871
0
850002015
0
997513584
925873309
0
291428623
453165601
671385134
465732632
544453232
825370681
58456595
0
0
0
282082204
894840557
677970586
788940139
842511600
589097818
0
933428881
411872732
676685792
161748936
63623666
0
857929244
675111193
116321663
144601936
731203708
0
346810082
382113979
364514798
211503460
0
691797403
0
0
777768273
369511900
932761701
0
683783169
521154460
854354983
251647207
0
959878446
0
368280821
260148482
277240280
873022347
281242561
0
960325315
182928113
292277707
0
0
0
0
702876617
367021666
543436345
186239427
238835336
474088291
368272184
301749092
824485892
208954066
819649595
0
890244136
0
892464856
884127474
587109280
36885373
545503231
801430274
0
0
990038398
99105964
791627746
0
695100283
0
506367020
2559001
0
0
0
978803656
0
0
94587621
467990110
0
769776567
0
269958021
995648397
0
520266812
189532906
314165665
329390596
361290855
0
0
481576787
417366004
0
164114118
0
483390424
372866942
843538818
0
759847403
0
0
202506172
0
600354062
0
101840317
0
104976968
76034028
0
476159353
963793939
718785104
772446222
0
0
92965687
570015961
487523205
849245542
856471706
33979306
171116832
320335174
985953843
0
547130851
0
999024218
0
950160776
710809836
817853385
910853175
444654681
423114193
0
37858844
16893726
233612575
0
734346139
669867651
317768309
281057521
947003425
625436969
393855960
0
0
0
878200693
0
996293936
820079614
0
0
373636494
0
0
685555428
570124985
116298572
974336911
948673815
466162486
0
673862045
180929741
66172635
84267208
397941583
489429316
586777531
806497389
398867903
63481839
0
280487085
575980969
145391271
0
0
811304954
0
311316776
0
103231258
617312022
0
0
60268901
127448896
806419115
0
673622500
36468345
0
958097314
174015836
981748333
867424373
86083203
445469578
0
339715493
491952869
594080
0
0
835509221
596625033
166367495
0
0
449176258
792547051
159657509
523142031
699923983
124243493
919445676
748868485
371640000
243912631
648317290
389840411
767979923
0
0
639569072
87372234
557711637
503572754
844312823
631473703
0
313684423
779298532
0
857310590
238133563
0
465984788
803236316
0
585170844
496389354
265681937
909656855
641892382
863010766
0
945606040
638850021
810460700
0
786454074
0
0
0
0
0
294936409
508919369
866933978
628513884
657516425
26760810
0
442184060
895627279
611311434
0
785418764
179800735
298027227
221784884
718331589
187152254
587415386
880087303
11472607
0
272029316
871020878
353799601
884826866
753154874
2628012
405346261
574762659
530910871
567115297
112136799
906917664
250089525
700407439
762827249
939028937
332426123
888511117
247807307
289001714
859141412
0
0
322285040
459183719
110115211
950856638
723155365
104030141
5817779
754617559
0
861654458
0
147043756
245740634
0
355464074
0
0
0
314671639
303654242
328853126
614211396
827702326
975477480
547277879
825334763
765924990
0
578209968
597825930
968734999
62659598
12579689
420747048
13696732
0
0
433499184
0
93517379
214378132
497621687
142248771
0
311372773
968490787
0
960366771
261800126
22179007
0
684205794
251847769
318920718
0
788567630
0
203855238
0
226431983
698586969
813931192
586039523
856314410
0
677701727
0
0
245011649
809812456
945482665
445542275
0
952887347
402959382
826639878
840657334
0
0
627802209
422602376
0
674968287
116164852
756979714
550122834
0
0
354916658
961568636
232912801
0
203669967
0
570391155
831747883
608532156
779360357
0
683798832
593242854
86596743
375067971
132842356
181876215
442807444
120429566
0
959542308
685696855
0
241537016
882127858
736149948
214725654
0
858811854
475466837
0
452596503
0
92694033
0
0
149371877
86407412
352984686
872857673
238754012
970513818
701019396
164683005
791296875
774956949
137603435
872066468
187594614
462311768
30711564
0
107736694
139371354
0
0
718844489
812922807
139026570
437459878
0
132149293
0
201086475
126239002
0
897572571
0
0
241469757
601779589
260143904
204417601
0
754418476
902908177
49063489
0
0
860214777
283471017
768061084
505018077
0
766725340
328035200
959574746
552994322
400846973
56261641
63258407
0
224536647
827546974
175020171
303662609
506135261
878892691
990601856
0
827862403
245857060
0
202720342
305013957
597428588
0
343980651
246804876
618230500
0
944661560
0
346831120
504937293
679474114
95218631
390659957
0
304109362
183010651
108496139
693255995
425733333
616521463
406041761
569366008
0
843781361
0
345222499
545002380
887170088
194004374
30782204
47918968
176616644
485927410
455962167
533197566
353166120
0
0
336896571
801429584
73516411
0
0
534849900
0
0
701643503
982325217
820395054
639090727
864499247
0
0
0
544859980
949690737
602783447
390311745
0
413309422
864764284
0
89364514
908576407
558502336
944139779
596266404
293601220
744939412
0
430103824
749759837
318548752
0
658827168
0
499320975
767901891
510741765
399198375
134537845
0
566837009
0
0
364264803
0
0
0
256039038
0
0
509770249
711800941
253042911
566996756
0
38403049
330076806
453865495
848439239
830386542
0
85137378
729048513
0
76930469
258336253
390707115
114371696
0
189067069
0
580392084
0
967482158
0
767400165
968765156
578336001
88391476
0
0
834929104
142287991
463193299
932808883
0
677992101
409717412
0
0
9728122
0
123754678
560527283
0
605438228
0
973587522
232074638
540581628
422501484
315446258
65269240
453355711
0
0
0
59130890
114142547
267260226
941253931
0
932804246
239550160
456473138
0
0
802396557
776580250
378765395
456586497
954827282
27725172
0
127926870
636079984
618598773
532639753
0
0
168592189
878005092
731827038
416111727
602215581
733487163
0
327584259
411824749
276648271
941093768
940061614
417566006
974149781
622584682
439778732
511032487
361051758
917456575
95638411
3267410
982859361
536144729
0
30695419
219660192
687170362
368544388
0
949183717
263632655
0
883315497
952878171
292027601
739997084
815984960
436186685
302961705
230861259
827778460
689361605
888965601
965038261
273133818
576481810
848636197
612503398
165628970
0
24587304
105572471
625031505
806968689
40591088
321667487
656865667
448105391
124972767
416325451
927791525
306792831
648051220
13608675
0
0
357453674
706655038
814794994
44944504
0
722743874
0
810513592
837765627
617557732
0
430215045
722765419
0
0
0
410705991
378492794
950050159
358751000
839023492
895371676
872282828
693439761
509232222
713890453
132644161
0
215469688
389124196
21918656
732016600
0
720653163
175047788
941359243
644422173
0
191776244
720863394
118340065
427709199
678069821
0
82659629
142279861
938936665
862720732
80459320
714495870
603314084
0
830780528
299407699
789563416
561730053
545529214
672429068
332988884
332988884
176802858
431711474
170508516
0
38045568
814812916
28205581
0
280907520
881690307
0
741705463
0
469694064
429838437
780519826
201067499
0
0
332280151
871031317
924374737
784030932
839782105
88715351
753214500
978656603
408705562
196992467
285165925
202654237
317606003
944640646
500535570
887255559
358823440
0
859893097
0
26628064
692359693
119754677
167918764
142038188
589112729
800012954
0
666092033
797330566
428198016
420608984
653636407
812590228
680061778
939339569
242097836
744501848
0
271699755
528210548
315096892
303595960
0
835163602
447019261
222085967
0
141834863
105738954
923623911
853333838
511408354
111189045
952652468
620033645
921300059
0
316502092
903479906
303221624
940488401
0
896303405
0
663859899
401623844
0
731968256
0
260812013
0
404210923
425053541
0
700174589
173363466
937862628
150784455
151499508
0
940921401
725406498
860766628
836881285
664059248
90475548
914288043
760769895
129731473
462406851
548537008
0
0
0
269601497
571009413
383579158
387760868
0
70112954
0
187326636
317437547
977028749
749437043
0
0
0
0
35054624
200696711
229290299
472678422
725693215
875094303
0
206076609
977162849
127069661
0
0
77714795
363574877
54121263
876491358
553975164
416459767
315811515
705930760
984509419
132082923
0
425429858
88348558
626682908
0
509692964
993406655
594997915
0
0
682409580
838398875
488794714
505131556
0
0
0
601244851
0
602836042
350055542
18229563
643942525
412142422
627948481
493309045
895590875
0
300907736
0
843650740
991627511
3193295
23423994
331578988
0
18699604
133217543
0
926815173
901762567
350913063
536389254
561419922
0
0
0
700534828
302154522
860096643
715167123
333133426
0
103004265
600909986
633523499
917523304
46980538
0
795735648
910688684
35588271
0
922462085
623096058
608913695
926976655
266318097
165522215
0
392070861
457292927
0
91771267
971345336
393231386
882827266
648323305
611526053
488341473
0
409714303
0
229320865
0
0
358257955
0
943592315
823779831
527020942
567778344
726305840
663427826
556221812
427598837
651957298
126627041
640300906
0
59103394
0
692112940
741128131
0
0
793599069
357257023
955113083
0
0
422837047
0
920124473
344729407
63989376
560403356
413718347
768374312
549517322
535948106
353060161
762403624
603466106
966554203
980684796
0
0
610154705
274156111
0
0
0
86856007
0
526742029
0
0
0
776839671
378790579
425784301
537986442
0
485132775
130888621
607142872
0
784088454
189171511
0
412150146
873534259
164169013
890274445
850691320
380060532
232351419
0
227472974
328081114
87971088
0
326162292
829078159
965188713
238075268
0
987279081
116169245
7411475
942022265
603507761
0
847361685
0
769065438
0
0
0
795688009
641618861
407026231
888007785
375172341
580750052
4967377
106223560
943108338
0
59177196
518186879
0
0
0
862884443
116258298
129902078
542862997
0
862159580
0
124638396
726753396
231363902
0
103422944
413186671
749849390
733597979
123829447
0
8207292
662920398
43139522
917289641
246147360
354804378
0
312337822
54068676
0
686318525
110164653
939925981
892022672
154657709
784104902
508175960
0
769187351
316678993
0
0
613629428
379439634
0
993726584
0
572979984
115960133
811674143
623553912
106735863
275449910
0
0
838111597
686758263
514334777
970040838
549393067
788455317
589626508
611147155
0
812667100
547909908
87906731
136213953
841836358
733758001
0
0
0
0
0
519389180
0
0
132613697
291218115
959385817
373174137
0
0
0
0
341765939
610778204
211796035
0
716683627
819928135
591263298
0
415793319
866532398
642675562
924530778
178660848
812906152
938211188
897030965
403725792
755270283
122710210
70893419
472793074
0
802659420
116776327
732225778
419960355
498255775
906269345
182848168
330378162
705121350
977767591
555618588
0
0
231245155
37959849
450678540
670521726
0
0
0
673956768
113492046
0
729510262
13366280
777355801
739633509
0
661667679
0
220488810
0
0
550923669
0
41654577
531823756
0
0
0
49541427
0
0
448044585
917697158
0
941687433
339193761
175725827
681348977
684073764
841126231
859036351
899243897
159888582
678809078
803576911
0
300497775
202285203
348417476
339645359
998764723
957134063
75715373
473406996
760199100
166040011
637240926
568931790
871924427
844693393
507008575
0
0
0
0
0
0
0
989365168
125853361
725982256
441636109
770503128
0
757040673
374153461
474983708
87089217
517226700
649391920
0
0
0
488982612
286898452
882796385
0
0
66431057
24444058
0
221218208
0
0
592311099
711393886
310838077
0
0
440067177
0
0
864108268
622235548
421950327
859963115
798263610
661728641
592982595
854275992
497542530
150014206
876188637
262026610
250393293
479795891
791021494
595131856
791700929
408055064
555625844
442926873
875793409
201635799
714172760
401965593
848964191
185623004
772066867
307177076
0
475795240
377926204
976140657
0
0
190061702
918328079
738743403
0
0
0
480760242
0
752003914
941774974
0
952538315
494154239
897123014
59109260
448629879
0
55112465
0
635812352
636959546
148617760
996002053
930125199
616827059
922341638
0
51096412
452997573
0
518898478
475111919
189528732
653457872
775064746
0
796744154
813429243
357383497
204559320
519281696
381853982
254847056
18800805
421751588
0
836311829
752199952
947151830
272114363
263346042
979723580
587883545
864840601
0
0
770631730
0
164541133
710823014
832429731
361656092
207034336
91524645
0
0
0
174709026
716689396
168579467
0
323625710
311077390
357824581
164723109
0
975503869
0
239364988
0
793879346
0
33062740
659034947
759063583
813450830
96675066
599732282
0
727370512
754534028
578080999
0
834927768
977943069
189136105
0
0
475015854
745289239
0
363649652
951921137
543269553
340280794
0
652147341
251567999
716999290
244442154
207149510
266415196
0
502569157
0
202824882
184619984
737119777
284794217
741960542
463986542
463836758
965986297
694015993
351704958
0
98229826
0
672072938
562267577
660320739
288569861
288569861
306872007
911180862
926523988
840535501
0
917986962
281575205
159849587
0
818116833
935345075
582356402
316882675
665829128
574392921
467698834
744629670
906942698
670663394
0
400000240
0
605262173
410915787
670877708
973263616
0
62615911
632032545
591488380
135413066
928756364
539800960
945497513
785051668
0
0
129979444
897995508
0
0
176668101
482635776
975127326
253701963
982568912
218316514
719622500
363163825
507968560
30127357
323625635
354935463
116855686
362560660
266318853
290902389
828622027
679829289
440937878
650384481
431558165
0
378085344
653603667
501543250
454573651
707549831
423795552
0
957098947
850798758
249967957
0
923571305
24158989
521839507
319342415
0
529891539
610740538
781361567
583943328
0
905376347
0
546277891
310432153
898540275
870999129
870999129
977255465
720999293
855727971
0
430870939
711965460
800764095
119577908
848394442
3900195
290994420
986720363
808675793
0
669808204
846908301
0
37515682
634317829
423881646
0
396212127
305441762
2087172
952854738
0
976346795
976346795
60498346
764647516
614628293
803926604
879988204
0
772037892
831415510
764066144
916726365
98120796
907786431
675993375
38752369
973941727
0
0
530408245
103551568
298840921
513876532
172664916
431158411
609723977
0
0
484610583
0
624510245
524815782
132391847
547093418
922765494
215668691
871693129
995743909
0
600644054
0
840696558
260963542
0
227719329
871832995
56305411
904494234
139672840
145287628
944897311
240238817
722153837
329557484
451884672
255346389
109902631
414708871
578252274
0
0
629939508
0
492685457
0
108497059
0
158078388
0
838807778
577367971
0
537293664
13178356
483363189
575835390
343060349
0
924522415
90031243
810920264
996867691
0
505565844
95229840
470854537
83173525
0
831282760
234299073
117052194
876655353
606861815
292160500
975589951
0
623718783
476006540
92560057
135970746
900437752
49230088
224740830
821448978
6709000
0
427530386
706766131
940184289
237155496
358491755
128195244
497629412
272077964
77538024
0
0
0
655564438
999249659
238876278
504287251
594284462
645171199
0
460254688
62615496
0
0
362327667
0
65450
282227490
645038045
259510196
965423983
0
177010251
291075942
0
863861951
891646735
799365407
249890949
0
486285289
149068830
286614880
412213782
170193214
0
129261005
684060287
282063906
90114092
0
327704102
387807392
70838545
733553049
121884501
0
482011024
0
0
557975772
18099299
160924551
0
243563504
0
581389190
418882225
3667010
471199326
535808448
152527597
808373693
206094165
227171834
844457982
0
383537792
755639781
250531446
261329286
300243511
136109518
518851212
0
471638645
284723657
462796687
819377183
981303549
0
771600731
477292646
153070157
555047405
468467441
0
231470032
381157435
0
272409953
0
0
848985590
0
859730276
633531616
0
580391475
386160460
477586896
0
687072443
789158768
349618363
417126291
258543349
0
12729871
92361170
0
165894656
0
645839430
399026468
286517156
151999353
245326468
329710401
672131377
177879805
338170091
752885190
84831679
513906892
441093759
0
343554277
204856072
413877289
287244990
792766779
276126199
477538772
795653226
777194464
28981234
0
0
0
349700572
304916595
977484379
948169742
397637718
217944527
282547424
558936312
558936312
675806125
790384711
0
65511569
853128811
84744743
546110815
534772894
0
0
369764767
763740347
680235713
569127978
0
744847569
750061780
334975229
327086181
0
30609908
0
0
0
0
0
578598570
369998871
597116081
587086776
846270290
0
36732584
475336883
164345664
621643442
121433767
0
15831264
57203538
785240491
389434737
102891798
396559717
792311541
769552161
325145514
993157134
557165132
294881201
428451322
12842135
473736356
581401006
589993745
313930145
882994543
998353760
651430402
694716498
214453070
610206018
195094067
797175623
0
0
46732031
2279551
430603537
649453313
353614900
586148219
659769409
435728213
208289314
665803706
153875126
190666173
274813538
840458595
545406883
823396693
0
114208421
403123244
956153558
0
542448996
0
256890387
769611282
0
206715176
0
422018518
116068102
34446455
779532763
96989786
918856802
929631859
624926245
478495668
663855336
0
408584324
524576778
845729606
948617006
0
670056684
949745936
682681746
0
842968871
445320951
0
304410985
558851119
258469225
488722743
562519558
116860438
714016871
903160542
0
413597661
0
380490322
942426081
689190676
456840941
26840360
424252214
882761909
0
0
0
478113098
803168745
211908353
0
68233692
215108047
374019096
954569865
0
725384287
308079162
722964270
0
568634535
351081641
763860772
0
789057025
0
628387698
0
886393596
174937614
350413783
371701180
0
36914827
0
941308576
560829280
19032802
754384658
325202007
759129318
508469737
0
382930502
405528757
491123806
87812600
887492070
53319864
625695985
0
6811016
774101796
477491056
622089972
82489089
379689148
612508955
376499966
815118061
978855282
194551892
0
158101886
560105052
469359071
174424780
146987960
451798225
8868971
96817947
247688259
0
610571732
231994533
474679307
30156410
804306973
0
305061933
667411852
655847792
214678448
705458199
654762199
0
0
393413421
356023086
590771358
0
20976210
250238981
611435561
0
938604418
573737341
467534574
0
0
766019386
959862308
404907914
0
0
449699763
905300498
0
0
822356340
370593755
279908513
945999878
0
0
344400720
447575188
353431327
297196972
55750431
907511372
164718464
0
0
384458783
212293406
0
771462309
198200183
131166156
28782694
720994365
38343414
0
477746146
560620259
274176927
429588042
0
843605904
899999158
884809460
958443346
0
282610911
990671654
449490367
401255035
370753244
551183746
921992524
754695061
223383727
414169516
558743462
167521970
0
480814061
261310581
0
769448894
893598873
117519232
887500375
497765508
0
282761025
0
442484144
199204243
0
244501721
197895717
466719721
186208098
699402685
110697722
0
22826975
502013399
834771316
182605007
0
533960446
78480646
750664908
426859290
502395630
478550532
0
0
937833896
334181852
447908085
0
599554829
0
286896453
829664594
0
670099617
893559650
214023809
0
841400153
449061701
439797202
970645664
522871801
566378776
0
636140415
0
462175494
242598303
876568144
339095848
447203105
975343593
0
0
988450508
942252512
140371746
0
439489999
917580106
0
247895645
177622485
643496033
441179749
177686775
442629034
333974880
0
56087329
0
0
265410341
0
231522393
123943385
407063194
0
16570045
367638439
0
346619578
291807081
31974135
0
429395397
0
712606999
0
35076385
362842059
679540474
842782175
0
84388749
55671515
742687664
66672308
416943008
106062192
0
644422979
478599337
985372571
307739807
270685485
228881243
884718676
227046477
587073103
998501671
609334847
963458695
814272492
0
0
802555407
883679302
884656895
0
852508861
674102559
0
280479281
163494642
496387234
540560665
926313576
326392994
0
3292333
556611047
0
572317420
509299425
570831900
506602727
377417325
0
324773221
629668221
0
0
216901920
0
0
195814317
906218486
692795550
0
597077143
479357566
310854561
408670192
637764601
0
322957907
572234697
0
361205901
445133111
5314424
277438469
411702439
969558707
858708260
87600277
623639102
0
789327024
584417475
974964877
0
145623585
421529494
210836820
378744941
632515659
608353175
894639420
317617064
0
457476361
0
963596338
0
0
137375138
805504004
13228368
976500082
550142994
0
295781460
874688747
285508477
948171506
469376554
681724091
0
550226464
10553793
836087318
452726709
512737919
760769917
0
0
453509707
738493939
295416771
405344209
411726468
0
680749865
0
880287585
0
628718328
289219775
0
436121370
0
320834702
703369836
0
415480906
751461020
920105086
0
520866525
978675277
871131907
709705526
489647433
318411988
411072209
893992876
754180465
47307109
0
633341342
938265501
0
404703155
457236195
416472902
5426598
0
159396591
669575307
884986873
0
406523633
479087705
0
337027862
272569329
0
0
406592690
0
522401260
722802120
408037486
15484096
0
0
108172108
0
0
331458
0
942837651
685115150
130220579
880142513
608999194
514872862
781514409
4146556
611093291
182674531
918818
205335729
339670594
623864510
0
601323733
756472716
0
929911044
0
483240869
627450656
749410363
939859656
0
0
542115015
150934024
411957742
190880147
868384198
889403168
661156298
330270362
0
697446298
91593807
312759363
779935989
0
127579267
640697858
71163625
4865900
0
650825065
304913575
150519901
0
0
61175679
0
43619813
0
50624427
236616440
387932544
0
0
374118782
634943457
0
0
722316020
916809212
0
500616849
510714985
999464689
664402751
587722384
0
0
0
501471268
709692618
0
8494062
163818331
0
0
0
849610637
430152430
0
707293895
616954160
999722730
20962874
166238107
0
566620953
571720731
444507490
0
188299640
875855764
561337813
828345610
462800764
86778188
195772495
850944166
0
945023889
984297848
639188517
289127074
579811273
290787067
360698316
173314981
927601360
45322147
165586068
155351626
0
154198467
835608429
952359818
726986894
546690440
118705076
306330276
0
326446204
0
0
0
371543348
0
291700758
0
915604815
764587992
780384725
538162157
751597360
413780790
416095226
95861127
653952498
851848762
338822651
159671911
319967260
579817009
459399330
621904338
465247116
768069583
231772898
272418989
0
0
788500069
0
823738235
476587778
445496775
78884970
0
612609629
0
0
0
0
315388873
0
388570634
576911089
977013063
41817188
251957649
375496233
815006914
602280303
327605829
698433974
577215554
493646419
929395356
0
605856960
441209082
566181313
127611650
22049245
130738628
406838890
309241445
805065198
348933742
186557504
398373515
0
989570029
406121192
121979842
990865796
149365735
436967315
0
213011948
0
0
363363647
557218018
933607623
206107309
965359581
802662980
819543192
759150565
351978791
475673562
914336077
0
62159379
48643994
741612031
372659401
11518425
33615728
565615748
0
897800163
0
0
650564880
972317033
281664874
912236151
38913601
95374118
175939625
816057550
183554194
846494618
414546771
671639436
0
378902421
252990434
366911025
0
104976402
808422938
0
0
0
677087395
976428109
50695176
688564472
490257184
465022177
900994554
370441476
783708242
486438094
873807928
366585242
643717340
388030146
759100492
713048483
202205708
0
838639004
587191287
521524593
0
515406150
123792666
421718905
793678581
479365244
19449272
13452383
0
299043695
540805853
312639456
361060599
0
285174447
352375219
0
885059904
758649964
668997470
357097403
0
695957938
322685616
849955042
361518304
611549262
0
113562223
521577396
0
216386630
36465982
237190626
0
341774008
662887274
0
875633436
805911376
0
0
0
868128960
180111672
425535444
560384161
0
962239451
517970375
843106485
765286386
0
60947740
0
873035823
0
412810693
589337026
451271504
0
253657634
44777733
304292277
0
302832188
392487694
849847970
435538432
767516047
235984785
307229127
623639995
319109996
656760075
693160365
259754046
961575235
716823358
457012048
716280128
818893439
190858649
0
634630362
157534651
78226939
351948008
523700543
842442615
2270066
0
0
0
0
106838770
354996604
934054942
994149528
0
377904023
457784680
0
48377891
25144041
439704739
503935228
369773825
168985181
98053991
360164049
300867140
0
556331704
556331704
431997815
0
588524764
594078815
808430835
845957307
936603001
0
221022117
565927288
357626509
451190108
270905366
909502691
482727662
0
368077259
243850600
348869897
620355186
554250076
118300444
38079348
484443346
745880544
0
333281085
549480721
971833507
999007028
60877481
258382409
239681305
986290695
626142237
874217977
144910261
336084794
374458224
0
472467437
845573789
366985882
0
399727551
864244220
0
800265498
427353523
431593861
528754208
165867022
86003378
528069574
169998150
993845016
485850912
174488389
564434457
339498757
264264265
255953511
0
102529128
682312201
394792053
292196392
0
304306005
344925825
0
473419176
262723699
747800446
994318049
149216343
0
768337986
386158751
980588642
807863670
672997948
379857946
998208234
818807959
0
0
9041340
47627051
851189030
0
384541008
96737507
589017336
225299848
59051065
283933557
805048194
122514310
0
408365934
695857658
622635128
210951520
0
798885089
729361304
129488444
246204196
0
0
777672569
789897713
0
0
612158183
279012848
278799813
928636849
819990327
623649564
975638187
0
0
0
140145800
537269233
526698097
321033843
281682331
261172244
0
182644205
356519176
34695092
859659909
378898394
445149139
294845000
0
853652007
256984137
916685682
518204798
764088239
552418795
265958731
170222104
548229056
295421184
0
0
676472510
0
160762924
0
206704139
14717440
193050847
0
109838506
127138682
0
751238594
23785711
823681026
53595575
293682588
0
596156690
247539816
820593529
0
0
279381612
779157121
0
376977794
434218851
0
0
528963299
272668419
500254327
910243315
216586976
661727809
836755324
0
723918842
0
954086982
849589751
873070652
929902589
0
352162336
529667781
290823343
892372091
0
878261737
946296472
275057370
121291160
581903394
848370435
874396044
360850097
388490526
946156369
402875967
6106023
0
0
42044460
996455159
0
477423072
124620504
985491442
864592018
0
707756393
187951809
412260157
0
973629142
467734457
548087163
0
979272258
924321955
858849241
582985474
644486861
284129792
175097368
0
364643312
480130544
71855249
102189190
761802844
112020260
0
489825916
573086548
219891781
319167341
822795323
278212159
925726491
248178243
550430832
499236683
884208187
729239252
114733333
33566294
0
145123092
823979019
432416816
145938421
703302518
440915210
398993187
112246284
412058845
0
707933156
939177863
868412265
387041535
0
32766469
264390966
952400610
0
432154936
183519422
462829090
831326738
276865555
0
800477478
576017930
402157981
758296915
930142477
509283898
70802349
348895637
741555930
0
0
0
462302273
0
0
0
559745559
0
0
0
491110715
636631594
291817750
539529497
866618717
314340476
284376994
557849791
925067639
848045987
43201850
348243712
339653120
344648981
538271378
753972461
290196535
372992580
877458610
448019162
492143699
0
998717790
463303759
0
0
949155759
713967673
683372912
0
0
799812257
0
0
0
999736654
569893371
656905483
793017456
17763445
898836884
0
0
159225369
0
600951865
673662957
0
172151980
378598121
0
858446904
0
763939790
0
403304156
565755947
0
0
821422945
638666164
857038950
443946991
0
808896718
93455437
809897570
133354457
23371163
0
281505962
434049098
468506151
0
440434866
860809236
780749820
105170346
369817886
143641362
819436887
63908805
25039633
931708151
403596513
523058410
389269542
713157401
665547131
739445024
609198282
754600772
239412493
77145547
28771930
332634048
555750738
182431648
120614595
0
0
987948614
0
542485479
355552779
0
662889543
0
7310180
818137920
852342313
0
567812472
0
1248215
0
470243672
917093391
948218826
0
77311681
309099754
247828049
18647854
18911719
575246011
0
220806108
479082136
660982375
490044552
746129708
0
924751696
151556008
0
933467749
158360991
668260749
542992812
239703484
10353652
0
439971675
613758230
473651203
947156051
0
269572522
694958025
0
561341359
725432427
588291002
925172638
58786055
26258339
264421171
433612398
212242925
0
972545843
72597701
559552572
0
135415230
82716696
998576379
156761960
0
184009728
272799782
807557353
0
881075233
0
0
0
673765480
881071466
713661733
772885251
741923745
765031718
654665670
33317246
133066185
0
0
825183971
639587628
704672275
909358867
895230019
776884935
0
221619156
0
0
903469296
56624278
0
181056826
532007356
66458930
737966580
243708547
652493822
970109375
413060976
721535955
0
575850563
832613258
0
953715735
238033138
72775872
289391605
0
809018014
0
749215687
981905907
0
0
788466982
219931233
103686589
323027946
814194567
803030457
776952307
907578602
0
653657024
531178660
995751000
772839104
179442883
296062245
0
758741068
64761570
0
481152463
839014310
651222934
476209948
6211725
730672701
0
0
52757693
523953669
234537256
846207179
903767306
171025715
706648590
822475731
635823877
819427810
326470059
600142688
291639148
976654014
666696970
856114326
973307888
93308117
946432492
195916464
930491750
693240016
926093014
0
0
0
368014449
981715230
631968340
0
0
761131969
0
750865277
816932398
696757462
676464997
0
664322978
732605184
0
579089482
277375012
248869063
0
625431483
776663151
627520351
404931576
0
67885736
521986182
0
92854065
965278444
398798278
563535956
818935956
233071843
469602684
0
356757179
961908146
791853561
0
333508263
891100089
564143029
297440161
0
0
58390370
0
0
727895345
864658358
707190294
475553848
253639942
864451160
864451160
486273544
667284002
189935785
85548443
294478870
530745557
370918739
887406340
837422065
0
0
353282395
42159545
0
0
749175271
0
0
0
513988500
167710206
983043128
625174982
256202842
0
852771112
704402310
542310407
573738261
439037771
859581445
150843281
436405812
0
754999268
976900753
0
163445488
791703331
529651432
93397775
602172937
799213421
968829921
27156090
0
806889508
792150704
513378261
504265202
272022689
414398836
949651618
300968011
819065720
203111794
722355953
595909087
515262028
600213689
864789245
769605063
749400499
449465759
320625444
0
901627732
826697052
299768727
0
718348106
293871453
360035148
