4
4658
61296
2378320
32084743
524019989
983791529
978694938
0
182530550
0
658019542
0
870408418
0
0
825356866
702744339
702744339
761050695
749165588
0
0
0
672665799
504824081
0
0
194374538
471829756
0
0
495111556
0
0
0
0
729744074
546357065
880960077
420860199
866264084
251986580
0
468121657
566721123
275833418
304742241
494053172
884576298
0
690944203
687105241
190428453
828099610
425592766
991310959
14968655
171327698
424179097
772820845
0
201978583
0
590611773
903812496
0
29521315
21431645
0
511380494
77641063
521115349
0
762857203
746060140
0
418214535
0
698465128
0
930012604
760245478
0
874689553
342114614
86967769
547406340
118809493
335202971
187766826
721530505
851759748
860914674
48982489
828526777
0
434433379
788110700
0
520301168
956062928
775044534
0
0
777305497
531122225
0
437934063
0
0
810513047
0
614949986
0
434023508
819847546
84125779
783814524
622571033
784652277
231168876
0
462425870
722234183
0
363995439
419131702
244640831
38822412
852273425
0
0
258969710
203701912
0
256930196
0
212383334
0
0
165942798
628284362
172033719
882415516
846453288
59015852
628205222
534580232
568001300
0
15010334
0
284500609
672288216
693153151
0
0
236884408
594199461
509772492
0
1269359
595375298
126950308
180074234
0
172361642
977690955
309213847
988317014
988317014
30029351
880687162
26083874
885456555
0
598035601
800715579
0
278690996
0
880080931
600718452
49288962
0
0
937227625
809420172
132805144
680621935
0
810081560
878349484
95269069
901334852
0
646133370
351556751
880689685
112620058
843665624
0
0
926615187
60113764
607533574
252470221
570591998
0
0
770718827
579695120
817465233
0
617873765
684190052
405652353
622982068
184469049
895533139
938425925
0
0
232933091
998817225
712939153
866001188
737602726
378430490
707979435
696892749
933857118
0
220245750
0
0
0
0
636465976
539175029
696843438
0
0
557037331
804822867
631480887
0
0
0
489080155
521040229
478076234
109947161
961945785
524799724
0
0
322556645
819062173
0
253532180
119252712
315623366
0
0
388623279
439761998
393719405
949435821
730004684
231052255
875484497
309087019
971986458
481294414
500536883
998400290
668736069
211778560
0
369085505
885551030
229029965
0
869748292
619265903
0
989007641
824730887
857643734
947259589
890141886
17698848
0
669900579
0
0
741301968
0
253459939
0
28612865
0
0
588024474
950976429
382936361
483054139
576357903
852115487
576357903
224065861
472805497
386469100
279011367
362385695
640612883
0
0
225475208
417162324
240915591
671101093
157851007
675668415
0
969719711
174956362
0
141075372
0
0
223707834
0
515619452
212899547
0
906175263
694208445
418214049
749662246
537334909
536921840
416648180
529296641
933712954
0
230747116
157897940
0
0
252715706
0
756986274
145543782
0
500726335
791913788
304662752
802150521
0
235219796
409167544
688728060
607746947
0
64434052
596218116
744656115
197936665
567317445
585681549
0
0
551014912
369228258
968782780
144347783
744741424
410249936
723142254
975503024
0
685188590
484608795
521963660
565443836
32672744
731949170
694769710
311835323
317540177
0
126374387
0
574003585
0
948395046
931125560
859911564
0
81427361
0
169069002
995212183
480612092
101121853
415006322
94493385
952755385
0
206891328
353657936
0
559413407
203441097
264953397
922988113
900548597
58287958
241015236
445971089
630864736
0
162436030
649074869
0
0
139366520
555546843
300789955
0
684630263
0
687242782
2793581
134528655
158355960
744633785
381162280
0
533883071
795744515
258169523
828304493
0
616134727
819959373
0
197435813
892277556
0
0
961768371
788346826
0
980924743
0
577562840
239087419
679343759
332345509
896447802
214175724
157570213
0
232559251
380663585
525645424
0
965819494
0
0
714779861
430806072
437183874
0
828629964
345165129
869241061
954827130
0
0
415302622
783391591
445586317
0
106027995
111278173
52064023
694203911
0
989053932
0
687529625
562831329
0
774341706
800338545
608986823
433837227
0
951928493
274499088
951064819
599346331
874144535
0
664983166
0
978365449
270736853
960736707
0
944316075
320648244
0
115666915
997780142
178537394
564631981
754958802
376707712
393163931
0
876883428
401117882
549494373
0
856940210
785539056
935189626
980153764
0
0
0
317988825
0
399566636
0
0
589337777
688425145
186439640
992836325
865198716
313466096
304163781
382203840
481317994
437022535
891960353
185398668
865300148
611539127
122712967
785861823
0
0
0
363570252
263139847
807744451
0
879751887
524051152
79143337
847599005
606206375
470371151
508064238
0
0
584691046
106287236
970602375
677741124
676293109
315095810
0
0
760231768
622917779
286010467
208265132
0
201653395
0
69470495
78027418
679145161
984509585
0
684640069
138872159
331783406
821848946
475237273
325029420
0
608176445
593190115
191307194
0
764579407
0
546061703
0
0
340821852
0
600199397
961479597
0
778764817
907226684
567560747
229155977
924636390
247665015
267140317
997511482
0
19525377
445186445
955411817
541785366
111706172
277104462
0
510590397
417835323
0
837476579
660632431
91190036
0
594402822
463499104
643067252
73436771
396475475
407594309
427190636
234295993
777250573
855408554
0
52240726
847874922
432362532
871231086
0
694248192
202915097
0
0
713046059
523955239
965009653
689131795
549149077
0
936359367
888750569
102420350
606572155
647022451
103250416
673596857
513213956
805789848
57342917
389741047
138060180
156198338
982967587
510713159
400055217
319603630
965165118
485499649
116969504
199150233
0
546691492
966592019
985759638
991580067
56214827
647512922
354647349
6069355
716636952
282616939
224238393
80321845
94426618
906059469
724565148
699125402
82349984
0
0
0
771124491
0
757815512
328986715
112147196
476018126
225527627
0
404793536
578912156
0
841575181
0
216913389
767883951
100821811
630155376
779420032
372493886
352409889
786082237
463547524
763494519
0
83310825
790637386
0
0
0
0
921491839
0
0
599263115
835885489
287649819
516659965
447220724
815235009
547128864
773257554
474244996
0
0
136186742
311353249
92205737
590214657
189372961
328500915
684380932
21355363
465842343
28229207
491634241
296461387
0
97431106
906746527
158670232
158670232
253697952
0
317293191
673670939
513034916
0
0
334429586
332709135
582160551
732490726
0
0
0
0
0
790323129
0
0
0
748933099
559180334
904683538
648018019
518091705
889589686
94641976
206839017
0
337427869
470438643
603472184
450382107
786436575
715356712
0
0
0
18425252
0
570380574
142755052
34373931
85571163
0
466034868
79699164
321872310
304127380
261387897
0
0
781208184
648745251
714774665
732285400
733527683
733527683
753517810
419840305
273992483
789255195
494487905
926377276
93465772
535333284
794017850
0
900062722
988118501
900803868
764636701
0
506782198
920907061
0
819418007
147771681
765963080
726395827
429691720
0
556401763
0
0
72405432
530104318
227349068
484704755
0
0
981026795
746969986
139001692
691095636
387060739
693635217
0
129411510
139348691
12252430
0
15411967
725773875
91169379
0
885819148
904376540
0
0
968110157
481935342
0
49809259
0
341229956
99302743
54638624
548788064
736582375
176149363
706428098
0
155830289
225207312
265044177
745471438
0
259323986
0
99575365
55016603
903820418
249272192
443846865
631926374
758680764
0
157382758
26901903
234846630
570105178
0
394330848
257000625
882285139
534957848
0
575608035
189391700
689293408
255806238
556625429
0
393914642
769810772
265354471
283469629
588907022
0
843310414
0
163659025
0
727131160
161490734
0
160948826
0
617716201
587570590
271545301
0
0
371190129
958318516
539791616
715522098
811655872
0
0
679179885
137080636
0
382263206
408751991
789061903
0
479247828
788706384
405691005
853844672
655259431
0
291184426
935764919
150862538
888570157
722452071
484211405
18730712
350889357
0
41972240
28610107
684707852
0
0
0
0
657801196
478551562
449274848
580420581
58364516
630132155
769208988
667570785
0
127635949
0
895817318
124218749
956821790
0
359969414
983034447
0
27607987
0
152432787
0
443006973
921471905
425016060
1703131
614756911
400679576
981202168
24126005
242548773
359596122
0
986125649
0
149244533
0
158499014
801828849
875080206
197707680
0
0
568218127
34266558
785596458
205298265
171500365
105867180
958566727
550233688
580826941
842789577
187511812
15535002
0
630849171
0
603348186
578086877
0
845556428
120917393
951319980
768842945
993194318
0
778697465
864163595
0
0
986974410
0
884127484
0
362724230
767023051
101361783
331462683
0
461866867
848816770
828962671
827359637
3733559
75998095
964669174
715036008
801018957
0
566630183
0
0
793684115
364224166
702008472
631851084
0
397576095
865825710
6059936
250082822
345830304
697455532
957385672
143597169
408459141
95589532
41761092
764138707
395312569
773239881
323244461
0
349859735
755292028
89487813
298974636
0
332912625
728671402
334299324
101157302
803017928
909834067
0
977907508
829957981
355880282
207804494
0
139464970
903312070
0
0
0
0
580775165
511953666
420437784
0
0
821117545
0
616550992
0
890581504
228247733
460260167
0
892735795
759638217
850983357
0
0
591254966
987253099
0
281221140
529662920
708995882
371607719
234176635
479099580
758054207
0
0
160143009
287864534
501868841
561672942
95134573
199986722
611379844
90859005
484284526
0
712016700
331954485
443415471
713799518
314889486
308045796
735044972
814121265
490770171
136385750
105958648
814121265
298506655
247130440
715046531
278778527
0
858631655
743604140
647510068
440363977
0
420793655
30293759
955343500
529592454
0
503006541
611126263
0
0
920947510
242937490
0
358298264
873526448
626123959
607851692
416887573
749352696
94495455
601862979
0
97759535
366804849
722702693
788313205
662009323
269817378
110695256
736732714
595450922
187952213
0
959749870
0
754108552
301706320
337593100
0
113211741
954731921
368677172
712622892
0
960090709
0
170603252
425633986
908853533
893607157
249628755
0
0
0
858690695
765891442
0
492626966
210216299
986239889
847179334
602002200
965703554
982362197
0
437366534
408662207
76765563
252336557
193924513
355669487
120044662
0
41723169
757518744
475446181
0
453820795
0
487886146
676787976
614628715
665445294
328100453
783277984
0
0
0
308225379
396155371
1610416
243537050
79851589
999140155
757917795
0
211085224
628624579
0
985739938
896503334
0
989044171
30878336
840557176
682001940
892908300
825861074
346352987
693184717
751357194
335234616
0
896278016
0
790138690
554676721
318501285
945969695
486298303
89796011
871620751
470088508
55115389
16544376
946739902
598768859
778717836
889754081
33662959
151466709
521819331
205054505
761438853
981927456
378887066
0
712904075
774127826
799534816
793463103
0
163950915
426708975
906305749
0
0
704225024
270657153
305756900
174844432
826434588
0
987677404
545185394
550186381
986682350
495015428
962867068
745836346
308206728
0
472484125
373353444
254252294
415362044
0
943864298
128422506
314654149
871727949
48256694
789069820
479922732
381463931
847997543
174987497
289655739
911855018
707730879
705413555
618419666
787413469
0
0
487146076
630361746
955032704
0
103183058
961510369
343343170
0
0
0
809409726
696933110
0
438251185
353258888
310042281
906262401
466263505
0
766126236
0
784635529
420435501
397883645
0
950763166
7142035
0
557299785
0
671711055
300946350
703385403
771223060
858064377
337286654
786663361
489803412
646171021
0
0
46677023
0
703606001
701736673
25436366
92295553
0
320406583
507977968
0
0
0
475356008
588579035
177158063
991662426
136536404
234352133
401347859
0
326178040
0
968205970
0
415045853
523437969
523437969
0
45179282
174404096
143013626
470191559
0
618731335
0
0
169666539
252876987
0
0
769582588
773189863
0
467566092
897054404
790715650
0
674079278
268973703
153777621
0
88262082
515705914
160714522
0
790429963
720797346
905334475
261439036
657277974
0
377559178
0
958498605
364884346
281992599
0
879127960
690806541
0
753494957
643209199
697492690
669507972
402116657
0
808778023
919856461
0
157795131
656050961
561281871
808228376
306966204
370216488
223126975
0
0
0
403361051
466019144
240356371
376524393
414193210
375420752
465163728
588875978
945270210
0
909579680
0
953042116
290476009
864352570
17142929
424509006
106924094
883669291
627351783
719544960
252401251
524737697
415784653
0
0
712892057
0
998766083
750145343
356773365
981683262
0
213004192
354757492
952735455
336486709
18677494
0
809051592
337617527
863809972
940855782
275733877
0
0
581455832
337174364
108077193
876984995
841542816
0
827355915
0
955000147
0
729617112
47308350
868711816
211105185
0
0
543951308
50440701
965721955
976535555
0
913576210
804945757
41854990
705304824
881062609
694119294
678712323
0
526134618
0
10640290
0
783429706
618910805
0
0
186398324
912619562
0
406126071
0
873946508
165236118
63402990
198472661
185784193
482666673
102706608
202597203
279749826
530556465
222812670
712083112
712083112
930576742
7572140
374253891
865467711
279959964
279959964
0
207090472
35309587
0
0
249300846
995976438
82788504
15482068
860557349
663603900
154728381
331884507
77833181
0
914376782
0
969627824
483373054
647298418
248251924
782093004
224536630
243024278
636193459
636679344
113402001
883779114
847311814
983219870
526927206
407257008
0
348866970
256296405
525923260
642199846
0
0
304772455
76154303
666040240
547717954
743426697
756075366
984279014
556933563
381355929
551186133
695551284
330397574
323168790
154792459
0
986280316
765826544
839578793
942027385
0
183388950
0
0
383394689
911139084
15200923
933067494
0
483326879
94981238
109264454
0
0
0
828293044
167836757
679583576
678827977
641929009
206761831
29497808
0
212081103
204055992
0
0
906918785
0
250546244
0
704158781
672853719
252842135
0
465051528
638350518
465545714
543036783
588178780
146247477
316674477
419929318
70531365
486251932
391736725
0
685418723
0
263229042
0
13416584
971157116
186405606
578347394
809387536
181143981
283773748
0
543920169
14444195
0
343667693
244328345
204330242
561218989
430935808
733086144
363227541
743675319
336636846
329126828
490550750
195088967
341390147
616041481
0
605484144
423418527
721922593
266527977
236852934
0
0
0
0
881832145
0
755767029
669573449
461668289
0
130320006
18119215
50979728
477445200
0
684360097
881466962
641058848
964473282
35357585
977476076
571051693
906605725
147657623
735031176
808866779
620797797
0
299979823
709619466
534922835
459041913
782042021
38633779
0
517534058
0
475677342
375449416
82918481
124531941
377890212
0
714717217
128491290
0
673547119
341835066
855663708
0
0
0
901318128
663190176
506599971
416848654
0
835161908
0
559951438
296458666
801645730
433174221
199385229
203801999
0
305620624
0
888765706
0
0
399689898
0
0
0
258649046
238041522
232521939
232521939
262081029
171371044
0
848354762
434847481
538729774
179440286
707001996
678753791
911388118
129357554
221638417
942344186
0
0
0
929959003
7610568
163687734
232174268
920722040
866393367
128985084
0
293542768
597578790
14111956
0
0
519247547
0
0
691925439
0
926726198
774685045
606626623
421205642
727685112
0
0
667641163
0
430579959
726147615
250313550
428591759
329826052
738674445
0
719374858
883180268
0
493790512
0
0
259824140
497676062
391955396
19041085
246611672
0
0
903236809
0
52391655
761368520
887962446
405122955
359195986
316680530
275435210
979883460
775444010
627390665
0
0
0
0
674116119
145836970
0
838041945
0
217602502
766202767
0
356693070
0
975735555
711487836
419365254
0
627967819
0
282078671
533784884
984092389
333465856
977701227
126185841
254733893
345190230
302221389
425328808
700549010
925713758
584089271
138055138
0
948696931
704734185
878365037
132001672
669142916
674240440
690367625
73885732
0
839353756
697862
851626051
867188102
375732168
766560571
13270552
995200132
677616892
296788519
41320496
0
580665822
378681427
651891232
803009435
172366219
890417599
282736813
816576227
907678837
0
0
93625352
0
0
0
0
980440161
0
0
0
849042291
0
0
685008433
735048452
3826985
572249119
41956927
0
0
373720101
853246627
0
592529724
451071544
0
152398689
0
0
0
640186232
736191938
796794595
432278279
0
913837958
229185962
0
956023990
0
995343494
419393049
285368886
0
0
310279294
0
0
0
776801808
684314792
299052263
0
0
993989752
0
854975452
396738670
880204074
847396732
0
412356402
300798433
852058839
144894671
0
0
0
25576397
566434393
990785667
172230988
901924773
184308102
120707605
0
971865358
0
554779562
982801397
528398015
8191243
435513
349280103
198743429
885436443
931146005
253543748
202695890
908692954
705481842
446831679
25302230
767251849
345076409
634151252
19968852
922035708
759503370
301232144
150825867
873622239
424907492
0
405756682
944327316
918392007
161949200
412430172
0
0
0
455079095
0
797215662
854302158
358315897
0
157166178
831046146
887995404
229534299
500127748
11466024
933465270
924483019
647808271
0
720750119
0
488001803
0
742940157
715327286
154369971
0
840977418
498343812
828953364
449918399
175973307
0
817156366
156799696
285665512
0
704634052
0
175500577
131891973
601480257
863526491
909555819
428362653
0
85969511
438208836
311543079
914711418
157387688
535943959
0
833594664
450003914
0
685614863
170914836
651613852
887778089
277551924
0
463145011
19009844
441039510
382775554
206081800
160828864
759733873
316439515
246233806
463043768
420005651
493139304
237686592
938245392
937930543
243879908
602228580
924925727
833379327
357979860
413980158
0
510756088
167982433
808146712
391093466
810709575
235320742
208792638
746263595
782260876
0
141069645
0
0
165576166
608079352
247707061
196761901
746630508
0
788434994
851719831
841419059
0
864319882
957089994
0
284299391
0
573775901
886028365
302994062
847261794
828275090
473870065
931694897
0
0
0
853299157
864360921
713476496
0
1023228
0
24355397
264229838
430006558
919885504
420009668
432192635
125345413
453788112
0
789979441
773963642
305767455
542626784
740322593
0
0
126908920
490366118
203986410
9179607
400042531
345224333
877889914
517784821
295246022
0
959147178
225755630
344432277
743648549
341196788
20630648
794309425
802897036
718662574
0
403590414
960298779
64800118
274402276
462298770
658715115
0
0
399937926
572744951
914880460
0
18555499
0
188923428
318441352
753320797
200076815
804033310
684837480
162944573
0
954661079
111089220
200983955
11015025
619342718
351409689
24120271
0
422053539
147370954
0
0
523028908
925619155
965289731
454228027
282742959
0
0
17311662
0
110282888
489547666
881252476
273395788
996517150
0
348906474
891912516
894490148
789233580
489022932
633420173
435307254
0
0
478689511
0
189851690
270692484
0
432579109
421517766
0
668432531
436298511
0
15551320
272772480
579238766
984554137
0
0
439969539
717835842
48317830
204398421
540117838
965256647
195419823
971245430
297929280
897386219
244937083
739419584
428431177
0
0
0
0
825369534
751109779
919599751
0
205387705
559909493
118090502
919938072
996562534
201772781
0
614901223
765307277
0
103735567
963385631
0
143240125
0
765273759
766174703
100200621
708451711
155341567
829896015
608642046
328574075
7447457
442782148
854569742
417901047
41234991
0
0
547835348
394459905
351164177
903626403
826453888
0
441097362
251976672
511549378
214899047
0
734933604
107174445
181327131
0
0
938247388
0
139583226
783632166
553612502
0
201951010
603095054
24516051
770387508
408803400
788479502
903085378
0
0
403977023
717520983
673656625
790930511
980977578
604499719
0
838170135
858805783
383640495
0
239101362
0
324410083
331219320
301970915
566545134
754396705
404924814
566883712
650135916
0
91871474
862865728
229834593
618740790
863290522
0
0
860443748
61759643
0
988975811
73640758
80670770
537829948
560531687
747671519
381741445
235209616
34599510
773695760
0
675856095
619200740
0
740354557
0
620075633
104245794
882144927
400289147
2440111
0
881247408
265083950
299698610
0
598595372
58786604
742224108
561343294
0
717777371
0
949158653
849331217
695891912
278452183
0
251947230
0
0
820331324
753628762
92819580
0
0
627633216
12012348
939786387
230180477
512194228
594854999
760473426
255253832
155269418
627161240
343961868
0
413205665
271610304
952787155
279684834
311491084
640258539
690543080
443498177
243467678
743377953
174465706
0
351413942
286687003
507719237
538129515
657840062
398027511
0
0
106131184
467513189
62430361
752549521
940690798
445145688
0
722679242
372325976
0
117669541
595544417
786839216
107705381
518681564
314116773
832651771
672296074
98583425
370406886
797849647
699377058
625127251
306063273
848547236
466181597
0
215832551
701764824
775857309
91384607
0
8631839
0
555732962
223020783
142121422
256602150
302289260
59634603
2004660
0
0
0
370148943
944168006
377713307
612089848
171688549
356662607
536395189
849135666
928985505
353593279
304332662
663936582
419748152
728644927
0
403776166
329280144
146789121
346361056
783475714
213118782
0
706070877
0
186629497
0
294546956
95994651
0
303256396
42106737
249882300
484280498
897351821
958206158
100303316
835171827
857262886
381266725
170311365
44125672
625023078
0
0
146188336
285777031
0
209788711
234037081
0
651221992
338945859
0
0
100927131
0
217462847
747797180
841120855
122682055
639914988
124757386
787555556
156311668
404358484
502938077
0
336194927
850981453
310878822
576555254
834355095
792563601
457412864
0
349408390
31216797
0
0
492735129
264331306
427333509
691120899
0
556678440
67892681
946091647
0
17409501
311679968
268787820
965731262
0
445240017
189206997
20666808
574507394
781271347
767431820
829871465
653584407
203777123
35928804
523858595
0
905746506
614039027
595065309
889745412
0
441936734
0
0
0
869467787
756915335
224670205
123092075
539870777
209092500
832807535
395272594
416333101
184848241
0
335342468
948449995
594456666
0
880153822
718681109
0
48872829
358397139
278619319
803899140
439563852
200523616
617283425
684424301
0
839213279
846569670
282394109
950782202
758451250
0
983142485
294655208
221211995
0
110556225
219491942
0
839332894
0
106001183
337797270
354650402
787397242
350356902
796958377
292175002
866659010
387528570
0
980261396
657015540
69329106
477129194
0
809510512
0
0
916278923
0
995822039
215487039
0
0
0
33309457
273403765
766201075
474038343
3928818
0
764212357
868432862
542393093
575440732
0
199736832
970604156
708586572
129151428
677555756
0
720360921
67161128
694372644
220977961
925248520
472442901
0
932315638
979611647
798690733
439956163
510051688
692930276
0
300227454
178580609
669000017
699061100
241324554
0
199716910
0
606379057
905178399
748576721
814009735
426599165
0
42385176
541134199
600700385
0
186242701
310217764
598816192
129652572
252915385
724509834
95569349
748983881
0
730887485
50077104
247629250
520599271
615299851
714705789
563027599
396076119
0
97634525
397096233
820483826
681272599
515373955
829782513
197031630
181527499
709006798
109079129
602697399
389824781
0
278371020
495039711
102331686
640928087
384383795
238932860
693091779
223054053
262421705
559090684
0
101348292
504423775
168830615
357009163
507232058
496746686
0
330070260
99798205
291035233
109156044
0
0
977177665
266593668
0
643464651
910443329
910443329
55129896
786629003
0
373492135
847750785
867808316
0
226184037
677754218
0
60124897
28430883
465929030
523995673
699027153
656785157
952822865
177034569
0
258098694
561790940
115363202
432726643
109525190
0
301984231
306143408
366993612
493871345
344522561
112778057
0
0
203171860
0
389914499
547980972
202809804
439706628
0
898422743
0
0
0
0
846403221
541303218
422637079
0
0
433120095
162096874
858908847
786721215
0
113179682
0
369700107
225876624
598606982
782336044
875105876
564252470
9475111
0
906018727
206105467
0
0
870342632
479426549
79538728
673092473
0
196857749
197241506
478073154
246922257
811985552
0
663648129
879474246
878952776
0
547296469
0
625176756
0
31142694
3247959
913485292
641402598
412334787
782868082
467905128
572439195
0
35736620
0
745665272
0
0
851099213
0
0
407486457
702293882
0
144281661
245896606
37649720
722769644
640918431
699876087
0
609280186
0
298545510
58179566
285945485
0
235247829
989529725
575839375
0
917063034
720298955
853548598
0
792216573
792216573
105406923
164002209
541877121
771473685
711615905
535934495
0
228594301
541213149
367400458
13088481
602189661
481170946
0
846862179
323316240
0
0
141554583
313588545
969325755
50412971
365153170
0
545143258
0
849521823
355060248
407026581
515844164
918937447
416037592
784203508
793004985
0
827976504
583709238
0
88885548
981830981
0
0
593867865
430224716
577669948
224020578
0
233340040
732805820
645913721
629373242
134924111
289102777
0
187475543
0
496054612
903486799
496054612
614985576
442572365
731860487
147144430
305003780
305003780
0
967901864
762178018
0
0
536057463
293965900
0
385738550
10377852
145733302
584303238
694023748
736862086
477626488
405263440
0
739119133
493952909
970590293
199668758
552720598
382249847
885355912
851419943
652842447
853711425
644449941
0
98417010
649018715
423954923
0
0
748237406
63975096
429075071
0
0
80390224
346133690
706642225
4909967
349172458
71989462
0
878521383
0
192822955
0
231599204
0
208588921
646775152
879597332
0
196891192
392791145
68352647
0
437137985
812051097
305127697
94947138
280184052
93823059
725038342
0
313647338
875577421
881241937
556137371
0
328613301
490527819
554418143
593718109
26777489
474748300
0
660909706
398551139
694702468
365506889
475591639
0
36912595
0
635717396
565555603
941025162
129785306
963565406
990913840
0
699891900
941594049
85983201
0
58803033
569479232
0
0
592231931
358586765
613269817
412759314
279376013
515876515
0
842027081
0
977227595
490027540
25654476
0
355811850
791566957
0
70544330
681243085
64143399
0
169041545
331979115
883861442
459662775
0
497485095
154762317
286633092
218374674
610660609
839621301
495946589
797792512
772965961
93700584
93358096
554436753
0
574506172
112651900
25647429
836953087
884364386
106301086
122090485
0
37844802
0
868884874
928821532
961918601
930467785
347692082
902617015
0
336844127
7329718
0
957581509
64467799
332917045
397331003
613412895
206350628
875983794
542726307
372609138
360803629
27862134
0
798898386
410472026
101455530
82492783
460175
0
112265891
275235967
665975694
0
296287443
559930324
0
506741319
576759190
996184409
333675038
376755475
715668831
0
583898532
295629742
671597434
0
0
555060588
869300672
0
0
438427200
456942378
0
278616642
495946864
0
770904696
184034023
30321466
0
856926393
0
826914626
0
507547714
215961169
711099410
404118741
52014839
677878439
402167578
968104167
916798462
993134713
546686635
726409404
622300868
0
331939324
490772578
566580167
687756954
0
352929543
267136654
0
936958350
0
0
839501730
829547380
899590946
249284559
302513489
131734026
715751995
0
4012723
430258399
361949791
638079168
620232744
975353738
0
232367352
0
0
335003411
535645799
834083065
0
756453487
916334380
731600837
0
889297985
162938594
313231373
0
163926934
574082514
745923087
215943845
0
80315646
0
344006724
161171018
556939942
458221375
65535150
779771062
637813550
0
229502482
157549458
931527639
0
84977162
871944777
178974451
544231169
68637730
583627795
440439414
153069264
0
421992350
96537439
356095861
655450946
383043768
780072319
693800013
602421539
504577098
21986697
972163531
868666400
911370895
0
807554282
547513138
747831448
0
846070244
0
561247707
0
0
530196443
229560275
601636382
912530409
1719357
870587
0
84524383
0
473193542
884228119
250976551
678393016
858046650
0
357908665
333377775
484792128
82569485
969103244
673843819
598930529
423664640
0
0
907122856
0
994730004
534285375
299174353
342014221
476829625
710659600
386052868
0
895583672
24762119
0
913006013
851508460
805922711
516055226
474743480
473461829
840805699
561265461
0
465651125
941276967
397124882
0
621878434
323445240
768119842
963079978
143905534
891218723
797238718
274426201
747605849
0
0
715023685
678433077
246260423
0
592818967
238333427
574789329
922537753
978117221
467372966
693664852
155491752
0
587262917
0
305400405
491033451
190047922
989320426
995485066
0
760140348
269234526
887332166
764198895
0
0
766472265
913018649
0
610015620
390824942
965327882
282290325
51910582
194323446
0
530612713
871800941
0
404184071
425140647
584449207
0
0
0
938328989
0
358493926
307997236
122474301
260972787
291187711
133064497
407513026
0
410832857
786966155
345159293
50527898
202935787
297562082
317611721
357318276
184463436
106777859
789996688
16290031
0
861161203
854586762
271383902
6427350
270533523
43789319
162990625
174944058
214488023
834352497
640171201
0
585278812
18270114
683564098
96822699
547640068
656063574
656921972
0
417074824
454064736
193894243
859708318
868295023
850113357
996663058
263097168
486268559
199865045
281830285
161133053
402699420
0
127215902
456166872
190236621
377589295
180238317
0
250230981
0
0
0
138060034
363361996
525969414
499469030
366091962
0
641653775
0
392616977
582527983
302781743
193026926
314660018
604194857
487407427
629202675
640868732
0
435231016
0
879381767
955074178
963799435
258705638
0
577954119
0
577300393
342650094
0
539795944
36050161
0
67146858
145036583
660475659
328600538
90218958
70746670
50404755
851101841
854409942
642471595
995734669
84963909
909938436
0
333081303
868762855
0
0
628357182
543184496
76564223
26469549
758358229
895312168
898105051
0
380879632
447816275
969915526
0
448590790
0
507169972
833910515
556743909
57170532
609751031
962351601
475152437
290760902
911283647
336396896
236097317
0
481305932
198383785
212047284
420744476
470968211
553740001
47827103
0
0
219462618
0
998126324
165297920
612369220
121002857
633598709
948765423
752377725
749199571
0
627810500
198099679
742730635
374006409
0
570360588
778660002
0
0
198223561
136762442
0
329369047
342783644
810659699
943716266
400877617
228400169
940179915
374634441
0
631446613
715220946
143971660
155235048
50473403
808703186
679696442
619690759
14365030
211433045
0
395065121
742555420
277902040
864839746
0
0
0
915867118
0
552196046
0
743073848
0
394680769
0
93853887
79879041
777704617
231742914
555960011
380008293
66752761
566977006
0
587772725
0
0
795044413
141397426
266098887
823398993
384596264
0
722339538
500090682
0
662384055
0
798461176
877459245
817996801
870620076
624101604
641624810
475742961
242928609
661625367
415506037
647074785
937139031
597090193
503318006
845192864
423997297
116396452
700906176
420280726
0
663233266
565948571
799471306
479753460
729091559
111614091
873751720
241206847
884583306
0
49368298
559026059
279433445
84754881
49825840
301771766
877523320
469811355
226391586
905896164
584131009
549442583
428887173
467778863
0
0
0
325447976
0
908554544
16800023
668340738
0
333650881
503957068
443474405
314927508
475250476
766834754
56035151
742022369
454413136
0
226873800
593690414
0
0
35391820
744676625
909316664
663478712
47202530
132867522
897139964
996050692
167609870
48993491
23593458
959486482
0
644669789
836544683
0
0
905822857
469240372
379182179
376585845
303202979
371385539
965692066
752005549
0
969157143
0
365686221
195773086
494748960
378303571
693095165
608115229
8524691
258467330
478211077
0
513118058
196122587
0
732160575
389885137
454004934
53071842
302705749
817771188
445291637
128048449
86354002
176668546
97282001
317751067
0
0
860666381
907118521
757114770
451754326
0
0
141159100
112107861
430546474
656667328
765392379
0
486347911
0
0
0
41334198
0
683434030
330735652
0
460338516
458734977
0
959903876
344051597
149351148
911395850
295968440
649194389
966231388
850301014
688319490
404536095
151513559
506277831
504596253
267213670
786509174
697749615
578805588
840087549
369282910
248408330
806534390
717266065
590190366
115682489
960106658
546783860
613675222
0
118506592
612665954
139601188
768344597
471123704
963804395
0
0
675764190
355412108
834214368
903737615
209296846
351400226
714709406
0
624141260
872385285
903361713
802141113
0
199350349
761299589
955488223
374245079
0
0
354376670
714887945
651622137
557386639
0
971542434
712598971
0
279966386
0
641388446
376270538
576041861
114089487
156952813
0
824493561
0
28007535
702381046
423306022
0
616274090
588082248
60703630
23893914
741698298
123962785
0
38727752
0
148650614
223704989
783461685
149244985
893643778
0
0
538921206
825505452
681215321
233294151
644816193
2182208
317244351
864991503
372756077
372756077
694357468
22108513
271880900
0
192968707
564999927
796116884
0
0
0
662658712
221451746
428062795
29808698
458573530
229023710
525066921
949217162
214289729
197248365
0
0
0
0
0
312403344
73363848
0
543424410
141880508
0
0
329636807
941858227
998685058
0
190709262
330618230
860799712
24404165
894527013
640591292
0
743469137
523405998
599911863
946450825
0
106493658
0
0
412127896
593861726
0
0
0
792237551
296302730
637990062
0
619322076
495256568
297023497
196770138
309667611
0
437313788
230202947
646232948
605538572
875990424
398442455
581871071
0
21484421
849778580
531106592
409727657
169323875
602876514
384248656
0
786512794
793469033
446834357
814266441
981360247
0
0
649784482
0
49447935
22687079
526355688
0
406482925
0
821339284
890259543
433772506
995759723
102072411
512972793
738216312
191059448
14166314
802250834
524162209
923333820
899363868
0
145442170
556405084
0
0
446615338
682960092
681485961
0
962338925
704127807
666602591
664692692
0
304935401
583910354
841926331
704387109
0
0
0
715991424
807027804
350864588
245951894
245951894
0
0
0
0
0
596273689
263432495
0
823110853
427803750
0
212237623
527084501
663794772
788533922
0
505313281
0
0
807528422
882867978
454336810
47013841
321425912
956138715
0
31454876
935210883
948236993
682009644
54961778
128808707
86112165
57663488
0
484046560
467468263
155359831
339138086
914526117
521838813
315467933
962990544
0
52813466
810637719
397420929
538747006
229056511
577733841
100813943
892600221
457615211
0
410221911
741343288
0
159550229
460903634
366989482
574913804
0
126496478
251081258
521896835
170856251
0
858993334
256773991
978396838
0
0
769313863
153776061
545681553
84579560
480415789
883403924
0
867685652
208200707
842632528
975690736
793810004
0
415963290
315627480
0
360970660
669091957
9399045
0
565016083
0
562425920
0
350667931
332080511
0
0
451628113
941208469
436113177
0
406999445
122808790
0
214256319
0
869963048
634853352
500655419
467739431
12285420
496770169
98627762
368839125
773549918
671414177
0
282030801
381567275
395749616
774673869
736944415
785872722
965778349
86459032
150166847
0
806324817
281156358
275236711
601376783
0
251630573
965424384
822588539
156833052
994646275
495843245
803379244
898851298
430569125
60015771
811724894
223748955
66511530
0
0
266349202
33829199
0
510272360
844398049
917139692
311028209
0
374835797
248333244
0
0
298937035
361933818
724538632
961217402
674884183
766381429
445796814
961471845
148558689
325448876
592858303
911374516
730881745
822413225
987011416
920290208
583088073
0
155898233
387304946
460379869
337625174
0
130361786
568319160
442669095
578751641
293384786
109366319
262661475
524684460
716151966
598249463
671712350
0
105231385
965742780
312100398
555000836
502714016
0
366492099
0
51212786
779279405
837503625
0
828171143
688994142
991717261
0
0
173527646
729765706
803956563
0
956964689
836190897
507632312
513208602
171798447
0
762957810
720353908
858516632
0
328488096
754090777
540973294
656635880
962905539
272458470
870454130
0
715650551
532930800
337220588
234619506
136739923
658520112
661030280
867376771
371867847
889759532
0
184169202
847319381
0
0
720481842
621226420
867131163
325707667
654237637
731814276
623727147
314503188
938241215
225820311
715070421
0
222686325
368045862
737972267
0
0
805272747
332270122
0
0
173284557
0
284152709
974944344
705395351
839951680
747195220
927730695
676391587
79596351
888400254
89080873
854922842
656562505
579933667
157650235
863050240
64364227
604722527
55542872
324178923
0
619098145
86394269
935733318
403566634
331279955
0
390768480
4091746
439824544
100091593
109818941
421207394
540185943
645908007
868971094
409864341
11614965
908677006
444649100
882710271
131888117
442075141
809141998
786371121
32405484
602651827
48805477
254741483
901660103
9552667
630670244
964932932
112146338
686392448
918052810
494565923
110279872
0
604252277
156314279
912639472
148158869
584049764
0
19613502
618401362
972861146
235089008
0
0
439847750
0
120857856
0
0
524105267
0
141150602
0
576484937
246404302
407409034
812931380
869395230
844521767
539820430
0
602866899
0
641602657
258706568
619927982
0
0
525930823
304688136
758383568
285720586
396781434
417629977
764779051
87306490
0
263962294
37933264
748328837
106034262
271431688
205339223
512017043
320849496
387732481
518618717
273628034
82675874
165430521
0
0
0
447608281
0
81131656
202952204
774400615
359756420
656453517
609545136
0
603013594
590882149
316747165
312215030
291518879
658303690
965488022
922679823
997064974
127053295
93166507
284141845
180698957
206267957
0
0
937880563
0
751146876
655261474
683657433
26925314
0
0
493673509
377137967
798805121
912246081
0
795393665
31442966
548406955
690185276
751355658
51873367
812081578
691030336
0
446201604
0
219410230
0
888677714
863927207
419728920
3224463
340996830
703630548
596774323
492048253
585159540
0
836190375
4135043
874354873
875091123
888119019
596098803
0
0
379774991
540960882
613721044
0
579406902
447326787
749774232
0
0
734931497
997012094
313357875
471467919
250727758
486331700
0
964431194
16218862
268516499
669189098
580230241
80427015
0
0
0
182591158
872135323
0
783909952
0
418990342
544070536
158556738
796428824
937692474
0
0
671747745
500616790
78488009
433796449
0
658040348
0
0
4336389
723977873
791335370
931378663
39254897
395372201
477571314
463946295
896739033
794975942
263645899
0
164797385
923935130
626870354
562839387
664757580
795453869
54184763
0
192655591
0
596749481
0
0
139793969
907164305
438927920
729209096
894220708
401335893
431254525
407127338
535087030
989634488
798475534
0
476554623
0
486596249
0
441461450
442830730
286703658
0
0
571502560
164235845
498254651
296299195
0
0
264714015
840924676
851992454
107263257
0
0
730461261
790873979
669196575
0
0
818786105
564476875
0
453632049
119878129
0
400391199
641320174
690333857
0
0
343659289
0
801666442
47463682
671895507
189913839
0
927688283
0
628943537
985618030
304459284
470928403
704223168
111173314
399453860
0
641094214
306926352
0
0
0
524693376
0
0
56014551
9438336
189681166
816541223
91112119
858479828
0
0
0
82872632
0
0
0
0
130290831
161730065
541273381
304472336
433460994
0
38994252
0
690009077
881773877
630049743
442648686
676422879
605270564
183324565
679224873
294951444
58162218
955956396
513654103
765769609
46650265
264264660
417980555
743136790
821634402
667594025
956673406
828294357
689169066
661981305
0
0
0
169318769
791280103
486552447
141013053
0
83509
0
175658698
0
693149152
0
425119746
0
0
740338177
539470184
894266617
531295146
608254794
933511379
0
0
700942462
0
0
0
112737636
445586189
554786825
547825654
111500518
406423252
145906926
0
602915750
0
518363980
103911660
215600611
377638055
640709393
492733213
461644095
816982511
347035250
353865178
500504841
898227146
0
35114130
623988108
5013272
563444513
547696544
519238252
325132524
525718312
254552480
0
641485245
558861452
854999891
0
0
270985416
741159976
312154742
571421528
721956579
269524426
68686341
896854745
353814507
803535779
0
285214498
9689723
33585768
0
434845710
363615665
582766466
0
105911388
791067155
14127498
0
0
916299073
12102968
760580522
514523441
0
562143128
0
3071174
0
937804556
133915164
113743381
389315973
0
752098208
841250367
454990348
621239333
0
866289522
501707852
314675891
898439868
796901400
817074160
682823947
524989822
802790491
0
0
704033573
155271468
0
234188806
380596806
692027393
214095642
103752584
0
495386337
129935207
131572702
40858295
436621456
0
240439022
381678990
156192647
226323984
118875894
459715301
0
0
57310694
682042706
670107285
228957757
0
906710269
5531634
0
611224835
997477512
0
449735520
81600019
464040466
0
0
982697064
0
195883382
0
635708929
454815347
717062870
34830438
654382184
655811925
530970663
0
511622803
457882795
718731302
196869779
457116029
462505555
803094718
1012292
0
941398832
771223548
876608929
151047094
310159131
232550066
758416464
658655574
0
673919805
0
272709331
0
0
272666639
252071009
839637361
981580201
374916573
842950078
710013320
532664583
278189150
824182083
0
360548602
101588820
812507252
0
373435295
248942111
146890642
877696754
368864615
0
259864111
138736953
0
346753300
876238983
438103486
72760110
222722232
464986796
0
227060048
177394606
177394606
631516432
411888115
55758086
220713405
319866234
0
840324516
15159943
757509532
720009754
717335944
72215109
713530669
0
0
938988076
531214121
583036215
0
0
0
601320868
0
84233384
695735206
752488660
753143462
916719959
299876135
353586699
0
0
722570880
752230902
703124174
612229760
188557901
897556080
220758654
0
208019732
0
0
0
0
24311044
591561805
841035874
0
380196243
0
0
676035020
552851734
186002449
578909856
398290590
789472911
338855094
426500907
380509401
0
0
584508117
536404213
0
885015954
993390106
765325511
841859520
552319874
639881610
334578191
638701673
639466644
579223494
965562987
258656819
353067297
157026460
686802478
416883814
310464797
651121108
0
67624325
0
266867383
0
456527034
0
0
740004678
968892690
851678438
382160029
687140912
843545879
0
911928563
511024789
528145908
0
236707278
0
191405817
104980762
643370784
377605784
0
270783368
154320040
247053132
0
188349993
0
738361905
657013557
134130225
0
577521786
784452410
786381668
37549398
856903134
252693981
87784246
346480800
608785300
677321724
420397848
893394780
0
0
925352463
0
322547778
340643283
0
389921862
0
379009063
977022780
848643869
759731097
109581054
74098202
9914983
253155236
267666185
11412133
0
687652264
464958507
515731974
0
674345053
242140649
300332527
832104526
451667139
0
232657196
489632983
377272653
427058291
116539197
518959651
866129800
970153509
670297010
546904114
341804823
234514625
121005876
430281691
37604509
0
834860104
95010404
990821641
710226385
283487370
421403951
461352232
0
988705278
553299295
769294962
0
0
724026387
0
0
734211445
963885306
829646105
608626283
857098287
617211781
895930800
66887302
0
505421978
496699376
548807749
328899679
0
407728702
863054979
0
60703891
438950793
864959710
0
378383963
0
0
906195379
270872523
0
371337499
671452697
933034191
0
733791674
675407818
993024162
10250745
993196580
911762987
234559712
596331086
0
654636055
743530876
179213500
472395422
344690913
622178434
570385447
0
728454868
0
355108686
745949488
0
736626698
0
640908866
472684939
848829880
359504312
433659626
115750725
888861112
842768363
842882069
6385315
411818535
602992978
166235115
915051035
996548056
0
936771587
650743112
176175220
510436274
350884062
274265464
0
0
0
231933625
461830219
439177314
487392082
762855046
455818392
945392477
298346674
0
0
522146188
270274216
0
564000286
0
957341716
635026644
74872844
69396366
464759128
165924511
0
181032494
200093478
0
390525620
0
869925076
287943750
527419652
12495083
269683267
137446778
0
92245931
366524044
72112106
868002421
0
953865666
0
883668828
279965703
0
953977875
877595137
640695983
837356709
30727291
623401709
0
532582847
182729291
357006674
452708452
290391634
686897377
912081359
653121566
653121566
0
0
893359121
999643656
797430711
766200515
0
777336216
989534257
0
179737658
481020260
0
0
0
495978533
974649692
0
849450493
97482302
458152232
402430669
352257363
878469022
197216614
391316422
0
963857777
313650178
0
422315620
0
0
0
0
760691787
518717849
205435260
739830583
371218744
398735466
0
0
0
291906976
612580241
191097584
0
456195287
950963053
738585648
915851008
450249697
575942085
648010343
271484573
23627978
525616129
666864617
0
0
399236168
198372088
463473554
395702081
103295412
342688739
796015036
974424602
0
209045853
993797612
228567917
626633391
0
204273575
607440813
807853049
76875804
0
14370126
720066459
835293473
834686882
208530171
432999370
668646250
970213795
451687288
17986047
193836270
161094451
18800029
0
88326745
0
387801468
295246298
641743241
0
799497763
0
0
0
300186060
247201563
797496859
0
819918747
351722219
226304325
0
533552679
0
171585417
479142664
132514897
0
164029638
882365138
0
140262369
886386183
694284994
0
61441283
0
146366177
299839430
316094781
930017318
69275236
0
0
0
191826953
163152211
960250502
513825011
0
676608402
385849601
122631117
59282529
633186592
149503912
0
0
969911756
0
512823913
271905748
56744760
637143220
0
639289314
883111413
643590462
911716711
0
0
0
940174183
916593864
459791764
79797803
752505457
695920206
388932497
462916106
45271367
0
467093398
727562798
705491654
0
0
672729510
259327308
672729510
180472531
0
704714232
0
0
910954969
0
377196323
0
0
0
0
943393989
41272205
0
525985169
555198936
240616435
125740436
0
170263743
0
587246696
0
388218593
0
0
425943833
559199818
407586645
856626638
0
604985215
0
969871366
0
6935314
140915301
400231376
525831170
0
829876461
0
875042538
0
0
32927571
242444914
476687947
596805270
961747952
563220813
90074973
416166037
0
0
869324422
862033349
118612077
218463617
892155558
298218570
991465819
0
0
994300572
0
953488513
0
0
0
935695616
191611626
0
781314260
815271071
993546335
965103417
31433184
124475410
0
766986728
0
0
0
0
295304738
0
0
547036774
765281064
819920178
523961902
684818451
0
244609921
0
0
576972691
129873442
0
478945522
0
912010569
500927266
703946746
90649263
0
23772848
509619324
490327081
573416219
633172950
977503965
573237445
373256310
169780362
0
0
0
228186721
799854672
874156867
215017153
0
764422586
706562490
705406800
777574708
351672582
540475381
352403841
898706354
913475100
0
0
794842306
0
763615862
294583829
661647009
104850498
335355025
538812815
159113062
417998738
729544116
723901210
658482430
287949064
818986305
0
0
591994239
955506572
304557218
0
414278585
191629158
515299377
311325313
0
368430039
0
734444997
391017481
350497921
0
508541479
739264292
826440776
79898892
675329504
67569407
129883445
547046075
603524071
0
834253406
981929748
429656380
571373389
616905412
868964667
893504838
0
664683491
216643162
392801921
232693628
752868166
730148253
0
0
771663090
0
658258432
308931681
405714825
0
856116555
0
131437990
0
843090253
0
830286188
137659140
363610161
943325865
623299018
77074938
0
0
445368863
244333076
0
826173651
374823937
666808538
805916642
0
0
713243755
970361769
183220424
628800080
494554335
0
491128652
0
67295102
111918555
992382784
416215444
949905689
415167734
577755653
466776591
64663338
521241753
254466534
565300415
396641920
0
0
397554160
0
0
832783327
699722696
869162614
959338903
0
0
43446900
0
541449884
275210553
311372459
0
0
721724762
587806489
181384716
0
0
289551718
445343631
1842009
452860345
0
762293038
47183836
766108459
497350894
766121262
871337960
0
806600092
702815722
0
0
839396582
11871564
192893902
226417154
100347893
0
116562949
0
0
0
6584910
410781560
554301470
0
664783032
0
144915984
78770333
53566504
143129079
958596438
43951401
543518502
567277211
7401106
871406393
357247764
600858618
0
707970895
0
509232269
519092816
746356795
50221216
472135794
752715867
144959912
930443314
290390043
616985206
831816879
457417704
848235244
119180778
405300934
0
272084850
817368847
890735470
636587768
559531046
704648495
340197979
61391710
634799859
554374784
882329961
202385257
34502901
0
983964426
98402211
881987130
956495067
0
0
268478151
0
802125187
335849794
4566584
0
469435717
405881621
712908766
704054261
659469330
89705789
791929504
0
0
636932166
598748870
794587638
620232791
159574971
0
377776729
0
972802347
605048742
595216798
0
834426037
392924822
0
372256600
416123341
210370555
638221079
0
0
423756328
904679792
225402666
0
71882480
279688245
348043389
989050107
0
0
0
222973190
68648151
966367402
504494968
750039046
664629814
656519696
454197516
106808365
136883981
858384310
743345878
634522661
452085127
0
278366047
260816259
506338277
534621471
864425733
53380001
504058107
979284334
0
0
709156288
785978581
194771761
959983465
189800846
448518089
741713088
340135710
837679973
0
574821275
205181574
727504079
341615532
483376697
0
336424691
25141047
180755058
0
964633829
0
0
954017368
922214283
387733813
599827917
768628887
0
830668684
0
491448857
608116706
514776714
676598617
930091384
737133406
230280666
737260285
956447231
87213975
129938929
0
381928842
343255142
578124623
426288773
298285793
83722985
36001613
399368456
16940543
16940543
399368456
670198317
341116712
0
62177760
941851243
12786848
465104886
20722495
322315014
436930020
0
0
0
136662066
970035259
0
77980270
0
856043066
303435141
745345494
190874146
207946754
215934074
821473022
536922911
663170255
261148575
932675946
570837458
554267339
885654135
356233430
306225440
698358743
0
871121057
290419679
65683141
896003800
638607050
0
0
266586066
0
878930623
691215913
594956121
664458755
909027302
0
281480248
913262786
910425209
546296529
790098005
236299934
531332189
299888856
531084198
0
813150849
776129436
208808322
951191489
12927111
0
902706849
409217920
0
565875918
315184598
0
27415615
21389277
959067865
0
600959777
346701958
748719073
748719073
0
743496893
0
435627912
373133090
66317967
0
342374860
0
784833546
0
638296974
548954925
278575832
503689380
0
183481392
0
245729516
0
1385782
444515441
304197434
0
268463
