0
0
0
0
0
0
0
0
0
0
0
0
0
0
0
0
0
0
0
0
0
0
0
0
0
0
0
0
0
999971325
0
0
0
0
0
10300
0
0
9160
999950507
0
0
0
0
0
0
999971325
0
0
0
0
0
999999703
0
0
0
0
0
0
0
999974827
999981157
999999703
0
0
999938788
0
0
0
0
999999703
0
0
999955248
999974975
999981157
0
999968793
999981157
0
999997178
0
0
999936038
999940098
0
0
999987769
999932498
0
999884951
999982097
0
999937771
0
0
0
0
0
0
999929321
999896108
999993521
999970467
0
0
999955248
999959880
0
0
0
999999703
999964181
999943204
0
0
0
0
999932498
0
0
0
0
0
6552
0
323
999919656
25694
9530
999966752
999810268
0
999884951
0
999964535
0
999995242
0
323
999990281
22418
999988984
6552
999871173
13561
0
7475
0
999999703
999884951
0
0
999972488
999993521
999937771
6552
999986698
999964873
16416
0
999924161
999880760
650
999964181
2279
10700
0
0
999928170
999964181
999884951
9249
0
999943204
999964181
0
0
999997623
999911361
999954695
999919256
999990300
999918119
999962610
19419
0
10069
0
999987769
0
0
999962610
2817
999889991
0
960
16537
0
999867872
0
0
10345
1299
999972488
0
0
0
999987339
0
999872560
0
0
999996572
999911361
999993521
999964181
999872870
21309
10345
999937771
999826789
999976797
0
2132
999996572
999999023
11967
15583
999943133
999964181
0
999937771
999932498
6552
22168
999965186
999937771
999932498
999990300
0
999898955
0
999977576
999954695
17013
999932865
999865674
999904313
999987339
999996572
0
999974181
999935639
999862051
11606
999895117
999999703
0
999926263
6812
20466
12528
2646
0
0
2563
999988729
999959824
20267
999989278
21850
999817953
0
999932498
999990475
999852325
999999703
999928408
999932498
999438230
999935639
999990472
0
999880956
25106
999699595
999916183
0
0
999935639
999815117
999958369
999886336
10874
12060
999983043
999829945
999787810
0
999534743
999955248
999894157
999964535
999959824
0
0
0
0
999616667
0
999935639
22106
38587
999640434
0
999752527
0
999752527
999965186
999787810
999996572
999962727
999968730
999944044
999996572
999929207
999999703
999774690
999955248
9530
999982127
999752527
0
0
999820558
999886592
999950629
999964535
999581382
39211
0
999928721
999936196
999893432
999894157
999993521
0
999862051
0
999996572
3267
11907
999906899
16357
10633
999892284
999900461
12060
7114
12060
999833256
999861800
999940694
2279
999936196
999804671
999133179
18162
44099
999653241
999810268
999898161
999546691
33320
999867572
0
0
999533678
18162
48811
999947230
999913738
0
999949347
999862338
999735339
999929207
999913738
999998553
0
22106
49725
29280
999804671
8685
999475867
999954659
999965186
6033
999866914
999930473
999758357
999932498
999894157
999942142
22168
999866914
999809234
0
999912395
0
13735
999869422
999958369
999532251
24629
999910530
999373206
999866352
323
0
999919256
999871173
16416
26478
999813798
33970
17959
999928230
0
999558602
999822746
0
5878
999794049
999963708
999717535
6095
999895065
999732822
999815460
999996572
999449064
19794
999793184
1513
999987992
22433
0
0
999975119
999913738
26478
999894157
12060
28602
999964535
9236
999917227
999913738
999610895
999955248
999862051
8971
999979454
999997219
999903789
3904
999874580
999636734
999973830
999884873
999964937
0
0
53819
0
999990475
999567388
49725
999589549
999958052
999467206
999996960
999909367
0
2040
