576798
948429
795869
-1634737
-1448195
1795601
-469947
2562272
1156422
502142
-121343
2673433
147040
1085561
1977144
4925899
2844367
2754952
4793432
3670676
835282
4610716
2642095
6106017
8684554
9271247
6044568
5237623
2291458
2371218
8203487
4743118
2296588
5804478
6006693
6147046
397789
1591434
-192283
77297
3925380
613126
-1056619
10447606
6886652
260783
233737
5815622
10739767
10279784
964496
7382235
8057661
7012319
5623428
209333
2630351
15882647
1040421
13042726
8349487
15151721
2081432
5042892
4788392
8548442
19799012
10670788
7340698
13390612
12828201
11199471
6215058
8570272
17261384
9267093
1113623
22624261
12463290
4242483
2685594
4804722
23897917
12321501
21551818
21707220
15904529
2080458
24836267
12619180
20850598
4896699
28360811
29728319
6552428
30011834
-498166
41137946
38096464
36091234
24823520
29416511
8917269
11435868
21163309
7531320
37902686
7045538
31052823
21770111
28334955
22455259
39110063
998605
43189099
24081679
23778215
32727376
55073250
45384276
7915344
2863216
27626212
16364607
39190269
7194813
44421493
9858364
15123484
47641730
31388424
36197644
32467971
40028829
27905098
30215310
51919218
51478252
17644317
26926093
46365029
27541045
13385667
13371063
50750925
50849024
46476175
23335869
35480920
8808279
48379627
38615424
6177691
49118572
57391478
40563917
34936853
46174382
62809135
54221000
20351883
52830189
29338813
37079273
35009722
48816218
46494182
41915554
9900078
5263749
57780248
46024026
64905829
36801740
8358448
45863731
51435756
85438
33942072
31897110
56531368
33192076
6041030
4307626
4052240
5313710
57823649
52623355
45574428
14345868
59076188
55705002
50421066
7441885
25031174
20381605
38649054
62179284
7086386
34773773
70123457
53498022
70481645
31127037
20241693
18932785
42096724
58892424
44560593
60260954
1549105
48913726
58752524
37048509
10841999
75309045
62038144
59246548
54900132
4526857
17722851
61221763
6221914
47080321
25496528
77227750
70744041
75668614
45943124
51746566
39447756
51832747
56626338
11403426
100053798
53426938
45188997
87791140
71973395
73190996
57825477
-481506
72439168
36768627
57974673
80163746
60474948
37941177
102491569
81670832
83725949
13108946
48348725
34030284
54878616
25240456
14487810
9040831
70811874
73500401
71367244
2347833
62004025
11453062
108610200
71670775
77818447
29509108
29352207
60108066
19125021
51506819
17526656
12522220
20493201
55193888
90398391
58294113
71801168
106205768
105974758
67937562
87007036
16840692
99722118
24123550
505019
11875742
81650209
98092383
82910310
50774049
69512098
101256564
69760520
35182231
49728535
66574222
83455757
65589671
96675173
87006502
55060170
89786087
7641193
54675868
60717733
101514269
17622328
101761748
28662913
8608796
27517883
82995725
30029420
87600717
16396593
51532907
3268645
49822192
52803937
94784460
138537792
124057927
105514389
53169853
65666212
134735778
-646802
21420009
54630526
83387817
95555282
40191894
99503444
99335261
106700294
47264885
133743175
44975413
5656917
26418495
59296806
897806
33367070
153068133
21320134
253282
60175566
29081726
44433710
42902416
127285990
71959158
87765687
2805838
72252392
41079619
79828816
36679923
35372899
106838357
14079203
167473187
63371298
96126584
73617599
105742923
70266849
128098292
19540245
34039279
112560367
155587070
116767287
38524067
143467712
40053362
90257324
125478169
32115661
88423705
37351281
63582559
114240678
46875231
23250625
71620864
36342657
127540981
25927014
8495083
57332385
39056131
98635211
116834751
162371575
103607037
38667547
127991754
69572893
20456542
30773453
-535021
140941720
110284414
17062709
135206603
130602423
12906551
84109549
8922226
126929803
54615245
107941397
155182550
145240130
113258942
162120643
97615111
141274304
122279931
145236822
115341021
57087940
85153885
36058105
48337169
50085685
83902901
49510197
32620714
150982374
-419708
105167601
55068385
87066659
148652843
142552575
46400504
164222635
44249559
52526293
131539355
150676499
178615262
141531959
25490630
158040877
156781229
212405697
158702624
147663007
157510934
70614717
436874
1561967
60209518
145835732
106206301
157928040
37917055
112849307
200520227
130242415
107385821
147379545
135201515
45358641
43651054
174897189
14222440
134684710
180257527
21008181
1805784
53076128
175506131
107402471
-13570
162197909
160390575
186238373
97755569
-862487
178071812
151206571
164608167
191287800
80556040
12442471
118058890
197367765
172768843
128564574
139703185
41772927
135825880
62125790
88154425
178205985
12957160
122284205
195216683
131724268
143214859
169054800
163390854
197477586
178467235
17520969
12401672
32328012
151397769
195693871
-402069
126098835
16768207
135990397
231992960
30853260
36559498
178043078
40355135
177118596
132576731
214315855
154079436
205785996
101176032
142081255
165622001
164278867
110473435
18675984
48219219
139402283
204598092
177352394
42194834
161696382
79742015
244597835
174451375
116133205
72567640
93452852
150014172
220761035
116264388
67500794
233113912
210159019
107585114
174497004
25937406
101898778
75773626
10432165
193008502
276704780
168392447
87497597
213812978
25610094
108799910
109418210
98039159
219311272
192792453
192817313
184616479
14273128
136351260
468443
68275012
99240573
236284988
202249054
51009176
19173314
202544050
242260498
201099117
184148439
221073098
81638312
106277451
73784662
194104485
1249605
285330920
59009163
86350151
424777
217762998
260273135
130786323
12876805
155583300
121996830
41909465
248453390
227519833
157816303
97980461
75518052
103701976
196741585
267607853
92185279
36777601
688802
98590962
141646564
154148279
203575453
-99383
226138227
215430671
179434205
180694628
204695945
11129326
243718390
18222011
117004035
142424073
181096619
160508947
82114018
106479370
231035342
248366035
81548601
210974575
224081906
60548611
168227479
35459276
191132178
259940250
52836563
62237035
90239577
200740214
52743412
-291591
190176077
79928841
171723064
141659647
78878199
746543
200151431
154669454
80781862
46632477
141194505
126507853
113332804
258821464
231833489
189185617
56298108
108512074
39519276
189592637
22741477
43509022
99015085
117405355
245458492
6548904
224041732
52859076
195265647
133713353
25054851
225232407
127827825
15891507
314874405
324812079
248633591
211295685
217542032
299320296
153197185
76225052
94371893
-27722
70515742
260649531
77353860
149061992
273409293
287354767
244123724
268864493
171152138
41336666
-589890
110631264
244991891
25586718
65361447
200381503
192152587
173112754
273258087
29668428
224464199
299481069
155103637
154295267
124741956
138238655
238727667
166020621
292953756
179470178
271130704
128538108
277227682
244197651
248197893
262788368
11035013
33736376
311595640
314422549
236619046
297886861
222031388
251758233
247910268
94204745
225342940
67281232
167148969
188286218
204661419
140719189
245945707
176472
214244589
194268709
122607698
230639252
137034192
819211
64683047
151124348
173050126
296140417
90812756
70605994
213663170
196322869
250838485
300479635
13078080
369627213
329583915
166047677
143755234
210750108
279254345
266054436
340480038
197341862
240513182
111111745
223557144
246363499
147305773
342280488
319641196
50133234
244453678
155171353
92932320
295802552
92608168
175134207
248436095
344547517
292002067
284405847
217415118
23178610
216105450
297252839
122163677
303660191
272573902
167139498
80795775
323237865
288253235
199860749
186513569
14188978
290173943
103201146
17208181
233836806
63369695
131245077
147355630
315140881
349945442
286703475
17301607
368452321
28214905
77717380
321526375
213351600
153936191
251564360
4131337
238203424
184292429
353995296
269062884
236499587
128508948
88487334
19687401
70392070
87282209
4482205
259622228
134804547
343942573
43886176
335842491
528855
100079862
279292950
105791616
202638321
1647651
40712343
185580512
78612878
305158813
194288752
283508619
7479155
65744316
275935409
145961596
274487767
144450066
293847357
99473349
33952789
4233325
243367342
340923936
257955195
184317774
182278050
277869031
261431439
290504338
51098309
288517458
319846802
229554698
297477499
-324883
137928958
41837821
7824920
217925773
28029144
152186552
281977182
228366997
288234220
195193620
217472616
256727569
51257187
242191329
163798420
210208689
9232037
78697011
367436353
316935441
112521106
349273718
244403227
44123617
-149675
46990900
329367729
54945726
308651036
254643473
341237422
5052110
295672001
163190772
257119096
79807513
69134541
150744553
208888378
266685556
299534846
239498518
106684921
10708906
52920001
76470060
75478416
16675100
36181372
279528662
66259909
329080467
176906762
123222961
238094784
139101786
256808124
339917374
272769
323726063
115145025
332739550
97439761
227239640
288918722
125893427
30185683
141904102
109696135
396673018
334000542
72258636
125127966
282617654
2398920
272198622
254130137
210507743
310929253
303869961
294624336
24159068
263266822
348386170
317804825
174140653
145100503
382062085
73465560
369984440
179480798
93443279
124222358
280444900
242779699
65708613
93576093
301908834
232619404
338870559
203945385
61639552
327006993
350179208
180203819
250833031
220286807
141327951
237902647
266476113
34132918
227948669
295587634
309113554
66620710
299764018
263628669
73052487
260717105
148908808
304151171
18881670
368437990
94959842
275653813
291520814
220511111
93007732
300470463
284565652
156438856
260210633
184561529
178441367
236471488
195375576
794121
280238025
186719667
103278740
120130634
335655352
34994332
223691211
229768792
337869122
391275386
384925284
65665221
93322015
273027949
365607018
460912140
112189405
270766463
320564601
217267334
50431855
191144025
60918901
360501635
414885648
334657503
388501204
132755573
79947131
314988527
201375541
30347465
366357865
314724766
229574059
313170089
65988328
145661096
303149093
40558538
240482019
-903069
318164272
165375742
138125223
337319929
341160964
281282623
341448378
61136345
199420491
54119977
154861665
269303043
330602785
131884870
307658415
267625867
341555688
201720990
173965243
48803906
47151481
355361086
390958291
366571847
336904943
-61349
43662192
447599316
22624778
317505368
321596328
232700695
362008286
360617145
99143198
176121201
309424457
81050967
170928695
281568615
79367876
84658169
383261176
249081022
172640586
276151292
393648289
101981694
39196542
285934870
227554769
267076998
41785828
298750831
88455285
328385344
138466618
268740829
188259987
137058586
250519818
313927025
330761072
252270517
415807830
404918279
92968343
134888
345252008
257111144
176526852
276657555
-133808
314878906
157005404
425481199
325602141
120121721
44816880
194508465
175072683
210030431
220701960
326260299
283163756
183402115
37004962
295133464
352457481
403022904
216575908
224014101
148304517
327364990
375895568
198694151
42918617
258775811
103974096
250563150
148482534
6321756
387100646
245179013
450657531
356544668
335098974
338371296
15274119
338450712
338986721
376732233
153863470
396950464
417523425
257995672
382840553
335038750
83031447
342366179
434756881
126420224
355785681
312397349
274777754
78543887
501010688
356883077
245536563
389506336
124027312
417622716
207257471
267662461
132263076
392718182
426624655
451336476
345711975
75233567
160584132
358652780
370823294
196947862
-186247
374299014
204956596
280846912
383409081
214535564
1582970
428672595
243785369
229796452
364285513
265456955
109945625
397855140
123319802
214465698
25686498
9286915
173209860
479328080
131226179
217974723
320136850
136463026
248748001
309085334
321581779
424564296
55893581
61251684
106708136
229896315
521886553
277933787
473332814
303154845
220957048
343646494
14031039
244810823
143481913
158200553
28705
349495479
145651457
128670210
308488220
236458608
33401192
6774497
324061326
89478108
303375672
375046017
361207662
237380139
87831467
361295680
129229283
138557770
9296179
208177697
87550197
44277269
386322497
209930367
94147318
500526456
307959389
74457467
314787133
294078812
406874146
-1148875
208133751
342839330
121998196
521255750
265820611
68684492
394611380
397367534
272042059
27862108
3752868
456899080
309063006
23639127
43528726
164984824
288758846
396845614
366568107
99239784
342553313
4286054
271494621
59590776
502456243
280343131
350236937
189969827
72996179
70072624
429380000
310286997
413603612
363439518
321034055
226498222
232564060
383476579
224159751
329048089
137892868
151300126
231101470
177612967
129157892
33681871
121927226
62985864
128089078
19473339
106138124
51649931
315745199
360587469
386420465
328530156
325278288
355285656
354190988
77173337
64122200
281558695
430911304
341560999
263276403
381545290
215138849
349999313
249104851
209779544
70524100
269872801
80595299
292262527
75881202
330372824
-1283991
334369580
-1003078
436235289
19697759
527326740
463994145
417223796
213791927
347239923
222221731
179451010
212669971
49524375
271678652
175630183
193724611
155564174
321346119
1624216
286309145
404835786
215790395
59045667
281873237
151170158
176946943
330338316
413664151
540638452
397114333
224441665
175654800
199040517
320710202
460240230
397282425
27741932
396376413
241019071
239918890
410719566
462768504
146067452
437514579
372521087
343685002
203353915
2372917
327225578
342645128
19001354
353976928
413590047
120588152
139060821
195197305
290232071
453661944
236944222
176542203
264521469
219518569
361305627
234323051
234802169
310023870
140782866
361592802
296615133
138991264
292740242
293385528
319589059
543830287
228240959
27565697
124439451
301982932
8058523
153757107
357039280
272414211
579245312
200212058
110516873
338372859
290598917
269545022
408358087
347862471
116767511
492670769
153721870
431302454
346785132
238941912
151357071
220872080
272693982
419678498
310550707
382134093
400339719
224133835
56936822
33969861
443543601
308427768
166703788
483934715
222191645
556699771
16946160
215169546
426862233
171592157
97981104
426652189
542710063
350299185
413594882
156539726
89251288
454756036
246121265
173627534
196863894
495413
191871356
362512265
559297579
494091392
65631475
430406911
183499557
124053384
356026398
435387203
507909574
45558126
151901473
382674224
488858973
199792095
447117257
108846014
370714253
88720067
336150712
405353350
423222520
263326431
186901906
310039585
239952876
500995924
-1242973
160342537
376161474
207974025
235945408
3241068
81625854
1100733
441570549
80563358
493670241
92995270
64922425
57363843
310930227
395552716
100082358
102907661
117840183
401463502
109180655
220998972
135679228
353756566
482353174
298762956
476239629
376016275
248906206
166775815
477451129
428223288
62046690
224055636
134681739
275158010
79578358
857132
456804871
509614571
347111179
321126974
9877721
61707371
458781996
446683758
174312248
61823232
412081614
240716773
315051409
446310025
-84195
243377224
196189226
171605053
601565567
143207315
230895682
133979086
165347849
457595715
292340867
377834186
418317046
290394534
90532064
162549271
266317286
391030298
12470556
330901192
352721517
438668865
29880802
96717114
399088252
436135265
85771572
214892425
322609418
541412284
196836467
90039804
409561416
526056056
536231994
238701735
108925674
464228288
520711827
246911711
158430
195928081
473716986
316574264
417270286
302529074
450463041
-174953
321697060
36209497
163997607
309593778
223410528
475120620
566305838
154407960
436446999
348537993
482170278
508551977
160834071
54396292
342752970
582784387
283001138
63948440
385336839
361582746
444895634
288545386
233431215
356044243
391112243
147612820
340634
21097713
328398662
456179868
305949539
189271178
343224875
206848907
345404870
68809324
850279
338011578
576460864
362536554
279940524
439357017
167730066
109531189
72544791
1498351
400962366
533609836
595169709
495124917
92666192
22095428
495221555
-1181290
46193282
275485819
-363488
423650056
530184624
431019325
231944058
290214099
337357810
374238891
532885914
93858123
622704186
479698958
288862263
454015
463990778
281056847
454957035
542091228
422590922
68453557
247384
431790100
367708432
158585982
465702045
538080718
442797756
173008153
334166504
376152358
317725562
451577213
119657307
160106193
412741693
7005507
370142166
592645591
471703900
50937001
474014463
565478627
89597095
454914720
510171919
195523972
103587880
533614870
559617721
408951180
145784046
627942514
340986258
363850033
457673741
110430937
335544939
327716229
168700973
205386345
215909109
120245725
234958763
423884134
378837341
148603719
566227937
423419863
330897596
211241033
464345
8234913
611897909
180755613
18272233
311364494
127529842
562133785
60050361
299088850
665285
79196699
630696425
408988531
290811146
73812675
204570767
492029691
239290690
273135524
261154934
511659524
47365627
83839125
398110621
180165916
63503797
138285823
32296638
492048381
263052474
524229325
585395530
616808222
323918921
406426320
405853893
348001996
305252174
572396594
-541423
108314
525085355
295805936
423554586
69833228
32339199
414113101
568435852
332013684
76695938
308001501
541843103
315052386
408532931
577894330
316554259
38083477
666877397
30756966
429386163
313621774
266472810
262979859
217482578
333983058
137287172
237485
242560275
-66532
287136835
297815819
411753845
250693623
300481528
243125642
393807996
208394287
552872259
623741
395547602
518369754
449096442
576191525
536963727
234820731
589992797
517276158
673528310
256248730
119777475
430814442
486248773
451232300
366082555
532357226
414457845
497133683
299560671
258104433
480195855
247980757
545540164
421389653
601816495
584822839
269508813
302574013
441783512
51511348
420674765
123337736
536437592
360335649
24684582
177501303
1201472
603500645
569350914
621384146
185604998
465635664
507944465
94112910
470764164
177484037
81319984
318479123
1017750
97029929
-132042
384654157
522622353
131351810
218113057
265922344
335271495
609434571
538609346
260140391
556660773
218898630
273315836
73630658
468864776
368464505
461378264
216256195
208429135
403991174
475711509
543323371
77620536
124159736
716511221
323083407
51028084
148352441
406337034
139376975
166209389
551315694
271042765
434319860
468152407
582904011
64705054
280062849
409414
153650180
441640259
624206930
417635265
493434642
433634616
582273112
143647170
307715762
523049496
534243862
572483152
294302880
579646565
324507030
590465002
139278635
599360121
461119891
253016412
108818225
92970965
571753581
71447221
20156178
408309253
222346110
381643304
288807096
583228605
393485630
43666739
588711931
614053570
584372915
483084436
641757426
4045166
153390866
438199793
684072902
40365277
682689345
29243301
763523413
628949098
687330672
459781888
571980829
427960697
479645859
162340450
37292508
22469572
773583452
734414870
53282021
143145855
433686179
367053659
222340273
268575051
139913755
361719
157487189
135272563
338274743
601822296
544531472
353001846
507283442
448793153
183438429
-291320
460539478
723098885
604764242
540777234
757105854
513824214
305997695
658439038
457483836
682677777
275816683
451815022
420252851
791988932
598692303
582976190
377629405
256052753
450663357
619568863
464330723
557717564
595635793
524727687
431062021
684213372
525410557
314477197
24911259
423709899
576033725
631210173
475359328
204833863
645211682
312783906
807169372
396613286
666771981
111212868
505688754
623233960
584828703
445659365
616961597
533071396
191721278
521256639
275538406
70985933
434485882
344595671
267791985
844948
61551047
435509196
700971740
29845897
400626362
146580504
389536552
591743383
186691741
90512075
515037227
194882629
381491559
266252870
186362412
68112389
560472253
166320604
524636390
156152564
300278103
372674074
459167500
261521
564214374
499983660
582845364
79135696
602842072
540233489
109202840
234487091
562513952
469004494
186733044
509845109
445748317
244408980
757378117
617286817
388092421
710781785
770954285
1707662
511452475
63680694
661594034
632477765
29807147
1028922
511721813
650900797
182063456
599381878
280936285
385645335
243444979
682420467
547408822
498042813
647005373
426698040
572792471
623421024
558753782
7830795
674213
513963932
128206688
462593586
166987948
695267103
201744758
469133085
567601759
479212896
708814246
429446525
617816121
383514549
741695253
510436345
5933206
429886960
185474735
117624165
434794629
505828637
66440720
603345270
178559484
13557567
69642052
509430262
307760244
384887161
441875799
329256212
701045
335378727
342844111
178842945
574641736
701702762
154481337
81704301
131849551
422454450
691101084
83781331
126727004
713153989
577655954
516576164
732219743
572359056
686397124
422448347
183863597
283244509
857968753
89363706
460005610
210671085
610703721
230744
630072403
542401831
467630067
500427866
178382834
613237973
351114845
562181697
259057164
556398866
518621860
362699520
156659211
448203099
47002377
446056499
126657502
693647077
741112670
331084417
224721802
537999693
466531666
166786
465946874
463995126
763578055
147734103
472921785
795003911
459016369
677653652
115018996
409969244
197544016
706801302
115983184
636633860
452712144
619433904
604486581
464386292
552285962
364541735
404298660
612022369
590060815
173461285
582066782
391574383
534634137
834783280
386829522
580363709
671662347
671542593
658372662
419554194
503785860
425797013
684811787
736322987
85921435
254609867
322250306
427055910
480748427
308571353
626224772
587442944
417210568
129818007
332326982
725928258
563829
358419547
381641957
282781331
290263820
13978004
441056748
437830621
398754738
530590334
513440831
143483040
383039011
-1043251
100074692
568213705
101669635
970457
598322886
719274154
655952400
641916750
847226105
42639728
777890575
689353813
45662847
637725997
104201332
326874049
853173165
75248064
771293856
258391110
344533992
799825469
257514138
368083547
98143470
703951982
535895513
715466437
631950405
187046286
65003201
390154778
118867336
754878505
569917365
-112386
668643608
273456086
666098425
527169944
348927685
275471663
718086747
563823523
617865790
57066809
758916928
41970353
85267120
262855430
252175132
429879951
490619086
512710318
505165744
488423573
375987930
466700858
98579208
686508637
506685498
604007967
358633920
544153123
228578182
651672986
359380487
716838510
619014868
154579956
539065160
615069952
489862617
206874059
576180200
761846104
466664187
865828317
445590675
361845
48295810
273043088
446797898
633962175
289455708
288427127
463836691
471209867
559770333
795877899
235707337
150368395
632758976
694613644
520449753
791108173
651457240
858491377
316223144
790351923
114044172
829327101
444245162
244887614
655286988
224206826
740439639
302541391
345138294
194736726
803647675
99738486
510211320
186259847
646890452
216841927
533398581
634598693
603188651
78704823
629396754
700298225
646345836
184061443
214158195
410678625
603093588
515332183
592561872
326542192
400286942
508676643
151955964
50716252
117100386
650392190
342946776
491975018
219582274
741186273
321341632
624678610
312254803
618803329
360558668
662284108
770473820
543089394
836408021
405784340
944417942
707373747
573310003
149305309
307775843
284844630
66507552
620218141
384312185
575611331
689974592
407253611
419225142
578042101
380687796
159414313
423712455
646286105
572251879
660888968
741801710
143153735
848282221
724450525
497165045
11241384
852929151
635262441
717316130
475649183
564851972
554938866
322911251
400983312
70673116
-160950
666259950
194873891
38732114
587557160
267685882
761961210
555545637
250996920
280906554
864697452
372778129
89521583
441586407
184859030
595612792
234911387
44755832
11572060
438803226
361816748
407690673
482147849
733703
445736788
512305090
280104645
663474981
127618226
373947284
-1337712
111113303
619381733
514380066
841550242
297826521
855552797
863600541
706997824
394497663
738173309
214172404
518989705
935378328
754266548
652756371
753526979
844229765
-1953607
770783447
522132531
214170553
88283366
227551866
548377727
482565046
693514064
379751379
90062426
431716190
153810041
636098
688002436
862219822
532040081
777621298
675232875
874046
158154873
351188079
652984715
909937131
602935478
456639097
296438785
721533831
629279370
268384710
505771422
413279850
606675276
249729926
814439363
867116683
18376793
511343756
507149088
491615502
649047372
522273782
624473536
233474425
448440823
839844227
822276837
714359968
586283488
30591267
299587590
603534079
-276799
545569232
679574201
842081489
603299111
719537413
665356333
781405497
143599021
291964125
590901405
630513417
247341230
724709804
840463063
338926868
844090303
571807478
219943861
416034686
517816689
675361728
185372832
491343710
111475110
679310876
489701605
128717985
672024940
162846278
814268217
391577382
704117117
534536216
751436887
382959179
345031422
736683526
431385629
463744723
877451164
638316963
270404295
673362027
156468578
395328782
324356297
663352089
935154857
662677030
867238282
263302004
793525936
645813926
202259030
313759618
653769878
920383985
727703767
399354893
387059049
660462695
407590966
126363555
20968344
679257146
389425294
704569457
672013931
656235186
346376715
175760687
663868387
544220853
221392587
-1127937
970390026
679008006
795351568
132862747
549282505
246920376
542531809
310958059
459126068
152833789
783652739
522980995
823145569
382834101
445560512
630905421
181354020
50524
873018097
233814417
204888126
575414607
537311873
713180694
319351230
610740306
291794332
729417
469085845
478269056
785020615
610676409
194786043
498605854
81855365
855547507
678920294
491563018
757261823
740572996
433990771
940441672
504083432
275656285
370406534
666288478
670061062
339675807
325765995
552489505
920678813
328019675
299155841
112243946
561737642
750488178
592178363
333514874
97870156
155228303
854464527
666670893
555499247
553980935
418045646
25095434
653660271
600405564
34831503
744042907
932750367
382901036
561817469
751785569
482937780
367322121
900700063
868606028
586869046
857165462
281464160
105039551
189685833
380517999
765633742
512624954
64823003
-212657
887432689
330728284
748046117
92887091
144593526
528839143
574405619
539483698
934478189
300328106
316401998
852216693
763461347
628132311
677361611
545190794
27630808
334141876
319967251
930501256
893460032
568188659
602023018
725349136
142581409
249116294
1036968831
827471901
742692906
227178007
635940357
96708813
662337586
374982830
58097758
976501900
551976979
594129418
226877168
409045451
311011899
497710296
384377147
526409943
1030185502
860011491
335524513
831934653
189897589
425555898
385273114
723830696
165039207
10305040
714960841
465817260
229804599
834780026
206877837
817828391
551633709
1019563933
630738410
752868806
-896240
343594025
542651129
753346543
329150730
617623859
50992991
601429811
559931735
822490595
685271487
305005224
432018813
444962515
805314577
713040066
158807552
-94937
430023738
331014865
867292281
793948906
751223134
223847093
695051370
391786499
78399677
721052663
259543884
306449082
248723680
463369307
788399832
1016220047
223486375
590307950
598420566
711595914
927943706
444562467
444297495
39170215
747039010
173205281
356170647
834484140
785755331
891211242
757734801
688897918
748901308
-553670
984549566
581396014
853396354
236965268
896245811
403030667
468891505
98740584
793245602
280005462
184768205
200415223
700013496
438088998
411598184
412497528
781968397
728618387
1399692
877602868
368027851
699582975
502111774
247568577
33210284
401322285
696683199
581227117
65801155
576912434
413456830
463378216
209277057
798861186
18047942
732302276
657432865
188579825
299413443
111250654
401606554
189398374
16139319
132885311
638402394
734794245
625189854
397876346
731385472
374477357
827918608
620717018
80351845
641267097
48522271
672002480
734875306
111577436
765633828
76723973
524524236
596810631
130949840
768404910
119372267
1032284500
566306829
151988758
215020234
738571937
516037674
599321159
58527356
673785338
454365359
252699059
827971684
769583490
750639367
587375628
846102392
802484480
-1705318
845573777
530253852
680605663
229715148
312437031
149833445
534862899
766169172
814002624
620270068
71839707
898579752
574316876
414993385
374865263
567812307
104053001
1058386854
517770226
351020405
49954401
344314632
533340
609786848
223934150
835755163
303759358
284675461
1253994
636304329
255682420
525654893
790769433
983456623
723049084
54503917
865647313
12479718
846307169
606211221
97476550
185135
652184924
843217313
602928631
974840506
158816545
432629627
315678186
685436570
2492533
161196894
377871914
550888994
784188771
803923153
938583536
738107308
961573364
431857815
368825646
722699665
909733194
766408691
717646675
317696907
206364750
489916793
539980
550993823
417755372
555606599
515074771
951343569
756210263
591461364
438087947
775501637
644393443
527005502
487475829
593365961
334923999
1010872022
389119822
620869009
369497993
121942202
857493997
461595881
672779627
347825942
809814906
837012888
687392544
645986973
505569279
581584999
-585484
34342522
690128858
743941382
866619326
489444454
885692962
847048569
259006891
569809462
633599607
905298224
726050128
759679892
988968696
816911880
298571041
-536195
21932347
667817289
29224397
803751068
366098733
196439741
378649750
251540996
648735719
859499758
623808022
539819158
102656082
283819583
303546294
141738744
276315764
975546541
902424702
871675345
615325235
784967356
496964419
395600360
114249079
988186975
266732639
221152844
597689272
149139835
717839577
869643176
270148595
195875225
600533934
333798945
932642791
728622359
322451348
959371182
296198015
349047622
755906390
596496961
66600318
586966496
403012987
566368254
485039274
85255012
838899751
761797059
227133736
776858769
197281495
858359650
581552280
237472768
820075789
249959546
391878033
25079446
797295124
407231131
682063458
721670291
283482144
920572549
335790713
70734888
515376950
738122361
699052041
511068844
944007506
822044505
618156728
379801170
569192649
5937930
920158376
664650570
828614074
852217991
523754354
332123130
48756747
706152289
241555689
642100252
316830085
290688234
982176335
791255666
1050933352
-333749
168562593
649905966
526132124
751909068
937090620
43821929
579287943
342720621
870428066
367931286
710738607
540157234
78570131
432909778
786924396
794243753
880439016
140008843
868893045
380211881
238422004
71396206
546408247
105011767
703131039
218167801
398082051
498737777
919154958
109889103
310566062
862195191
415535776
796494663
52757746
900545398
708081872
1047555719
926046838
558036938
722303895
613726700
851157038
879960263
645817206
843990454
485370195
1151133021
588712443
36884473
695282152
829430877
262569220
16710974
779208969
14471698
21373801
467730254
1111025214
547445135
1034592928
535801752
567483395
60983089
917901593
472453003
327482873
909942023
970252928
610388481
1023501091
724769272
749533491
91659488
1053985368
278531795
649159278
873079010
25283454
841366889
122861835
659786318
79150983
504329287
953324558
232263331
938317660
816986720
20383233
74603099
477789444
538408434
778051053
1786002
714475696
940944786
1058208
983767941
747636843
552878604
231361828
865444692
727248996
341555044
699064059
415107340
643737907
940426804
685987209
907977290
130394965
592449096
980928488
765095504
36319823
636469631
464078473
826928358
300827409
1030107580
977510475
692379739
1036831719
423006134
867836628
690542536
693802077
957863559
426666083
579279838
1116469811
744480427
270004582
139558970
465680331
297433218
794465430
778694774
837684646
139830685
714708314
647065242
460360189
373513507
219298172
485474498
184131186
832240323
787587953
739873934
734443635
815326958
1036015118
780935895
851045511
793721594
423058108
600835047
748031245
1002793085
47573350
420081109
750493113
885146645
528692918
1018849145
536027586
1051904261
257375907
424535310
760197239
1010761025
430343440
799116021
1023161560
302286030
1007773968
402089280
735706030
968889717
752243156
634376180
1091768500
556512573
913865500
291787456
821173372
770780839
885472470
422994046
31280005
302820411
1197317919
1053600095
832297542
379684936
89586140
842849023
703807540
1006436105
919461292
852834615
57152700
309221943
727787646
442871268
1143632667
262346555
143948885
617501533
1000101855
721101667
747462469
1101485565
786650391
879125904
626725454
1004571243
581656933
772787774
274214966
1054703841
55639197
913794365
1928761
159129476
959797076
42647081
807916722
228710474
35733155
347106326
1123445213
27055153
1020058987
54898941
152182779
1057488671
773610644
183228166
556639211
950627
22159624
797737070
873221710
95134001
504359365
739227980
400687210
1138683314
381362146
639085498
120362908
507587053
880510729
468655355
755461111
313415852
517025968
957800528
1045803049
997234733
778948999
736315107
39562372
827561782
731556
1019608516
788108296
250715395
179091276
356682582
843911957
350323827
446485276
798493838
291402773
1096668986
348853769
1109505651
686017912
601009699
1008703917
633193205
65188092
179806245
673097527
4306051
43371222
1037567933
969962843
871991209
890467682
426295390
974747647
733352900
832325588
988418047
1087674543
1204558497
384243898
847267849
273203522
503363013
-1217468
755397360
1021049872
31523153
47696183
818250591
1014389959
56130016
1073409763
347126823
960031731
938080828
949015395
639188918
920298943
601583240
277391282
576969343
836937002
266167334
514119668
780734093
1181273513
951384051
543611656
721088322
707545092
-888447
148037174
1052928959
680575737
1147828260
459184163
482010576
817444119
765463900
83506354
1033983696
32269730
764217745
806944904
974122113
1109145917
225884759
282311
626569250
268796968
1006622949
424536767
435379332
758447354
417125029
369395619
886217703
668020581
717081326
122789377
569224148
682815387
945471271
811449786
291674752
786033934
50663736
586945022
1054710057
139645272
888758288
550284576
875253061
505160885
1086137895
996695674
124138130
273768114
252127281
705746204
175780736
438366536
910692348
230683101
910676238
402279026
698097896
269655289
551038473
907849696
147488410
502019478
816254301
1169985143
313782324
318537830
1076633707
980094644
831715686
890640817
653229591
159339759
209253818
1037911588
939614931
982293275
602137742
608198249
672505072
897609514
573578816
294824221
443295095
500210382
245694583
648384476
725569704
1004703200
896969930
1025227898
1018775624
844259689
823729475
72749170
912155653
946120850
852726760
561602996
209569
508961137
915242402
345302437
1097880011
85202633
1119671741
519931835
917278096
20696688
951768985
496217031
886243939
519065010
1115781622
102522881
684371617
900103647
1303775866
124574871
1084616448
633883540
597784716
457351101
602301268
43092193
447063041
670340907
1150445672
240887
307160679
984354509
1050122039
383356796
517951791
575518871
308329546
287203844
1122707830
1272552761
1070190999
1217056567
171818907
54798046
522109745
937543836
169907764
554105137
857652449
207735528
719489417
1097480281
438370223
1306622084
983808951
433482363
827032405
1011653392
995799435
711406114
479461522
239140828
262333908
381605896
665007808
647440835
1045393483
167843141
707968462
762565517
1291549536
287308951
644877772
799093119
205669460
351890629
342789184
505291056
697715504
562503894
1148949009
597967066
218841
682053812
909840107
893435801
548530275
68471396
160893201
164880578
419178159
818514819
235436345
118409
664499096
1068811184
906298525
581811233
596007755
307543293
297008062
786691693
423795998
732596185
638208141
589153651
264052419
638540703
436723067
724685856
259867457
230389028
272001398
817158057
531805853
390267839
436900446
888150955
136242945
407896626
646757873
816538899
1247118605
1189401773
1018108665
301123226
131164068
836809402
669605403
843355535
43618459
65606828
488667873
521269189
506212654
5070536
354754152
555969455
906984692
669696532
972254024
986842008
819521643
1257408397
156507599
522225105
862488762
741035038
53288107
236495295
674128971
1304492666
929639523
415416166
383058650
943971119
1047159188
984734453
203770854
1137955088
1289120789
1011525887
489892010
514730164
602773808
1277665533
1118516376
944301779
1103151841
549966461
293301053
294621984
816748407
346572501
32524269
232887273
482439002
907962444
903478466
642474188
1264492110
763714881
62103717
606707028
412323401
765634240
1054595756
924151619
924259430
186811242
1054624145
909636112
982177910
1102333185
1000555878
326874864
169537187
532017915
906311733
58125078
967349453
495758231
1306435135
262236559
379242214
150239153
1101355257
642030284
698770250
1154897772
887546565
855150550
1094433799
200052674
400988526
1362068519
383913321
443294494
615562341
1178026634
1048051819
1229702
450286839
851291954
1386658
19620485
202207835
419002
930116485
469379263
523186571
639906995
826409726
823964300
818133811
731574108
229936156
475271434
266866405
201237976
575251519
1342839400
8333117
791719804
90739435
341996816
470593537
866821727
1315634657
683920873
914024656
1098027556
816789016
540689884
391298840
1017787071
739187056
1048926364
568451386
1149405658
639205751
1000420131
370950106
208138289
44953502
90294864
924117664
662513791
206160409
1039778793
1310809694
965158543
1301872917
635861333
109221838
404022829
845733591
420617863
188780362
1035001705
264424350
386503899
45534841
935893996
675322423
571912588
505945658
255054570
586116278
613579043
869553547
140733087
1130302199
832801051
834876368
1247328886
778533218
1087813042
61800318
330364864
855724948
115962337
54204911
309936417
562481077
119252274
775706699
418316389
-149353
524336574
1247901422
153958330
198732986
965385588
111846918
680432404
453894350
1238586591
952768284
1073850745
1024755754
272390440
812825711
430839948
1003298476
387946235
970729719
874605626
234988887
88738466
655441948
466210864
1278263639
650109842
338449977
717664883
974830564
1366466330
1169183384
319046
667202263
957159275
1054252942
749605959
166462516
442697035
981281854
982832623
269936954
1070468833
35243585
1357958442
339701985
124991276
1216532264
587594378
185074621
1014141629
1124095526
162817380
343871886
785124657
45761404
1012656774
934829071
15852255
832511150
577705528
698582197
327649202
1144301646
923733660
828010417
225092439
451423029
882855940
815151164
648266394
55853195
708141304
915038578
422413127
300797835
760758732
1007952239
998526317
850484963
1143491438
1016334829
11255299
428568239
578196716
789136245
668407836
460569938
786899151
720997396
872427214
1418277478
395769041
256048599
1144474722
727999579
65782052
89505760
1041550039
21652563
443568622
131655178
76216985
1249721221
1029997709
586551067
110223948
688189488
305484653
491318719
11263060
462051976
354658003
963877467
912963586
830170541
402834568
229501518
949362854
965320461
411677356
734268245
814660814
764315458
563398846
597298860
937650063
601521236
974444499
304096941
171139
133510129
810073807
989033695
223940316
619143815
1383389607
391198885
460840712
523018150
446797763
977896677
152185830
470561446
589360282
429759986
334624888
956996121
83248277
728859795
668515065
318427324
1088005555
910422175
1024559835
278052070
812224305
221781092
1049234216
1031932779
1131990775
630543833
344602404
798637819
1326491084
947197114
500883852
611207316
271838653
1025596397
995451528
90631619
1019509974
773874900
406273404
722487542
283640168
755466
319237602
1145763957
984844290
921110363
440362907
694657692
882045613
242146338
709830
1220577326
126877089
837570337
-143018
906567321
835129682
896290488
149975406
1035145659
1255833076
829521291
934397863
245020567
395625311
929098157
1202034647
495339138
-280806
224212263
1314228087
120208792
1178138548
350625363
1269595899
779848743
1312298596
754886744
232935695
832914248
1013664615
195262011
826707119
1023695176
1143301302
824166068
1148862638
963357550
407739781
773013521
220739883
249886861
836532131
350731123
602248769
1163054965
1271897958
683307903
735393507
1130455451
575316787
186240939
136236726
1367781718
1024579360
854390222
254513836
1231387278
578505220
443210179
1432298477
792699771
852407580
240266834
817268889
1005622073
1015471689
1020580487
441982076
1364865130
71373601
213794612
-291865
279355460
1220789325
293241856
252413336
209836993
675858149
1192508972
1042497764
968357535
408843984
1087216831
961458531
42977134
1281392505
156457060
72323671
1197619082
699535726
1000953728
70738854
420077377
262482024
537916731
985186725
1271785030
1469401225
135800365
1223268328
849938189
1148124334
1484553923
975556525
232745179
1182904466
41253842
374905871
1116089610
1080430845
626676065
1001441331
375825803
639652576
579793602
784133714
970471241
419087978
80546976
200588282
1124656769
323967867
638406763
1272975901
248870407
-668385
1125719371
887980386
1090087239
137091742
485199584
-334174
1250864718
186666411
1333782286
824985060
952641294
730257802
186534915
520899778
71230333
910423461
797128719
68030567
292542918
246407269
1382520141
934551031
1014466189
602640097
830304049
353396728
797656839
1066679736
407228671
689286205
1029728085
879448123
1442537328
1116758409
400664421
1320657748
434810817
887441916
464006824
1433151558
330691382
168614570
1031069942
1009020253
1150602177
207662170
43403516
816516166
493080373
252090707
335479069
305893832
808005645
1000293597
473290736
238705916
1365874096
716677692
760386475
1320709487
493545361
960440181
410050383
1363065065
747906385
1123514671
1004106226
478081159
654584134
418889035
297359
982914436
1417550249
650912366
878148629
453239129
984662142
893812430
7517829
653865508
16122897
571784723
937170923
1056309328
209176483
340397655
882543887
585905696
945204375
1289092510
873111130
524269541
1254458475
102233089
938655905
1126138114
-2508515
1057845994
383910835
72177657
435943661
1189207486
643172259
820256223
1277904064
995722119
1301911317
574134844
541800065
1228274230
245038032
1304375645
751570014
962789259
1180216085
116995636
549275557
1577295740
401163957
1025041123
312060053
1363437261
874522628
954281615
1042186453
603335183
1298609779
1374038439
869002937
1005984632
1266933531
885062589
756313328
1308643899
1108011145
984948176
752714472
850367139
1351726022
883575120
671876873
593552599
384379903
574456835
1006082449
1109074570
1088878309
446266687
330616548
857501064
1304590541
925492428
1205170348
4135234
330400597
373066844
1547509757
223744645
494944889
336882445
686396176
72958202
402041235
1107967642
257155013
1493618615
654535818
1425272742
341858812
728807212
1036092540
769780358
612700773
1244944065
1118255252
479390003
1167222748
1240820286
1087792314
1149877934
242015216
1083542237
121223677
1116361671
1103810261
1111563795
964113278
625737363
1020064308
1419338885
189029996
1093194254
1240456482
1372062175
939907065
945433659
666748023
753690234
117131523
1232014384
59200417
359181325
237843633
1407256512
499645066
29572426
1415699761
704376870
316698
1342732829
664947578
266005415
780106795
532562630
726371578
309165874
184952723
521266499
253587473
86569856
1090726236
375068411
522437958
846079399
1212746892
1227904268
240130573
813120725
885358460
576626707
535227350
42241227
1334970073
1359016715
1036114731
118789006
261975582
1451307146
130423341
1393208290
1342534576
1119453589
492666387
1284437016
254572866
361235949
1202650178
819705162
769712548
518777016
1342948050
1288098511
344817228
949044003
577761592
501843913
1255616482
741817533
1147080321
540555693
143869432
293103940
732662391
222301
118770177
976608281
932912215
951848850
312646814
1062459379
817811268
842722503
214025783
582084757
792435455
755888899
539863411
288422644
1451218063
386271171
575194663
302273633
1187360237
3035897
691910875
299887086
1026823130
550082549
1044065526
1295070830
993423648
1410919292
1122675513
808815989
1049444316
1110695921
981958612
1185864671
639982513
1136800120
360053790
992223599
-414426
852217742
357735494
487267740
581432645
357689522
505813720
189682914
297236135
845992413
704779828
583947657
977769474
1271420412
1227534580
251556673
399140531
667289873
297709070
375685422
991536927
426576394
629479599
1237484611
1400996591
1042649383
969364998
924215487
223059578
593369265
1025454476
1314425669
1269641772
1157353564
27801557
765661157
106056450
747179080
1422492376
639045069
10718548
119033710
1408833379
1153257002
1151510510
913418501
343333359
104574123
466877016
953018300
1300164782
726385431
312459907
323301411
101591964
1438743581
609893636
632697439
520298976
401576592
807239541
68787801
185785459
884233656
1171101787
569237705
1073215634
1283233661
1265074051
1045531829
1399185105
499540622
1027467190
411578753
504971532
1389672383
899230228
546766035
419647226
1155903881
554552104
40151894
1348367443
1508572861
601575487
1067564663
555094219
992053368
251193427
843414695
370413424
1084210794
1344662550
967013198
728031698
1203847950
1334756328
1108185403
-857128
353243981
1185363537
1214867709
906054678
1005138998
1058987761
626586017
1454689098
1301684064
788693024
607725630
423950039
1031142496
1116920918
592573277
645937278
1057703839
901233982
746443
1288893612
1562171046
465240548
301741367
450276617
280594188
1008737297
73601182
823344513
70013829
1186943406
1121081617
1304549775
565068597
174375881
1034367585
99541532
1476869434
1193436249
547547845
1436781248
1299954801
1173709084
1126626678
79551258
688426539
706896477
1200069256
510306737
491959372
1562427903
331567194
1314348268
379291135
211301551
669399045
792609557
1276257106
752181317
140770527
8689601
548958709
744689128
120812257
1534320912
614476085
713889075
1206209772
885693602
1160324451
699237180
920305272
331816082
598806143
623180071
241542258
1098289640
918630420
936022673
254835521
326057728
1093904280
1402307369
410145318
167561239
716746879
535285744
1467098320
1120491670
1051287940
308349933
649354967
11987472
787223120
409796809
96639901
559086252
1229118574
1095840977
1234418722
97011259
448251762
1151938548
1062425484
1570430317
975469527
781275749
367109333
74232374
1235067633
179152159
1255523074
87903922
1138479516
1200608392
889389467
889097193
1198163594
995388668
1239732915
434564038
286568887
274299477
324580858
1152384864
1289727000
682432132
1159560340
676329905
1222213680
326778396
278581471
63874142
502806829
651276026
190263932
721446926
1570778
1186265480
1412745865
880025073
93562729
132072122
790235752
758103043
585401298
426168027
1079126245
381054448
846977135
1208979292
1029238032
1136863637
435269106
431024542
950871663
225572902
1035679498
52496858
237922191
112386736
68121846
810032763
962772050
396747668
1132323476
984465783
80193565
382860536
783725942
522980077
77213317
1254944010
1026920258
13916955
1291870718
1119700380
1042629282
902386623
870642597
812589977
35196178
763128022
75137303
1289530430
156478202
242415252
322499577
1318157178
261640438
704689720
1111829269
6986392
732366983
456969334
922086647
917528067
1156356984
633680380
1062303612
1146540264
699605783
789437357
865388248
1200635341
702122859
563868829
217767559
602325358
490976168
1030883984
850105533
261044491
63329323
414935174
1306361860
1036425131
85974450
1219213997
711312201
1089192699
14467530
1394490767
1818583
81522023
691768685
88117738
702734534
86127249
1561341017
208181693
666998212
936338009
1421535851
289750488
548244497
1021428987
641560302
329453660
672559663
1426553148
631887325
-23759
297094264
972552133
1267182763
160024754
1217238616
1191055740
50519041
590434016
204799884
1303496938
544639887
606743199
124688724
395573949
455517113
533854
71299918
1134335070
7299042
847724405
1136705666
207557605
1479144189
592443417
1137679529
632139668
1364359150
1280330403
10781229
1052536082
1108860046
1489898155
570630407
495507588
1110542872
218661244
963691860
5824775
1397764451
928678531
351813729
1178913597
731972883
1500198279
134213519
1319233299
708346992
947836596
1407687365
1301950972
624447794
259106480
738191756
771026398
766501170
1011535547
276698
1038410490
829315435
202459735
468547981
1522345227
1097143430
785511584
1224794345
525114632
234523714
474103070
83705460
653595202
81337125
1209162052
6657242
1138305145
1202605801
1315990053
473720120
276956681
225804002
1201347481
730099650
456836834
359821811
198771387
369144367
478337186
1439517450
1329524665
1336846341
661258664
206202760
358949038
538508985
280617089
458152140
228953589
1350667529
1225612565
1408848465
182657143
1077112295
1440766607
575971561
13307041
64043717
1104474406
265169
1486474809
129603399
1459063079
1134756612
711984589
536730121
998676537
1188944791
495763800
87599878
-387991
1151819832
73837
172463234
1350221603
1419269609
374806602
-1087411
871947506
760634
1224055201
1116731854
1078393626
693225779
796477691
90798903
1455418851
28980862
1473337836
866145988
604839013
1141799405
1319210461
729043651
225747000
1454634061
301326860
1682711006
1403468767
1145438329
408194211
1375391137
687748864
1571669815
1373907156
566505410
1595346387
525051
1116030157
342371478
158593021
290800912
1302507518
586564251
683866840
1186321080
71584430
1583142106
1032590969
949238751
67826847
833906745
750054615
1352719159
723444688
626918916
413346073
320447710
650837606
1598287968
1276966121
600088658
1190070770
964855780
964780709
175586167
1025597477
1581307923
355656048
672878984
597191520
1304617519
348326004
215854423
1296925928
480180019
1318625588
523305689
517145794
1049898366
1359284397
660651051
1105965419
1021953801
194952159
876499764
1273726109
1252850388
1677396635
1099785045
1193376952
313453745
607401273
1270879525
742305927
1191990533
60265512
1526482489
1513232324
919643007
445591819
1116769659
1514069220
496145828
747144966
1104737242
10838751
1341429745
245994266
451584121
1139187305
1130943848
-893671
21774308
1238770867
945119996
406608302
279958203
815880700
1562530328
117767311
311625487
535091899
550630302
180608209
1439234050
1177925745
361565110
1221756967
226669777
1459096075
1517562758
729339717
328065295
11652756
794950959
62068597
542133
857864998
303552391
147526251
386163486
1330078229
508298832
614252221
1534078094
273242000
752991365
935774817
1005228512
1605511121
257827692
617787274
186510367
-168937
617233951
1124568353
1252352378
1093020028
754746526
1427184118
1090167867
286899318
1081704987
1465401425
1029711713
949433803
1224767501
855660108
979583363
863632991
221853585
1037888193
360948454
556333940
275456255
102450395
978026812
1353867218
1211173669
1270528096
1363287443
1182076644
263926547
630209141
1114598884
867910111
808298059
979216141
1316469941
639655768
500544223
396397342
517890483
1066237643
493706940
690273099
191642452
1006776775
863901998
1012559217
70237361
813980258
1071640356
339302737
856317779
1184418003
1238919017
1207834957
1285358643
1004573693
1268806810
507705532
361782113
1369447072
643055495
1111756966
1406750245
993408095
741974807
563883672
408974852
42367827
843670741
1746244754
1310251082
1519727231
438519305
482006265
1216335876
292103446
1743858976
891747669
1098876243
520020281
1398454246
1594327081
721088260
910487562
388992210
237759461
798667432
1182974413
1427564731
878871848
67071934
1037009933
1101023732
1738133887
769280027
557102329
1172476980
1375984307
1341248679
266103708
678594789
650681895
733879172
519290140
627120032
932819086
1461886214
1366611338
276110180
929316704
895453757
1016601447
1264772162
692810842
433621072
1637652237
194470397
350454997
820877985
474630863
849029734
746207036
1014144087
422770363
451607261
1198834366
844559732
1281167276
1160881956
1491989063
585516212
1053085665
924950947
84422849
979913221
616479
451596995
1348282611
1073730275
182295896
854909458
1011864345
1740352083
542068102
644348326
1282153309
716773806
1033189236
928391473
1585352157
1291410669
758565568
467567450
919243036
914841916
292460501
918909057
525648722
212583406
560577332
1685572324
1542393530
202871052
636495857
-1614766
1700426384
722651409
713054523
552438588
632330064
1227013913
158965162
615191859
1189434250
1203035416
501931363
508188240
1071885150
1380890622
561320743
97779624
1190733813
1270932340
1203105447
641609276
580928654
1791521665
1384562434
737609533
1597469302
774290778
529172222
436479874
1085000847
1571405334
614381992
304134780
781880728
1102760176
1309740947
1160003867
1396140347
45983471
1316646180
812786079
1115569038
1297874955
774198909
165990764
114591527
753993787
867902384
1434824403
47508152
136507421
908165212
1461893209
868855149
1172979155
1581034333
1332855082
397168384
-362508
437810304
455503313
55436850
1382387077
427565303
423287568
1538825463
151288261
869337048
123050542
-710336
1408367091
1238893265
359992415
333292637
184123504
360710421
633966464
429956872
894046402
977754361
1091527597
906397242
1062810598
236763119
225933799
524226710
1199515325
1589500510
458889523
1134335753
243633757
315800142
1120717766
1101598945
324273009
1370261619
1009139922
1112630973
1711822066
1095653181
555047671
204097631
116678581
491775013
583010044
1156234514
1649629549
707692267
722764862
1359133075
478619753
244086943
697870433
882833588
807926852
1004054450
1035149699
476108444
164896689
849222161
797229592
137619460
952638131
1665307285
1476135292
259056773
1109951187
900957438
1328905243
255147133
1118176372
1490385096
802138553
1397440755
284417291
1219337293
1388904451
1429790844
468775886
1025257480
78722041
859209
192280
157745125
62344939
1624335644
363372141
1696703477
42686336
1352265597
1929265427
1630593437
817954624
281538602
1220957140
858432292
284703961
123267668
20020245
1641714891
758372549
1240019918
1134278347
229264665
1211320299
168023969
1121167026
1005417172
1111471129
-228445
1020799584
1124104118
106958627
1443289990
433011697
353996869
374746889
488984664
1134533060
1544424683
810322732
631501216
664699192
85934946
1488217375
199257970
419731439
231207857
815318225
1666524720
1300412529
536548
1654814743
423121012
305458458
408681593
1630971328
1032214087
1463233071
1338547971
1242916358
526090629
43939340
986752568
5266265
641028753
764760510
1690214167
113714831
-1485210
530784396
627226
845753068
416952116
1025398462
171391016
1004603832
119916960
733957586
584899031
1069755325
807547062
549831223
296304664
1212634732
500039230
960972020
1396698
1475638882
267520777
1261873836
415490820
1084836935
785603591
665996591
1463838168
650371739
623019480
939734805
876535211
405721799
1329176610
925439674
1190082330
1059674767
1323349655
1001044961
1062314220
417208483
1111695209
354331609
1126342555
1437352634
279927434
1757585707
142810782
1257653365
552030697
615236141
1040881518
180273857
1294329035
401153380
1224195694
454859984
39929737
719676023
32266862
356253868
549413298
1455209849
1607815923
859949595
63862487
239906548
865188394
1364319229
429061926
839228861
126793075
187965093
1788900936
999585704
147287066
199414116
1411427434
433210573
1239588070
1003933158
1339825196
110053412
145098481
1648007376
1246347855
1087721294
1601841912
244921140
996714316
420713345
1536469296
560816996
1856083890
472247870
444990185
1066338356
835383545
1496106000
341599288
1598462723
1005420236
768802204
1805660023
1647906801
352897406
168196686
1361608084
580618198
569077272
1629343677
9772274
1333175950
270245019
353374040
1314636627
1072292479
80529956
1193054080
1044615410
151139590
255543679
1075657717
353669634
856333315
1506927476
784436339
794382758
1668088948
718114082
1056715817
1385015058
1430182192
202242319
1228375470
187524256
1366415561
613986778
228986350
1131726855
1173730272
1250561076
37916220
1130439695
903704848
1037227718
1195670877
98625448
814939101
73690615
1525063730
469152696
1683543733
1123240190
420259074
321942265
1301542533
1672336680
1316909917
1466989050
840378451
1583043733
107355433
140152683
-347902
1223424781
1666654994
1337236682
977256566
853256161
535640840
1638829630
58996185
334093445
989572942
620025737
1544471236
957921855
1299098015
631844170
481493726
1992070625
637362788
1128973825
430130660
1148485983
969782475
1223569739
649244158
1645149142
1068445534
1122725019
1086187953
1333954022
526299236
1401129574
1428508981
1492736122
892441545
752668142
1859242640
1160211260
334625411
1591971212
1474745953
1271434546
941980124
427548846
651459764
693045197
574040095
408623292
1497461003
442796997
162319181
258252374
1627014714
117381134
766769267
1260267075
66062527
227457723
1338711345
1466647890
1500812107
1266249889
104051221
277916064
1443867933
734785494
1260271667
1527135879
1649490579
343476
1702380348
1241620016
1518088271
1035098939
1488189614
327784769
1297065588
1107037401
1136767372
1285549846
165507178
437779471
1210597445
1398085129
1266849782
1784020446
1055763724
1667025252
966535265
1374405985
1457468637
-44529
1752194503
391205306
297503636
624744
1806923998
129094336
965722917
1093747915
741152773
228783723
157393338
1828341040
1466377790
1790523391
447017970
793109665
1398733579
509076740
374440628
670064700
1076631540
344750
1389141515
1446397272
1396944881
1001563350
952787277
749569693
658117490
-674191
1309558284
711839362
1231166097
1631382427
1123287445
270826087
470745704
1620962253
1730734986
1213788412
940416141
524470048
213324686
1151924269
914692704
1189501878
1136328127
1408351771
1470749228
1120676213
1258477939
915395323
330974269
1216110210
1005399866
469943777
1577856392
896378537
1033388865
295087517
1278435668
1184010522
39553964
191814025
1055714371
1310927158
261615948
1084138047
1378019273
474371070
85094629
1035226957
177483023
218530819
1750776352
765449
1625629583
545366495
997684563
1456768760
1092413310
1073790265
1360750149
317388929
915447629
438430150
701454125
1082547513
1732324364
500810667
1174850176
1756884938
118428785
1535232422
295560004
1841095337
1386274132
578886249
1389789680
1329103744
703384346
1373080118
1533758028
1201176212
622814875
1022699984
1446801529
1953160096
42257848
1511004860
1445931108
2002353743
1153964359
1096771650
1048911273
1403569183
436945049
134860148
980064054
1116544896
1635269007
414508621
130396264
495923928
1310510899
1676326940
1127143036
1413098552
524962340
728697659
567826808
754623819
877001620
1534014133
1097816090
1418244278
272082957
920744347
619238048
971316151
1375793251
1034827027
589128724
321887477
1341151560
1377380060
834928343
1377030041
1737359620
910724016
1301493877
967381494
1213737507
1964937685
1651439804
1265233039
595195911
1624120183
108873358
425844437
1012275304
1395676981
582365140
984929534
1247178569
913718022
900599783
1254045961
1750913143
1113602562
549117670
868001619
38981944
246540820
354664127
371070617
1220299269
1547944554
1291786128
799288553
393453732
306328936
14215347
1203758506
1547551301
872266682
707833655
1409358231
319129179
1975141027
1537964615
1932184457
75351819
922292394
254011698
851696814
463656476
734537583
1596679175
1657234440
511919486
1404540811
357602012
1211868245
652540486
566784669
780807384
385710009
1237469475
255014659
1646373178
1203648275
1659277957
1441592920
612071616
1205713708
1239912624
1472912174
699059200
1671543234
1740819995
970358693
451907
731425142
2029527977
819956240
89885095
1766735411
1513298787
187802788
1133705631
765531582
1889494111
920268008
502224794
1315466473
1794749954
936476767
720365172
1857112156
1028407846
1287697569
1264836147
1722035397
174204833
1438756506
87179643
1329161945
1310305433
290445362
1584593075
29347315
1439879545
197026141
190511924
599668163
1156222394
1209972797
288142279
851520380
327916090
1099817620
1946768275
1910131437
487201865
1144945325
1361745650
1922102475
1631060066
987667980
159680881
1248253248
1712963597
466117009
656189527
181319733
1489212561
1911270439
886122323
-819094
1040132804
497361960
87981599
108436795
533526034
589098449
155602730
1930914807
521773735
-278816
1567190440
176199
449744596
1021372173
523257872
1815742159
487504871
356400815
1528704419
713528847
1152446678
1031333054
129952873
1955865767
1409139540
779449544
1186480135
753859496
1327892664
763260
228134118
1410106271
613563325
1462087277
4478521
773988126
2058853548
1150570007
1776112605
1733553109
532436300
1440009890
388308196
1499424729
1740907379
1262676441
1132973120
245225276
894157053
1535853327
2087132508
1355814183
685377938
2061294557
1037196256
1875088794
1916201853
193202481
636990
1576062519
838632122
598315277
1092362216
976057087
165787051
198085083
1324579630
148148408
1022976751
1082934206
779934091
1061651418
1643378331
1333659166
1207222429
283123846
1235144052
380346019
810440304
932668262
1860577523
1039268841
1330926489
1004477952
1639758727
688728862
842334503
240816417
1748340626
441671865
1389939166
636159361
1446374438
1629111482
1550134164
778942004
89842322
979806609
708889447
491094347
547627194
1606239361
613828309
223598397
870387906
1725663376
1421369437
335733975
1626307326
1160395746
730626091
1470797742
943263
1656087643
1880935097
2048332227
-543331
1290185227
1214827707
1445742404
252336110
1128677466
1847501431
1616862698
1486457289
579364328
645766364
1561569906
609809532
1641398329
422253330
1353086265
747004
773694410
1203662875
320087362
529377655
1217826087
1786435375
1200139536
270842867
1482032638
455036974
1492562971
1417951905
783276981
1378840849
2067767159
825147907
1564921285
1195001005
199281459
790325695
522427747
1081322807
278226862
601393231
1813105920
1724515093
1313017261
1603733549
723522107
4994336
965649611
518005557
1380343434
1085717139
353184311
814195365
1896085710
501700439
1682428710
368416066
1306828705
986701269
130699
837725736
925828379
180938266
287932225
1352796399
1591860129
1084882527
800717177
432169483
506227743
633145893
328955355
1002298986
1171432650
2047130283
946880255
248027530
953236058
1131536629
195921002
223193236
513732131
124466565
1942652759
52051749
1363618572
834150291
1540905337
380666386
843758425
830904469
1311710705
175578209
1457499539
1569689415
1577929240
1096462867
391941792
201722129
1513072091
887897440
224398633
427776923
1049676533
811337052
1398200869
155696662
1066917058
361217348
557764606
821663534
1848984135
1495274938
1118855075
752981842
2099879178
482508376
105415552
982828724
199140201
1027469
1882183063
390942852
967678717
1292202125
288747348
76281944
366437412
1488393393
915657576
1289399283
712022753
1982250044
836704795
1294564785
69732721
1126144824
1472637797
1647051285
203700655
12900720
646712105
1010499729
981658725
654969190
284170495
1624279396
1066031550
1230330263
491812789
876919084
1276124720
1816751233
1785505054
193510815
145826179
515743509
223038208
1000460024
159192042
1100428964
2192898216
1898800731
2024677679
766970
51010353
1037875567
505867104
1142734740
264639407
626231516
2110641033
1014405802
329145175
85205009
377417995
134311794
176248
1181590150
255078775
192244467
632864317
1553729216
1374028783
1804549305
1098241974
891910157
959800013
299344468
1628764618
191062095
1245916000
1993875369
1543885665
107428166
-212236
1730849934
64592040
1539330646
935085467
1851594793
1843189916
1750623026
1335469667
1806467498
1551248048
587791675
1701916642
656104192
1813386919
920563370
533028723
1284335047
1449219762
642687168
1620255670
429959866
380288064
1798792813
1371504642
1755236176
1658327473
455892552
1376883357
345244951
201181225
831261536
1240949160
898631696
136048449
174067807
878243920
1229505859
1171084169
1392255191
1542600265
1725651852
2055154158
1408047840
463525946
1954548484
1271467111
1171314811
1564440970
152991
1383566372
1170593070
1113927352
-375934
1422815392
1774669092
985713502
1686500711
1353188222
1901891019
1317129554
880151572
857477273
713927786
961722820
553890413
1185134264
278832978
1375586133
1290309529
1133676004
301116135
519651665
1310113813
1599922234
1707088113
1562386019
1080807525
262158251
605978718
474601015
2017063264
503527751
2102149150
204327074
1211622459
492372887
998269
1719617808
1466930493
1359520200
1622729650
643017815
1875452483
1443438585
1024546052
304284613
729932319
1898676421
2026486429
2039125498
2151386690
279815902
482314113
1373786519
1394891161
651641493
1434731933
766626795
860064018
1523605571
1740112683
1024928807
941461073
25877284
-384346
1504359045
70252556
1625189209
745634910
1529210507
1384499126
2026140504
1350513979
2220369278
1477889749
1288717281
441003324
1824489556
1231142360
1542472716
265400243
1034734992
1435575837
766519553
1838046075
1093560293
1169599356
2197992412
1685323515
821807525
1169671395
1464056282
617880396
1864755288
990250813
792664861
1033830774
674275933
783688898
148756853
1019686697
358541491
274827178
2046589150
484960016
2038085271
1337816069
1577763378
1864415229
1009506777
1821887449
326212261
46166279
673221479
316629244
1191464087
191219977
1282646524
77168958
411283072
-411920
818532388
1111101059
867588703
899754936
1861702077
1321145578
1136145692
37398730
1450410478
1883420162
175318879
1229026498
1052021035
1014305193
660286394
1678623963
1916913065
1438993099
1182723694
1689699415
119393278
1893547926
176594988
57817424
2031314455
2033728636
655544501
1288414602
1308791266
1892148502
1717625214
1556583162
1191757488
174662555
1113976323
1580176409
179936216
1452910321
-191990
1003815091
1411817681
133702897
1861426460
766249598
962095457
1761264388
1154638035
1152756369
1368311673
990339102
650742801
1048508386
931469215
283378025
1104427925
2160102923
471191521
2163995479
1849090307
1028384849
119755652
1761692367
564585496
152425006
1218590560
803706107
2109112949
209450557
1831308107
977516536
193773008
522559157
143781697
763422089
693453896
852404916
537245263
25699227
252116445
485382925
94002333
1038443726
1418996902
575200582
248978888
1290652867
448848222
266455278
1636875777
1685055869
905258950
1017682481
1105417047
879818497
451947110
538142062
173409675
-525461
1359521299
1383840092
436995095
1772778687
1856814445
1451269485
1554597039
898072624
1579653043
812516639
1267293275
749143093
1742798566
1405154728
305973830
931711127
1395816885
494197421
83580965
1768276507
1969658745
880963218
662411124
2071811558
2264500169
908215101
1374981590
1468377035
71261584
1050072024
981839887
188304556