500292333
231292315
642641384
775150418
796434976
664766094
832895500
728628602
959463133
576978330
934978948
1024
383984174
571263033
818220433
709870800
529374685
442669616
517681609
467985870
829926746
95003385
366505800
976067549
527110846
378991266
554701791
768653776
462506609
53089578
805884206
958298892
569349713
555660001
443497178
289177189
108902420
865859467
712627976
673697882
94329039
851782083
661822718
543495315
768653776
262294256
36414154
842342358
618594352
675648494
462420039
245731183
782681234
692468108
566748646
217804840
584060230
870216128
78719350
596645232
544555494
829002136
492206796
768764084
799579292
134499103
474614668
963863040
932051910
459866648
356313988
742637959
561165936
918025702
351639322
461612192
807772793
256
247032498
567591302
606383016
35951525
852094167
99084808
492121113
435537169
80330173
642550970
83501095
801889856
327912187
50118116
940453896
739010145
156102147
712650376
859000433
977732249
474075264
272730141
241985055
814525008
157724972
101422872
312204294
561900705
320404669
980288762
807119449
250572823
701850498
778072449
432977508
379521899
50711436
210709411
692677551
809540985
988759971
337824247
274107614
505546182
899012250
363116519
284617744
733306278
4096
418082824
204305866
801889856
5184067
769772682
518230263
45813225
830930537
3765090
153560431
682252064
569511252
269470871
210709411
274160797
496701029
38646601
189405821
971438438
790414760
539013799
166158195
240467406
314415813
54388508
100952800
616887428
430529898
585680690
158004702
883289997
204691067
292030115
378835573
971868650
72779050
891020693
274160797
642586216
631304924
185863677
620916394
481931520
427011599
957786909
500292333
366505800
278270430
233744737
692392081
460478190
199698253
191992087
334017150
751864167
806219117
439758402
281556302
195170826
247032498
675683101
10873474
282385277
386691863
434285762
474075264
236458143
8341613
511566473
521588420
852546754
581750455
549265625
442978742
784968939
981388471
54388508
189559327
165256557
133666322
766748693
921781285
628145671
809590582
410402778
475119022
363784199
803059876
564320729
136466086
945832572
959039339
943201377
135944568
441788312
340761070
443497178
422730476
71903050
543661425
245505844
548053837
505777364
920956380
287612200
4096
398365510
573715174
162276315
137182909
35072871
13304083
650802166
3765090
868476537
599637228
453763999
804467923
977330126
170253569
970582831
365758110
545460282
351639322
743454708
780586319
884598621
672162767
817223464
484333291
179165972
633992874
657620395
350296614
32768
412395273
547400610
764027380
647553083
277678379
394998702
599637228
730663360
334017150
753235034
113075649
66675918
535265813
934392641
636855879
551959940
987155951
924840078
779562327
358119350
152398840
49696824
79871080
854599625
919247320
618100025
470226948
112883272
177883434
249649169
595200811
135218181
693924171
628831626
490851205
72440462
26744525
658226388
593869993
137338497
894959051
145142697
92905108
967219115
354935400
200764969
354935400
938276404
595362382
363421514
992700152
543495315
756861186
937094752
286080616
500292333
601722871
515774350
458532810
936085563
205917312
150035318
299356777
721419738
54388508
663616721
74890016
258329306
435609680
646997026
36252434
74237730
887339755
454654153
86987792
780974428
913165692
495181833
34403958
920455031
692468108
316996437
665089544
807583709
685223707
710382675
103265854
820372259
774210321
355043531
828090896
957557895
606383016
991775675
285654674
148475460
624408588
719641420
65980984
398365510
512
849433248
364067787
73597041
419430366
633070063
857790580
351478351
710348389
28850762
666127181
513378225
537812232
810966031
764027380
482379235
533807168
668020018
965615013
758024010
712627976
413063416
873699127
224610825
543662825
21614999
32990492
946281459
169907034
367238796
459866648
745274330
459611128
479674846
709981243
518837798
371727354
676115973
379415766
323610084
360709869
909537137
99504340
527110846
207022724
842837644
390487214
698164477
230239095
439595231
810966031
256477801
269470871
835412038
257787133
456577738
455441703
100236232
865043419
984242226
162367016
461612192
929700728
310993884
479674846
767968348
356371424
868476537
283005843
154935709
142888457
593976118
692677551
376005642
156513242
802743903
511923420
297576552
450770081
357310688
922158572
767082525
226151298
600443079
150914404
285888266
37362981
437527130
247137262
268571767
498262130
835302192
212870424
116522681
401529938
835412038
733474581
120385651
696417411
877564892
45813225
841842556
562362269
492121113
782139408
969832920
320312549
411010153
899873070
685440759
649021499
467778847
803478122
297681191
899873070
60241440
205201389
261584821
911243614
165256557
824087529
933360445
16127641
798223151
33554432
192480411
314415813
886227337
642718475
942125272
460286818
834074992
149451924
232400934
882499718
356325188
306314778
889788855
817873719
53089578
290131586
511560219
98146153
823626258
287951196
479674846
114350339
798642247
154221857
405283610
659324511
805884206
601140688
516658612
299356777
741572987
729599854
205201389
730357289
85353403
299771973
505483981
607243453
879190462
412395273
958524909
135252939
484333291
177492554
205671324
581272904
76042715
511560219
595362382
525040955
609996471
102152933
454654153
456892443
131296755
145554320
459062283
480397659
594094051
514829197
337262498
879933269
950463127
280582968
978875173
592177940
209287876
927926063
817223464
317285948
386618512
288563426
589810059
842719466
55977339
259004096
420715494
137915776
905523534
888903340
180971722
740422839
691851850
394742078
162897223
586590558
438782446
494908206
423973567
133666322
864467060
599504661
292156222
497653758
780136139
527262618
318556524
262510845
725503060
899470642
701653990
154029661
137915776
683065327
817223464
773670615
204387529
37818240
378835573
377715872
377659731
183252900
555261786
314415813
409382134
465410299
28850762
194879575
363421514
57701524
710611248
398351173
595118220
599637228
768653776
428626441
968666582
913527559
272603659
114069763
631602713
438944294
591744368
66833161
462506609
864309917
794615915
351857473
619548538
801889856
784753693
705696630
786972612
896286690
14425381
599504661
795149184
669905631
387110749
937409618
527262618
316996437
181501044
938174010
640314815
795149184
741981786
386539809
250572823
798833838
396319090
521588420
428417182
439034689
517097939
105682619
245731183
647616206
251114114
301989884
621668459
448143345
463729031
353052635
738708721
630899888
835886887
648810063
616887428
386141857
321320692
485822009
397055477
437515000
436222071
449455599
604282206
981929683
455621807
784968939
775744359
110667404
939629289
940453896
398084601
773079618
92170283
970722865
931277135
370155897
190346928
757532823
384326888
23226277
500063449
410488781
745182733
637851947
199835929
113075649
374856124
693241550
101594341
22703835
147033633
292156222
563122255
941421487
233744737
320404669
919733296
335116636
878354800
268906116
54388508
402942103
541798878
156513242
448539191
796731020
716687986
781010283
505483981
268571767
470838566
773351570
674861352
412395273
733474581
918698936
577173250
745182733
855472454
895435178
492304307
901540162
102108225
493961729
623771051
737362264
121229115
149909307
32768
199108744
978044763
251913900
299771973
537143534
390341652
714443951
599504661
592391966
716471006
482380372
795149184
364799927
484916460
570311083
936965869
65423370
36414154
889273832
430198253
885999671
860719101
723875239
421325546
280729853
456892443
760136571
945832572
600037869
946601702
316928806
561900705
758237308
512000628
465147789
794329027
516821293
929810069
410402778
401356228
179729948
774210321
761622185
645769816
222225835
739010145
995680340
827018326
85484400
161442454
753130417
481739229
807772793
498262130
552389579
328863608
824790546
64
543540842
190173370
524576083
77140333
235660878
267558038
417601780
964760744
154029661
692951418
695902336
482730662
603979768
118108961
816836812
828761402
256208120
459866648
432977508
609996471
436429261
250473837
432233530
729571747
676070050
144574546
797869053
944328340
219472147
18722504
234569101
57483331
348814489
312749634
709970216
795149184
920189105
412110448
815139125
617122664
636091737
465147789
77168906
685440759
160646554
562362269
538250487
435211660
874143401
511566473
200950227
943201377
919733296
450770081
196797670
298935926
978853743
928343145
247137262
701850498
943701397
917329465
228096776
767082525
980370260
27328176
44444310
179381326
692909781
225706775
187819818
877031110
343923874
449506125
895280528
106534805
727800314
643415489
649021499
684444382
609996471
780072529
615332267
296195983
512394571
383984174
706105270
559419723
124087519
466025955
990143284
96556867
184340566
200843539
365011551
906455299
451046550
941421487
193113734
26544789
145648352
35760077
894959051
178156994
434954335
280582968
377744833
154475483
7295937
876293537
349873526
443497178
543339109
647772826
441249859
517232292
902681901
993502162
218757500
543593035
462506609
293817069
989816412
801889856
826126832
272513513
200652076
963863040
558005006
283005843
304170860
507723166
177850421
942921309
92676211
829325419
50894436
200764969
780980970
925924441
167558318
617463081
57701524
402287482
919222256
691839635
867726993
317285948
443497178
218439087
435083423
685440759
716663888
802295176
421718133
150994942
412395273
798833838
96847922
796434976
398217488
955620356
192191452
422452425
60050588
496350076
623582219
340507138
434954335
427659061
767195047
27225605
186509711
326407130
427156757
706105270
701611278
514829197
86895947
537996412
649468064
402060206
166158195
705319813
32768
225123532
205383671
484916460
298894166
48483403
600023150
104259374
839923137
28137987
802743903
18207077
29629704
376617517
719747106
149140491
150994942
51799027
