7715
16156
10938
3071
6987
3435
14830
8972
7950
6254
13123
3180
18827
4632
468
3167
11408
4448
18452
9180
3304
14491
3701
9812
8720
14432
5208
4992
2134
4346
9365
8389
3144
2200
5062
4304
3744
1380
17278
9952
8718
4988
14469
8921
6610
5302
4380
6586
5712
14776
4160
7219
96
2706
5229
788
1856
7063
5640
1036
18511
4332
8890
7876
650
9069
676
16178
1420
2112
5148
10808
4790
9504
10343
13368
3076
14092
2684
12156
8088
11584
4772
2992
4590
14918
11523
10650
6762
760
6370
2482
310
3552
9953
2352
1172
4982
2365
8798
