1000000000
3
8
7
9
5
7
9
4
5
2
10
3
8
7
8
10
5
5
4
8
7
4
9
5
7
6
3
4
1000000000
6
3
3
5
7
11
6
6
9
10
9
7
6
8
5
9
3
6
7
3
5
5
8
5
6
2
6
0
9
9
4
8
2
3
7
6
4
4
4
7
5
5
7
3
10
1
6
6
2
1
7
2
7
8
7
8
4
7
7
8
4
7
6
8
8
5
3
6
6
3
10
10
7
8
3
7
3
2
6
8
8
5
0
9
7
5
4
6
4
6
7
3
5
1
7
7
11
1
9
10
8
1
5
5
5
4
7
5
2
7
11
8
4
5
7
8
4
10
8
3
5
8
5
2
7
8
8
3
8
4
6
2
3
6
8
4
4
1
10
6
8
5
6
3
4
7
3
4
7
5
2
5
7
1
6
8
4
7
6
6
9
0
9
5
11
8
10
5
1
5
9
1
11
10
8
8
7
10
12
10
10
8
9
7
7
8
0
9
9
4
7
7
3
8
5
12
8
4
2
3
5
3
2
4
8
8
4
2
7
6
10
7
8
8
3
7
4
4
1
10
6
10
5
9
8
8
6
4
1
6
5
7
8
7
5
8
11
0
2
5
4
3
5
2
7
4
4
7
4
8
5
8
6
3
9
4
11
3
8
1
7
4
7
0
6
8
7
2
6
2
3
2
10
7
6
7
3
7
5
4
11
5
3
7
6
1
5
6
5
2
