498
254163408
498
257614926
513
89811058
527
109374931
517
134337741
515
214569945
498
254916914
595
124156130
513
35886474
979
8965958
498
255003576
463
215801765
517
143851326
436
250400048
517
163868530
515
214747460
498
246075858
513
35886474
436
222037684
595
118895535
515
193716700
513
109424441
473
182720287
498
250054376
513
152473512
434
239958460
513
140802642
513
143533103
498
258199070
527
99926350
498
261384460
498
256811070
517
182415836
515
196432670
517
176789251
517
81900163
513
181623148
513
71152701
513
39614448
473
195635652
463
232591173
515
224439310
515
211597005
513
115931363
513
162572895
498
265930038
513
116427850
527
97657296
434
248467140
441
265645542
513
57069318
436
248932612
434
240545328
515
197619155
515
190204245
498
260412548
513
87449571
513
179460174
515
224989795
513
132876720
513
135164694
498
264811038
513
169695765
513
63293753
515
190204245
493
56236269
513
104403467
527
89301188
466
217692696
498
257323938
463
22454019
517
79226163
513
101935467
498
262204998
515
213603460
434
248467140
517
128174639
477
50937741
513
178914174
513
123885798
513
150338538
513
170181765
527
160093214
513
97868493
979
8965958
436
242337200
515
185047850
463
215302839
498
243728348
498
255642918
527
155066214
515
209277520
513
232664933
498
251869086
517
135029258
527
154237214
436
248894176
505
250769000
527
102951350
473
196853598
477
53481741
513
126812772
477
50937741
513
140278642
513
179460174
498
255642918
498
258677946
517
137937809
527
46368756
515
197138155
498
257864568
498
258691050
498
242850846
436
248714176
463
198060190
498
260981962
513
85800084
434
241606498
517
163868530
513
39614448
498
254916914
498
255923922
513
2255630
527
29077905
441
266175542
513
239316264
513
73792675
498
255642918
505
250595495
434
239299460
517
130148707
527
43759175
517
143851326
498
258547568
517
134337741
527
86032134
463
15701556
513
165246330
513
135558181
513
29265987
517
146200843
513
122409798
517
80147163
527
29985432
477
50047741
463
26304482
434
243668970
515
220594370
498
252543580
513
45947883
513
180312661
460
214188380
527
155707214
513
121669311
498
249844878
498
260523970
527
35384121
517
164477047
498
261647046
527
110263931
517
81900163
498
257742428
498
263281014
498
251487396
527
110263931
515
186371305
527
110263931
513
145057590
513
121669311
517
132637741
515
229678190
515
212750490
498
254119584
513
239022264
513
24557013
498
255923922
527
160723214
498
260960982
513
239316264
527
35384121
517
173216666
463
233935173
513
166266330
498
255205914
473
196138652
513
136262181
498
257376942
498
251970392
473
183020287
498
263803512
498
261790476
498
260485046
513
93160545
517
137937809
463
200043190
513
166451817
527
98452296
498
263772018
517
146200843
498
260523970
513
106977954
477
52599741
517
177128768
498
258829054
436
250812048
513
150338538
498
256973938
498
257376942
498
258113930
498
257484926
527
102951350
513
89909058
463
210026672
515
201856095
513
136964181
498
239790834
515
224666795
498
258730560
513
78195162
463
231247173
513
147745077
498
257748564
527
108607931
515
219480370
498
255784420
498
248421372
513
165450330
515
224065795
498
264377046
498
261666468
498
254286078
498
253709580
513
65037240
515
186094820
498
263285046
513
148236077
498
260758456
527
106056404
517
147705360
498
251730894
463
203287968
515
224469280
513
147745077
498
254006408
513
161129408
513
174814713
513
167857304
515
202316580
517
175084217
527
44570229
513
97868493
498
246075858
513
141488642
513
19778552
434
239299460
463
230918173
493
66260255
498
254286078
595
124156130
527
103730350
515
201856095
517
148849877
515
202316580
463
200256190
513
126228285
498
255784420
434
247203140
515
225312795
979
6980958
513
118418337
527
41857175
463
203173116
463
237888562
498
239790834
513
19778552
498
246075858
436
242983200
513
7170117
517
162008462
463
215801765
498
260523970
498
251661898
513
175037713
498
264979536
517
148190877
513
116918850
517
76711129
513
156707973
517
130148707
498
251551392
463
215801765
513
45947883
434
243519668
979
6980958
513
170272252
498
251661898
434
249408008
513
237827290
469
181245935
515
209277520
498
249631878
434
243668970
498
258691050
463
24406019
463
238508562
527
109374931
477
50937741
498
259864548
419
205756107
498
264718524
517
77551646
513
68500214
498
254916914
513
138361668
498
257323938
527
39997175
498
240053336
513
153767512
515
224469280
513
173346226
513
45947883
527
86852661
498
244376854
498
243728348
498
243728348
517
131942741
498
264266520
517
174732217
515
214868945
498
264377046
595
121972130
513
89811058
515
224020795
501
239526332
595
125313915
493
64394255
517
77551646
498
253803086
513
134455207
513
167857304
434
245307140
513
63293753
463
209154209
517
162008462
515
228658705
498
257329432
434
239958460
513
101147467
513
262656
498
256811070
441
266175542
434
265151274
517
165878598
436
222848120
473
188217233
498
256846428
517
71551095
498
253962584
436
222474120
513
25476500
513
6195117
498
243342348
517
130852224
527
116804566
498
257278942
498
250042878
515
227967735
498
257430938
517
173216666
436
251015484
473
188739706
498
260909460
515
225189280
515
222100855
513
166266330
513
133029720
527
95849296
498
248001870
513
238588264
434
228221686
498
258691050
517
138783809
513
13980091
513
41490935
527
38172648
493
56236269
513
57954805
498
262126492
515
196432670
515
197619155
517
148849877
515
201666095
498
264811038
527
40949175
441
264585542
513
178366687
979
4986958
434
244443838
498
256915942
517
147705360
527
117549093
517
169693115
463
211906135
513
231670446
463
201685116
513
46043883
463
236552562
466
226098492
653
113807385
513
126957772
517
76711129
513
181623148
460
213479380
436
250596612
498
257748564
498
245850356
434
244950272
513
68500214
513
143533103
466
226098492
434
265151274
513
173126226
463
217607765
517
135029258
513
180003661
513
82478136
473
197083598
513
126812772
513
81642136
434
228221686
434
246571140
513
139057668
463
231919173
513
262656
515
196918155
513
108650441
513
28328500
434
244314272
498
257484926
513
61606753
513
148369077
498
260523970
517
126601639
434
239299460
515
190455245
513
61541753
498
251487396
513
97868493
434
244950970
419
206488107
463
212467135
513
171419739
513
168453791
513
238952264
515
224469280
513
9117117
517
173797183
498
257104436
463
212041135
473
195635652
513
65037240
513
140802642
498
265098042
527
158000214
515
227633735
513
151824025
498
262046488
498
253803086
515
222495855
434
250343518
498
246122862
513
81730136
498
239790834
498
262046488
498
261666468
463
238508562
527
111664458
463
217211765
513
121669311
498
259575954
513
239632212
513
39614448
513
12044604
498
258741054
466
224037492
498
265930038
513
110195928
493
60856269
498
257323938
498
253803086
441
266175542
513
126812772
513
63293753
477
50937741
466
226785492
517
181096319
419
205756107
434
238041592
498
260412548
730
39085410
513
178914174
498
253847408
515
224372825
463
18569019
513
27388500
498
265528544
463
200043190
513
236198316
436
242337200
515
224560795
513
161325408
463
27250482
434
250946518
517
178805768
513
147570077
436
251015484
517
135029258
513
67637727
515
185572335
515
187650790
515
187650790
513
151824025
463
203173116
517
174732217
527
160723214
513
168244791
473
194368652
527
115926566
498
264309010
463
215401302
515
227268250
498
260412548
527
102284350
436
251827484
498
261732468
515
222100855
515
190197760
513
167857304
515
230343160
513
169909765
517
145533326
517
172418666
469
179913466
498
263803512
595
124880725
498
262739046
498
263281014
463
215801765
532
153592560
477
47265264
498
263801014
517
168889115
434
244314272
513
142853616
513
173126226
463
217211765
515
188926275
498
255784420
513
5211117
493
59920269
515
204243065
498
256991934
498
254470910
517
163660013
498
254470910
498
256159576
517
146866360
434
247835140
513
234563855
513
110195928
463
215302839
517
162428979
434
239958460
515
187650790
513
5221117
517
148849877
517
82820163
513
170181765
513
153767512
515
218362885
498
257211930
513
136262181
498
261341978
498
258741054
515
219480370
498
263803512
527
88486661
477
48159741
513
168453791
527
110263931
513
115801363
515
212750490
513
161129408
513
163611869
434
240545328
434
243519668
434
241417800
498
248421372
434
244309970
517
71551095
513
101147467
527
39997175
498
245283858
498
260485046
513
85800084
513
61606753
515
185851820
513
176937200
493
55299269
498
254916914
498
258915552
517
130852224
498
259575954
498
259291560
513
108650441
498
246122862
498
253803086
498
243197850
513
5221117
419
209000945
498
258730560
498
257857062
513
4233117
979
1995958
473
185096287
436
251827484
434
244950272
513
25502500
498
263803512
513
231670446
463
217607765
513
7163117
527
107838404
463
238508562
473
188739706
463
213436524
513
121669311
517
162846013
515
224439310
513
175037713
517
141663809
434
250419820
513
25476500
595
120368130
513
153767512
513
169808278
498
245283858
517
174156700
513
167857304
513
165043356
513
147708077
436
220641684
653
114559385
463
24406019
513
89091058
513
29265987
498
259316548
441
264022101
517
136566775
513
178595687
463
205304357
434
240770800
466
224000026
498
255665070
513
176711200
498
257353424
498
257278942
513
46091883
527
103730350
498
249844878
498
245850356
498
249844878
513
57954805
513
140967642
527
87574661
517
170285632
802
10905010
517
136566775
419
207220107
513
93160545
419
207220107
527
99926350
460
214188380
513
136262181
513
241208160
463
20502019
515
226915250
979
6980958
498
251037882
515
222100855
513
178366687
498
243911352
477
47265264
513
3243630
498
261732468
434
250715952
498
243911352
517
75869129
493
58048269
513
7163117
498
239790834
517
165083047
498
263772018
463
22454019
802
13822010
463
212891598
513
140802642
532
152946560
515
224560795
513
138361668
513
170020278
463
238556562
517
82820163
513
170232278
441
265115542
802
10905010
515
229678190
463
212891598
498
260397978
515
224389795
513
238631238
498
255642918
463
212041135
498
262708998
517
142506809
434
250946518
498
260555046
498
262101990
477
50937741
515
186094820
498
265098042
513
170551765
498
262204998
515
224343795
513
166451817
498
263745520
469
181245935
434
243027970
463
234580099
469
180695466
517
168889115
434
245307140
498
242602344
513
20733552
513
8141117
463
201685116
498
258855448
513
92350545
434
245939140
517
139464809
513
65037240
515
224106280
498
250042878
513
236198316
517
135029258
513
163611869
517
147705360
513
18840552
498
264856038
434
243519668
527
29077905
463
210460135
513
136262181
515
194211185
463
27250482
498
261647994
498
254865078
515
199522640
434
240252894
513
178366687
595
119769535
979
5983958
802
11860010
515
226915250
513
238952264
513
19778552
517
135878258
498
261491970
513
239367238
513
101935467
517
145533326
513
20733552
513
5216117
498
258829054
515
199317640
517
176222734
463
21478019
498
258730560
513
148849564
498
256811070
463
212041135
434
250063820
527
92640769
434
240545328
473
191040706
513
180003661
466
227182424
434
245939140
515
185572335
473
196639652
979
2992958
466
218394696
515
214747460
466
218394696
498
254145078
513
4233117
515
202130095
513
142853616
979
8965958
515
194703670
513
70294701
436
222474120
527
36340121
498
242602344
515
224666795
498
251411898
802
10905010
513
165858330
513
94462032
498
258526062
517
167488598
498
258855448
498
257742428
513
234916855
513
93762545
513
168838791
513
165655843
513
129856746
498
254865078
498
264316512
517
81068163
498
251661898
498
256935070
493
63528762
436
219559248
513
133029720
498
257638440
473
193606652
513
231670446
513
116918850
513
46187883
463
241042192
517
178248768
436
248714176
466
223590094
498
254145078
517
162846013
498
258113930
513
106977954
434
250063820
463
230928710
517
135029258
498
253421078
513
115801363
498
259240050
513
126957772
527
97657296
513
84972597
463
211906135
527
160093214
498
258940950
527
157363214
802
13822010
513
155239999
498
251416886
517
162428979
434
250063820
498
260758456
513
6195117
498
261598966
527
41857175
434
240545328
515
224106280
513
165858330
515
185047850
498
256294074
498
239790834
979
4986958
517
141663809
515
190455245
527
109374931
527
44570229
466
227163958
515
224054825
527
107838404
463
27250482
498
258650556
513
45947883
517
165878598
515
206051065
513
147745077
434
250715952
527
156535214
517
129593673
515
225189280
463
214594839
515
229338190
527
43759175
434
249240876
527
103730350
473
193097652
434
245939140
434
245061706
498
260397978
515
214868945
498
244376854
515
211597005
466
224724492
517
161583945
513
237827290
517
74258612
513
117050850
513
147745077
513
116061363
498
251908396
498
243584850
466
218784696
463
231247173
498
261732468
498
257864568
513
81730136
473
184564287
517
67980578
434
245307140
498
257963062
498
264829512
466
225411492
515
187650790
513
174814713
513
18840552
595
125313915
517
179360768
513
166266330
498
260091970
513
100357467
473
185096287
515
211597005
466
223958560
513
30170987
513
5221117
498
258526062
513
39614448
463
231247173
515
196432670
498
260960982
498
257864568
527
117549093
979
8965958
498
261375970
527
108607931
513
101935467
498
258142050
515
204871065
434
244950970
498
257484926
517
171250149
498
263772018
517
131942741
434
249069310
498
258142050
434
250946518
515
227633735
513
238631238
513
156707973
498
260485046
513
171419739
527
155066214
513
135164694
473
190273706
515
222181855
527
37257121
498
243197850
515
224439310
466
227163958
517
74258612
515
190455245
517
126601639
515
208398035
498
255003576
515
201200610
498
255581576
513
147745077
498
265198528
498
258741054
434
241325498
802
11860010
513
93865545
498
265198528
513
146232077
434
242064800
517
75186612
513
148369077
979
2992958
498
256650436
513
25502500
436
248932612
498
254163408
730
39085410
527
98452296
513
46139883
