245151313
235924767
319735756
91126870
345424303
509487498
319735756
344206695
382922200
344206695
235924767
181438806
270416948
181438806
529392002
264069513
125534995
270416948
238238945
235924767
377455951
264069513
340505665
214584272
404646155
263128661
382922200
415690324
245151313
252822365
277663896
211267015
319735756
321630474
323975987
367323008
250699131
332853244
320221797
321630474
332853244
332853244
394772672
181438806
388020865
353247972
323028840
278228733
392051796
738471640
264069513
466628093
394772672
455616527
208241657
445285053
408442693
304335367
396956443
472132664
286409930
388020865
447337114
376598720
235924767
289936529
309606023
286551648
405634952
255561749
593177922
234906684
270416948
445285053
340722414
585380021
400643074
537745650
690272183
900241094
822016979
361796353
301461003
235924767
400643074
360906426
340991017
1000000000
519124279
201929302
250699131
612075496
281557663
563745486
656675848
379527908
233649870
250183132
447337114
319735756
354687775
367504195
245151313
346006782
503200595
325424780
282376759
284554388
338652983
517822755
441552590
319186320
208241657
335448438
250183132
749761765
201929302
324472194
443500376
415690324
267455452
235924767
361796353
311127983
181293258
648361220
494792733
405634952
447337114
399417225
364580471
284935499
332303899
382922200
326844027
340950012
286551648
235924767
340655192
255119108
282376759
895618309
204971266
515763813
330846895
376598720
322157557
447337114
321189390
330846895
348192556
443500376
340722414
674643636
581210904
346301649
361796353
689964477
713016347
340991017
373974134
375708290
213148210
388914585
267861569
700582367
1000000000
388020865
335448438
397138867
801312242
568691592
283789196
236560739
319421503
321189390
467380931
254168043
538146727
244781515
598672057
286409930
1000000000
415690324
721668424
260514024
289936529
338218305
286409930
267861569
309606023
425017895
233649870
443602464
216869045
530555267
748056960
428310691
477146366
376598720
385956162
338218305
443602464
181293258
301461003
379096717
628142687
235924767
503200595
336792131
210899614
410780480
635526567
335448438
350707749
366460771
181438806
893688357
428310691
467387853
364580471
615962881
354648602
241307721
639321901
348192556
821898241
301461003
509016595
354586624
604059713
381485762
510430494
379527908
461192288
321630474
382922200
312424119
379096717
510979966
364580471
441552590
441726666
337596998
751010039
486229084
286551648
582506149
181293258
941408404
345424303
571897011
674664614
634752875
376598720
310399115
448244281
501018373
667856516
373974134
345781494
326844027
181438806
379527908
229462011
909216685
681374723
319735756
299787268
234906684
312424119
236102127
405634952
304908532
304908532
728698717
504387620
509016595
325424780
421704436
376598720
327707605
559030946
277663896
326844027
246389535
364106358
408442693
285559091
465685624
255561749
395637349
405634952
228601211
274843001
528796304
674643636
388923418
353083041
384603348
345424303
598528665
351989390
181438806
345781494
350707749
381761453
368542292
404966114
319735756
316603903
304908532
326844027
327707605
319965039
312893514
340505665
428310691
1000000000
284095668
401875780
353083041
395637349
275141248
373640189
398988115
312893514
323975987
250183132
817344636
388020865
289936529
270072909
364960527
766152479
800892285
323975987
317077904
316182769
153626547
400008066
529813046
607246187
1000000000
335448438
483836452
296883395
498040904
410780480
397129491
435570865
298197523
337596998
625117955
323028840
469008276
300602015
964272962
295534993
195115298
584105911
470092857
285559091
544635024
428310691
321630474
426898684
394772672
1000000000
677338072
348192556
521394270
376598720
141633502
387781831
360906426
297797543
182665867
337756717
250183132
348192556
509807072
233649870
408820271
597750780
558388757
320221797
235924767
345424303
533567951
447337114
385118560
477187809
334821944
237674278
1000000000
283789196
354686095
743264383
316182769
680001781
666668235
335448438
275141248
461192288
492880825
246389535
286409930
499791601
556748937
241307721
365482468
208914384
245151313
466566286
443500376
286409930
1000000000
382922200
275141248
337596998
382528752
235924767
705624809
445621497
469440059
445285053
252666683
342119846
499791601
1000000000
256954972
594723523
680273864
295534993
306623183
326844027
432391575
655615931
364580471
503572798
888327855
348192556
351989390
316182769
284935499
284935499
353083041
458604936
422119548
478039674
944307026
542298561
469546255
181438806
323975987
447877581
1000000000
466503429
654243816
500796404
350707749
254168043
266155475
470534071
1000000000
421922007
357357134
348140710
323975987
1000000000
376598720
286551648
398988115
222589101
1000000000
424757194
311127983
210899614
660012989
367178815
509358524
738471640
408935364
460882839
343670279
920862218
321630474
237674278
328922704
676681814
399026837
364580471
538216238
853188840
235924767
286551648
1000000000
738493700
371666448
639540930
788311205
501531695
364580471
296883395
496146091
630631050
1000000000
900317717
338218305
468587104
617431550
392051796
250183132
1000000000
351989390
335448438
789785151
335448438
617226907
364580471
682899283
321630474
443345835
383709348
1000000000
1000000000
322157557
441971306
443988758
379690217
585380021
485848391
696144039
296883395
538216238
1000000000
487747366
337596998
353083041
283789196
1000000000
255561749
196826867
275141248
627218749
286551648
270416948
453769746
348192556
337123747
351989390
771085429
264069513
382922200
309745860
1000000000
586325836
482486929
181438806
768216647
578170059
210899614
603816948
311127983
465241178
559030946
443321267
354586624
493893174
490696029
153626547
631856540
820873733
422731200
437220754
421704436
483866677
471276841
621005779
1000000000
644945003
321189390
262030008
1000000000
294504564
323975987
1000000000
821593601
392051796
461192288
403806364
267861569
525465669
525463331
608654290
738471640
447337114
588608857
346032480
285232128
543932282
426996118
898540238
417611129
334596922
381709471
237674278
1000000000
485926931
182665867
870918137
465685624
267861569
562102994
1000000000
337596998
228513201
514954909
450728524
352591634
421670046
346589122
357357134
682481272
355033409
561988930
447701819
437197581
671504708
571629079
483168219
566619662
345424303
153626547
425017895
392745326
349064309
903798745
340950012
286360308
383709348
408935364
899022760
492375674
445588002
927857543
374859502
888327855
286551648
869705244
792008513
367504195
332303899
655335401
1000000000
738471640
617003935
458604936
655615931
488750800
304908532
584664023
930837631
483836452
346301649
250183132
458604936
275141248
334015400
397129491
461192288
738987176
760054826
394819709
466566286
285559091
286551648
543932282
400008066
581102118
458604936
235924767
368542292
337596998
363858472
228601211
279740524
275141248
181293258
234906684
259842238
567711994
235924767
420018349
976697271
1000000000
170917488
384603348
529813046
466161221
278682577
330016929
832515403
880227640
1000000000
646506133
283900764
642294323
267861569
297797543
323028840
443988758
564461582
449281233
1000000000
806057215
816593332
420612345
337596998
335643826
330016929
527872510
887409827
716937967
472357560
353083041
787705321
286551648
313119032
408442693
466503429
441552590
316603903
953896785
392051796
339478087
439535631
323975987
345781494
181293258
267861569
771781433
475083283
623093174
745584333
469183623
443692707
590588482
651694391
441483980
385956162
339478087
1000000000
447337114
799162143
570582730
395637349
483084016
455515177
483866677
795774124
921937210
1000000000
593177922
286409930
760498958
544545502
253252193
323028840
597501456
631523162
680001781
1000000000
394931686
206006181
266155475
777426094
345424303
208241657
259179733
319735756
565138382
414199757
364580471
392515638
267455452
665461154
303156916
365482468
271455467
1000000000
376598720
533802449
899022760
386044283
443500376
1000000000
381709471
381485762
952004727
700582367
429523027
323709100
266155475
1000000000
588608857
509951058
768673668
313119032
981322831
899623958
353083041
351989390
929382542
423059196
354687775
282504531
1000000000
551520304
468558114
322157557
766706076
253773503
367323008
211267015
394931686
1000000000
252666683
599390766
609818496
250183132
465685624
955169093
367504195
382922200
868047217
684443502
337596998
537745650
381191772
623093174
361796353
396956443
445285053
339478087
267861569
282376759
289936529
473557425
230518624
509487498
354648602
409424396
567711994
298970020
273045306
384603348
346301649
502579087
125534995
699997979
1000000000
627732854
306623183
389773917
273045306
1000000000
447337114
725659744
375753625
929382542
278682577
745573094
650033194
392882023
655335401
1000000000
626780714
942422075
337123747
427524075
695963342
1000000000
286551648
278682577
1000000000
204971266
1000000000
251395849
696144039
386300700
505088980
274977500
696878120
327707605
586685909
295534993
679214369
252666683
349749328
631523162
407662455
902115280
814537087
208241657
302336426
521687038
231767831
411311502
816593332
339478087
450728524
515422097
1000000000
410780480
282376759
208241657
229678819
402461192
327707605
376598720
346006782
853523936
936469999
522747247
586685909
409368171
719400557
394891747
468525505
386044283
863548001
862226517
474578509
650307627
816557356
252666683
635273598
282376759
759762661
394931686
285232128
414199757
160598188
485848391
214584272
895618309
688268745
340722414
384761279
394772672
703765118
348192556
509016595
303161567
214584272
387781831
392051796
364580471
267861569
483866677
832760042
793535996
700582367
1000000000
445285053
1000000000
367504195
1000000000
568736762
405063706
322157557
759592691
447337114
410783856
420870708
867553531
640889513
414955288
250183132
1000000000
348192556
639936157
548321132
250183132
235924767
776993751
285833258
554029152
367178815
236928325
426898684
604939144
589040567
222504165
584405228
783297777
267455452
153626547
743517657
789681358
569762217
313119032
217802725
782407938
421922007
350707749
252598893
208241657
214584272
463366967
229462011
590957891
387781831
369689183
467339108
242319514
428148025
441503209
399026837
919077133
496146091
655335401
588583545
1000000000
323975987
252822365
377455951
1000000000
540590260
337596998
394632928
514954909
282376759
379096717
400643074
628142687
361796353
663494232
397138867
748951299
1000000000
236560739
394931686
364580471
303161567
346489803
577652843
241307721
1000000000
350707749
861158151
939538941
630389099
415211361
461192288
558792289
421670046
522747247
515422097
298197523
338218305
308217837
320345668
351858706
351837501
660630947
477187809
849830215
353553194
630829140
409424396
264069513
633125619
1000000000
771876494
644726616
320221797
471276841
468312307
160598188
609653777
468558114
417312220
760615953
615124903
371716043
277663896
615124903
404640863
303161567
943184825
369883390
771418136
282376759
1000000000
676651433
554981195
897970863
1000000000
346032480
650713410
982164314
468558114
693269219
267861569
355633256
494792733
304908532
419160055
337756717
449281233
278682577
351989390
353799601
244930034
418181877
433072810
196826867
719400557
889130393
406921800
336792131
432391575
649099379
346192582
1000000000
1000000000
493893174
1000000000
327707605
320242024
477451434
228513201
361796353
633872598
335448438
1000000000
1000000000
1000000000
451705128
323028840
861158151
153626547
453595324
701947116
457380452
320221797
604472299
383712899
630631050
448728619
328922704
308217837
1000000000
384761279
1000000000
810292534
529813046
319735756
619699544
724152672
468558114
372425377
889602721
392051796
376598720
346032480
364580471
494792733
705716033
669995397
725131309
898893944
599510921
374118786
463615721
482452636
970832793
353083041
564461582
689413923
483114572
377455951
625117955
613092624
428684582
702401079
235924767
876821778
570239378
816320498
610003633
323867834
711962595
627635371
566046498
445285053
771452525
465685624
455515177
364580471
903477034
345424303
598460859
335448438
323028840
382922200
348192556
760498958
792862780
214584272
362387562
676664179
824596641
286409930
451898152
639858560
335360048
816557356
259624566
338218305
254168043
553706652
415132534
251395849
906986555
387592198
903477034
285559091
394819709
392255983
275141248
384603348
339802586
399026837
335448438
499791601
1000000000
323975987
343591071
1000000000
680001781
330087345
627162296
208444420
286551648
1000000000
568691592
447337114
367178815
1000000000
320221797
365482468
414199757
387781831
327076527
320221797
287124980
588583545
345424303
336792131
560120749
467553171
706350375
421670046
252666683
421031218
544239845
463615721
286551648
285559091
748409459
1000000000
1000000000
297797543
627162296
1000000000
309606023
1000000000
338218305
685920324
353083041
515067909
214584272
487131787
350707749
1000000000
435570865
667868048
734371127
1000000000
323975987
414227417
706350375
274977500
288631205
443500376
392051796
814537087
697086967
237674278
1000000000
537866720
1000000000
620097774
503572798
278682577
371716043
366460771
251395849
419717534
448244281
278682577
415211361
286551648
667177396
467553171
286551648
483836452
435497632
703915158
334015400
473693513
231615875
561127946
252598893
231767831
410780480
1000000000
319735756
1000000000
340578864
461192288
505459170
470747683
427524075
1000000000
290797536
873720190
427870954
208241657
1000000000
448728619
427736216
484468114
520361366
920880711
309606023
667177396
1000000000
244496795
478039674
384603348
320345668
509016595
893807529
897459486
319186320
505088980
316182769
1000000000
536885428
303156916
474578509
313119032
418584588
310399115
571629079
423948367
337123747
488750800
609372145
1000000000
384603348
321189390
353799601
326844027
216869045
509951058
270416948
409415392
336792131
286409930
751010039
354686095
350789535
640889513
294504564
833331029
1000000000
914129475
216869045
466503429
361796353
534193569
1000000000
252666683
321189390
927692938
879479379
181293258
494608157
241307721
300602015
181438806
585023106
621193262
630389099
259485655
244496795
742263125
392255983
473070576
1000000000
553706652
250183132
741154148
320242024
737332673
1000000000
281191174
253252193
773349651
584405228
487747366
437910926
399417225
473603233
476241687
1000000000
413996393
443321267
286551648
878911035
330846895
893807529
379527908
1000000000
289888604
956804996
468723221
1000000000
392745326
509016595
518443264
277663896
1000000000
267392192
708825602
1000000000
449909830
441552590
597501456
919172580
632962712
926941513
444793897
411096974
1000000000
1000000000
1000000000
754747271
330016929
467387853
319735756
1000000000
304335367
390796679
357357134
447337114
388923418
1000000000
394931686
373974134
1000000000
160868780
483084016
330846895
1000000000
302336426
434513398
337596998
595081389
635137175
384761279
382509697
568736762
587727190
1000000000
897220620
354687775
627635371
316182769
625117955
1000000000
624349893
483114572
252598893
187334075
328922704
250183132
385956162
380204760
570239378
986804519
392515638
365482468
368499860
303161567
385956162
509743478
204971266
588583545
832515403
443367517
208914384
384603348
377455951
410780480
404640863
394819709
597501456
505459170
622320316
259149812
576702239
231767831
316579693
376598720
455515177
264069513
382922200
505088980
258517965
388923418
323028840
490696029
346032480
312553480
371260128
187334075
711007627
512584365
252598893
640468793
323975987
407662455
568131803
282376759
335360048
380937729
678470575
284554388
252666683
364580471
752425430
167197245
655615931
648921515
713603755
512486404
451317685
336792131
316579693
376598720
482486929
415211361
337596998
394891747
810228703
330846895
627836010
394819709
466161221
419717534
327076527
443692707
259485655
285559091
617003935
297797543
351989390
537745650
321189390
288631205
558259218
273044577
534806196
368499860
668877113
504387620
759592691
335643826
465041481
548321132
469440059
441971306
376598720
369893159
170917488
250183132
267392192
575850791
286409930
477187809
297797543
447337114
503200595
738471640
413996393
335448438
286409930
182665867
289888604
447337114
320221797
382922200
548115531
382509697
575850791
353799601
264069513
447337114
298197523
503863512
694856375
522747247
303156916
801743692
934504776
568131803
860728655
250183132
466363011
372014872
443500376
403806364
465241178
323975987
258517965
337596998
435652157
803212729
236560739
346006782
252666683
327707605
525465669
304908532
319421503
509807072
335448438
253252193
414227417
404962694
468587104
569762217
382922200
509951058
377455951
335448438
208241657
369883390
382528752
253252193
319735756
403044764
673414683
448728619
435205929
250183132
680075614
250183132
333276774
603977313
463366967
680001781
705716033
251395849
483836452
210899614
559030946
864556984
743425134
251395849
236560739
316182769
397138867
622320316
356526214
434513398
715546059
595081389
952759294
353553194
611305533
335448438
278682577
432199306
516185376
387781831
211267015
281557663
838732338
323975987
752425430
792008513
330016929
369883390
852512632
375708290
448244281
624349893
340505665
458604936
274977500
585380021
421031218
906026063
768278982
468723221
321189390
384603348
415211361
392745326
515211257
838732338
388923418
282504531
286551648
463619743
326844027
287124980
384482644
353553194
466503429
351837501
402787982
323709100
908758154
339802586
278682577
517586231
681143991
296883395
300602015
429523027
350707749
323975987
737332673
425017895
308217837
411705066
655324260
696926449
327420860
286551648
561988930
512486404
153626547
282376759
426898684
346301649
598202453
932336236
361796353
448728619
304908532
405634952
448244281
399026837
615962881
319421503
346032480
451705128
449281233
324472194
873746605
286409930
420018349
379096717
931502818
382922200
730463043
467380931
572330336
712800019
741154148
654156364
250183132
899022760
336919720
910530413
330016929
251395849
292238752
330016929
601394408
283789196
284095668
376598720
369159669
640654861
286551648
443500376
259179733
118253852
592314414
351989390
337123747
458604936
282376759
337596998
181293258
319735756
435497632
350707749
932448439
600212421
187334075
337596998
236635640
386044283
371716043
327707605
324472194
457380452
336792131
311127983
456993545
561988930
286551648
564461582
364580471
354586624
267861569
237674278
263128661
381191772
667658745
231767831
335448438
340655192
447337114
284095668
335360048
350707749
371260128
525431496
289888604
411311502
339478087
327707605
455561230
381191772
712800019
795774124
465041481
267963344
295534993
241307721
514954909
308217837
284095668
494792733
481482264
182665867
521394270
485848391
890744364
153626547
385956162
354686095
336919720
267963344
277663896
228513201
710848771
705716033
390796679
394819709
320221797
631888666
106401610
324472194
406575579
712437440
348192556
655335401
201929302
286409930
395637349
444793897
526424773
286360308
244781515
283789196
604472299
461192288
153626547
649099379
263187702
319735756
314891746
455561230
728698717
794690186
235924767
350707749
210899614
286409930
465685624
448244281
414199757
321189390
488750800
383262562
250183132
453769746
270395367
484468114
353553194
422731200
483836452
253773503
319421503
320221797
520361366
431912232
503572798
235924767
311127983
323028840
384603348
284935499
376598720
250183132
811033242
703173145
374249243
250183132
426389830
275141248
251395849
631523162
493893174
346032480
844876076
348192556
201929302
286409930
909216685
771418136
515211257
338218305
214584272
330846895
353247972
756774634
285833258
448244281
653084175
680001781
625316099
253252193
462584435
285559091
551394203
522747247
455515177
544583509
319735756
399417225
565138382
216869045
515211257
253252193
376598720
369159669
607246187
443321267
631856540
366699212
509016595
354687775
204971266
561127946
379527908
323975987
562102994
556748937
373640189
335448438
650307627
604939144
337123747
327420860
425017895
675137697
582506149
358627842
380204760
326844027
386044283
295534993
348192556
264069513
303161567
204971266
402061459
371666448
335360048
673414683
245744675
473693513
268476072
309099887
528678116
204971266
384603348
324472194
443988758
353083041
752425430
381687524
286551648
532812605
535296206
725815393
356526214
488750800
897220620
617003935
435652157
487131787
259149812
448728619
441552590
259624566
181438806
624349893
411096974
768216647
751010039
676664179
237674278
328922704
238238945
677338072
364580471
421922007
421670046
533802449
708309121
298970020
676681814
604059713
320221797
329190927
153626547
441483980
323028840
267392192
361796353
267392192
745584333
351837501
259149812
953062371
353083041
250183132
306623183
285833258
321189390
627836010
423112625
997023895
246389535
499791601
286409930
443500376
235924767
456993545
421704436
435652157
437220754
655335401
264069513
281557663
391030555
237674278
329190927
792008513
450816224
365482468
182665867
681967222
286409930
286551648
469546255
447337114
278228733
577652843
415774477
286551648
364580471
494792733
282376759
367504195
251987900
637021312
447877581
386546080
153626547
327707605
483265509
323028840
376598720
326844027
286409930
453769746
284095668
445285053
768673668
364580471
509358524
747584600
463386743
743264383
472755380
443500376
371666448
301461003
242319514
373640189
668888701
367403362
346489803
392255983
250183132
321189390
488750800
271455467
275141248
601750039
125534995
286551648
281557663
500596886
343591071
286409930
696144039
644726616
295534993
263128661
346301649
376598720
449698952
453769746
475083283
335448438
353553194
918205658
630829140
487131787
558792289
605327921
340216129
874275694
641397974
422361259
702813959
660834514
484468114
214584272
326844027
250183132
337596998
267455452
351989390
286409930
236635640
368542292
463366967
335448438
281557663
450728524
642294323
633872598
548321132
392255983
201929302
337596998
264069513
654025221
373773295
273372727
417312220
385807214
234906684
284095668
382509697
737165819
488750800
264069513
351858706
267861569
394632928
236560739
241307721
521687038
340578864
364580471
286551648
392882023
957489918
353083041
603977313
466503429
334596922
204971266
603816948
577837970
353799601
544583509
388020865
292238752
509444919
790029888
323028840
420018349
334596922
480994141
405063706
799690865
377455951
267455452
392882023
813355666
461192288
383905302
604939144
234906684
681695225
181293258
627836010
250183132
235924767
333762793
351989390
681695225
388923418
469440059
364580471
282376759
443500376
384603348
577652843
380937729
349749328
353083041
445198970
698261390
704915336
420018349
281557663
182665867
323028840
377455951
509016595
285232128
323975987
311127983
351989390
504188128
340722414
368542292
335448438
327420860
544239845
354686095
453595324
204971266
509358524
621193262
345424303
187334075
309745860
609653777
771781433
339478087
354687775
642294323
303695338
382922200
398988115
338652983
118215763
296883395
235924767
642941776
330016929
405634952
782882068
445588002
518922389
477146366
246389535
300602015
289936529
316884052
358627842
725659744
264069513
337123747
373640189
441552590
286551648
570239378
414227417
335448438
296883395
301461003
339478087
338218305
334821944
392745326
353553194
392515638
668877113
286409930
360698850
350789535
396736405
250183132
339478087
635273598
483084016
441503209
486034789
336792131
306623183
712231854
525301444
256954972
362474635
677829072
486675937
568182931
403806364
530555267
345424303
267861569
301461003
665461154
787705321
335448438
371260128
324472194
632962712
371716043
445285053
463619743
620097774
314891746
228601211
439215572
369893159
751564359
497388513
525472261
740551819
400643074
353247972
872231282
304908532
392515638
241307721
469546255
403806364
529316551
350707749
388914585
278682577
779218869
259179733
383709348
443367517
325424780
313119032
710848771
264069513
427524075
499791601
533567951
316182769
346301649
401875780
463366967
588149263
160598188
496146091
696926449
432199306
754747271
985222062
600319156
447701819
335448438
804048276
619699544
485848391
382922200
304908532
350707749
214584272
433142626
267455452
319186320
286551648
369689183
483265509
243902416
375178303
382922200
639321901
235924767
590588482
458604936
477187809
548321132
364106358
588608857
598460859
301461003
321630474
443692707
361796353
348192556
286551648
473557425
796139950
720830141
380204760
382528752
865190575
522747247
409566725
767639630
501808928
354648602
833331029
783297777
320221797
402061459
382922200
282376759
424757194
239341904
337123747
236560739
542298561
817344636
787705321
919172580
276672534
726878340
796139950
176453081
521687038
379096717
327420860
316182769
654025221
530555267
458604936
477146366
518922389
286409930
537745650
340204012
153626547
394931686
334596922
319735756
511914852
368499860
286551648
228513201
241307721
799087900
222504165
509358524
740454574
779031414
208241657
323975987
236928325
581624081
650307627
436286490
545394809
283789196
638718473
282376759
668877113
435652157
91352076
369883390
364580471
399757162
408935364
631856540
414199757
245744675
477146366
281191174
654243816
346301649
275141248
394931686
487131787
437220754
248849290
379096717
475083283
615124903
389670985
382922200
409094377
733380056
452662358
432391575
598202453
340578864
432391575
366136366
514954909
886939373
340578864
608654290
424757194
382509697
304335367
353632987
635526567
348192556
447337114
368542292
477349690
264069513
468525505
181438806
588583545
263128661
285833258
893673944
699817564
552482048
241307721
340204012
554029152
277663896
695702860
501808928
621193262
392051796
445285053
245151313
551520304
267963344
673138604
237674278
342471499
603977313
470092857
453769746
335448438
515067909
241307721
660039736
253773503
252666683
595190384
484468114
581624081
392882023
353799601
323028840
337123747
533567951
545394809
538146727
379941678
597501456
304908532
364106358
615124903
445285053
373640189
453019052
298197523
271455467
337596998
609296667
816593332
252666683
483168219
696116787
369159669
420870708
251395849
478039674
468534164
473603233
382922200
700451631
337596998
468587104
289936529
323709100
386044283
585023106
330016929
323709100
460815971
325827716
286551648
435205929
490696029
335448438
357357134
348192556
286551648
382922200
255913953
255561749
346589122
275141248
842840547
365482468
319965039
235924767
593177922
81880470
264069513
344206695
414199757
284935499
634752875
510029502
665892671
327707605
907811470
543932282
314891746
715546059
259624566
499791601
275141248
413530367
252822365
467387853
181438806
443321267
694856375
288631205
473693513
374859502
235924767
182665867
303156916
385956162
422119548
392051796
355033409
278682577
384761279
242319514
471276841
290797536
637021312
503200595
409566725
310399115
417611129
456620453
445285053
470747683
322157557
211267015
326844027
427870954
799453741
392051796
411311502
323028840
216869045
376598720
351989390
456993545
381485762
234906684
237674278
455561230
337123747
887409827
397129491
267861569
411705066
193721082
381485762
294210763
568736762
381687524
286409930
499791601
570582730
182665867
325424780
619699544
515067909
964322522
809925910
462584435
237674278
181438806
327076527
409566725
340578864
403806364
153626547
776993751
447337114
595190384
335643826
366136366
237441258
544635024
335448438
603977313
170917488
323975987
365482468
451705128
461192288
418181877
236560739
720222897
529813046
386300700
250183132
696878120
403806364
382922200
456620453
488750800
847333329
303156916
447877581
467387853
410780480
505870576
383905302
354648602
281557663
744307469
263128661
534193569
231767831
216869045
320242024
546760551
255561749
375708290
297413729
395637349
366460771
520361366
155297063
905028927
334821944
413996393
320242024
461192288
258517965
523603127
477451434
235924767
509358524
922936511
716937967
464848223
488750800
282376759
584664023
893688357
231767831
264069513
617003935
779031414
483114572
387781831
250183132
537866720
637021312
352591634
422361259
585023106
395637349
353553194
358627842
445539270
411311502
380204760
485341986
191374017
285559091
334506334
604939144
365482468
634752875
505459170
320221797
376598720
388020865
346301649
275141248
766152479
448728619
251395849
711962595
467387853
402534031
880621889
337596998
298572583
298197523
330994564
675718242
327647694
695702860
282376759
263187702
488030848
408442693
640889513
291089048
550690641
327647694
267963344
388020865
695337003
335448438
266014380
421922007
334015400
501673285
354686095
403806364
525463331
521866993
540590260
335643826
373974134
530555267
409566725
578170059
467387853
382922200
387781831
353247972
310399115
480994141
392255983
214584272
403806364
497388513
509807072
402461192
326844027
514618974
435570865
509016595
300602015
243902416
551520304
250183132
470092857
445285053
467380931
639170431
327707605
375708290
461192288
337596998
841489277
354648602
373974134
418584588
348192556
860728655
285232128
235924767
354687775
399417225
740704026
334015400
379941678
396736405
330016929
316182769
326844027
625117955
229462011
335448438
282376759
705624809
306623183
350707749
345424303
214584272
237674278
577652843
285833258
335448438
631856540
592746723
153626547
419160055
304908532
267455452
503200595
522987392
609955677
300602015
312588988
989708030
460815971
503200595
710837132
403044764
702401079
267861569
591710886
617003935
538216238
335448438
487131787
339478087
824596641
351989390
414199757
335448438
521349187
507862388
335643826
682481272
304335367
909768989
459738495
350707749
354648602
468492468
337123747
422119548
337596998
668888701
387781831
253773503
248180332
153626547
375753625
376598720
478039674
421922007
340505665
182665867
286409930
267392192
259842238
455515177
337596998
337596998
252822365
282504531
435497632
300602015
285559091
320221797
587727190
828072470
395637349
364580471
843333966
667163022
478039674
173223265
