413
246
952
1048
290
1035
364
457
107
202
97
127
320
3
1
4
2
2
3
99
1
50
0
0
2
5
1
2
0
1
104
1
47
1
0
0
0
2
0
136
2
0
0
0
0
2
1
1
14
3
0
0
2
0
2
3
4
1
0
2
0
11
16
6
0
0
15
0
2
0
0
1
0
0
0
2
4
2
0
0
1
8
0
3
0
2
0
0
0
2
0
13
4
0
1
3
4
7
0
2
0
2
3
5
1
8
6
3
1
0
0
1
3
0
4
0
0
2
0
0
4
0
0
1
1
2
1
11
0
0
1
0
0
3
4
2
2
2
0
10
1
0
0
0
4
2
0
5
0
0
3
2
0
3
0
2
9
3
0
2
5
7
2
0
1
1
1
2
2
1
3
1
1
0
0
0
2
4
0
1
0
2
0
0
3
3
3
3
0
4
0
0
2
3
0
0
0
4
2
2
4
4
1
5
0
2
1
0
1
3
0
2
0
5
6
3
1
5
3
0
0
0
0
11
3
4
7
0
0
2
1
0
1
1
2
1
0
2
0
4
3
1
6
0
0
3
1
6
1
1
8
2
3
9
0
2
3
0
4
4
0
0
4
0
1
1
1
1
2
2
1
0
2
6
4
0
1
0
0
3
0
3
0
0
1
1
4
4
0
1
0
1
0
0
1
0
1
1
4
3
0
3
0
1
3
0
1
3
1
1
0
2
3
2
1
0
1
3
1
0
1
6
5
6
1
4
2
2
2
0
0
0
1
0
2
2
7
8
0
2
2
1
0
1
5
0
1
5
3
0
0
0
6
3
4
11
0
4
8
0
0
13
0
1
5
2
0
3
1
3
0
3
0
0
0
6
3
0
2
3
4
0
0
13
2
1
1
0
4
0
1
3
0
10
9
0
0
3
5
3
0
8
8
14
7
15
6
4
0
0
0
3
12
3
0
3
0
0
0
0
1
0
0
1
0
1
0
4
2
2
0
12
0
2
3
3
0
0
2
2
2
6
1
2
3
5
0
2
5
10
1
3
10
0
2
0
0
1
0
1
7
6
1
0
6
0
0
4
1
1
0
1
7
4
5
1
1
1
1
3
0
3
0
0
2
3
1
1
2
0
2
0
0
0
2
3
4
1
3
0
4
4
0
2
0
3
0
1
5
3
0
0
0
1
0
0
1
1
0
0
0
1
0
2
0
4
0
1
3
0
1
1
2
2
2
9
11
1
3
2
2
2
1
0
5
0
0
7
2
4
0
3
4
1
1
2
1
3
11
4
1
1
0
0
0
1
3
7
0
3
0
2
0
0
2
0
5
1
1
4
6
2
2
1
0
5
3
1
1
4
6
7
4
3
6
0
11
3
1
14
3
0
4
1
0
0
0
1
0
2
2
1
4
4
1
3
0
4
0
0
4
1
3
4
0
3
0
0
5
1
5
8
2
0
1
2
8
7
3
0
0
1
1
0
1
0
0
1
2
0
2
3
0
3
0
2
2
0
0
0
2
1
6
2
13
7
5
0
0
5
4
3
3
0
2
0
1
0
3
0
0
4
4
0
4
2
6
4
3
3
0
0
1
0
0
2
0
0
0
4
4
2
0
1
0
5
0
5
0
0
0
2
4
5
0
0
0
1
1
2
0
2
5
5
1
4
4
0
1
5
4
4
1
0
1
1
2
2
1
3
2
3
0
0
0
0
0
0
1
1
1
0
0
0
0
0
0
3
1
0
1
2
2
1
0
4
1
0
3
0
1
0
0
3
0
2
4
0
0
2
2
2
2
2
0
2
0
0
2
0
6
10
2
0
0
0
4
0
5
0
0
1
3
5
5
0
0
0
0
0
0
0
3
6
5
0
0
4
4
0
7
3
3
3
4
0
2
0
0
0
0
2
4
4
1
6
3
1
3
3
3
6
2
2
0
1
3
2
0
2
1
0
0
0
0
1
2
4
8
0
0
0
5
1
1
0
0
0
3
2
1
3
2
2
0
0
1
0
1
6
3
0
0
2
3
1
0
0
2
4
1
3
5
1
1
1
4
3
2
2
3
4
3
1
5
0
0
0
10
1
1
3
1
3
1
1
0
4
0
4
7
0
0
3
6
0
3
4
1
13
0
2
2
0
0
0
0
0
0
0
6
4
4
2
0
0
6
1
7
4
7
0
1
3
0
0
0
0
2
1
0
1
0
1
0
0
0
6
5
0
4
4
3
0
2
1
5
2
1
2
0
2
8
5
4
0
1
0
1
2
4
3
1
4
0
4
2
2
10
0
0
2
0
7
0
7
3
1
